Determining if the function _access exists failed with the following output:
Change Dir: /home/projects/MAAG/Magpie/Magpie/vg_corrected/deps/raptor/build/CMakeFiles/CMakeTmp

Run Build Command(s):/usr/bin/make cmTC_4fede/fast && make[1]: Entering directory '/home/projects/MAAG/Magpie/Magpie/vg_corrected/deps/raptor/build/CMakeFiles/CMakeTmp'
/usr/bin/make -f CMakeFiles/cmTC_4fede.dir/build.make CMakeFiles/cmTC_4fede.dir/build
make[2]: Entering directory '/home/projects/MAAG/Magpie/Magpie/vg_corrected/deps/raptor/build/CMakeFiles/CMakeTmp'
Building C object CMakeFiles/cmTC_4fede.dir/CheckFunctionExists.c.o
/usr/bin/gcc   -I /home/projects/MAAG/Magpie/Magpie/vg_corrected/include -DCHECK_FUNCTION_EXISTS=_access   -o CMakeFiles/cmTC_4fede.dir/CheckFunctionExists.c.o   -c /usr/share/cmake-3.16/Modules/CheckFunctionExists.c
Linking C executable cmTC_4fede
/usr/bin/cmake -E cmake_link_script CMakeFiles/cmTC_4fede.dir/link.txt --verbose=1
/usr/bin/gcc -I /home/projects/MAAG/Magpie/Magpie/vg_corrected/include -DCHECK_FUNCTION_EXISTS=_access    -rdynamic CMakeFiles/cmTC_4fede.dir/CheckFunctionExists.c.o  -o cmTC_4fede 
/usr/bin/ld: CMakeFiles/cmTC_4fede.dir/CheckFunctionExists.c.o: in function `main':
CheckFunctionExists.c:(.text+0x14): undefined reference to `_access'
collect2: error: ld returned 1 exit status
make[2]: *** [CMakeFiles/cmTC_4fede.dir/build.make:87: cmTC_4fede] Error 1
make[2]: Leaving directory '/home/projects/MAAG/Magpie/Magpie/vg_corrected/deps/raptor/build/CMakeFiles/CMakeTmp'
make[1]: *** [Makefile:121: cmTC_4fede/fast] Error 2
make[1]: Leaving directory '/home/projects/MAAG/Magpie/Magpie/vg_corrected/deps/raptor/build/CMakeFiles/CMakeTmp'



Determining if the function _snprintf exists failed with the following output:
Change Dir: /home/projects/MAAG/Magpie/Magpie/vg_corrected/deps/raptor/build/CMakeFiles/CMakeTmp

Run Build Command(s):/usr/bin/make cmTC_e0e12/fast && make[1]: Entering directory '/home/projects/MAAG/Magpie/Magpie/vg_corrected/deps/raptor/build/CMakeFiles/CMakeTmp'
/usr/bin/make -f CMakeFiles/cmTC_e0e12.dir/build.make CMakeFiles/cmTC_e0e12.dir/build
make[2]: Entering directory '/home/projects/MAAG/Magpie/Magpie/vg_corrected/deps/raptor/build/CMakeFiles/CMakeTmp'
Building C object CMakeFiles/cmTC_e0e12.dir/CheckFunctionExists.c.o
/usr/bin/gcc   -I /home/projects/MAAG/Magpie/Magpie/vg_corrected/include -DCHECK_FUNCTION_EXISTS=_snprintf   -o CMakeFiles/cmTC_e0e12.dir/CheckFunctionExists.c.o   -c /usr/share/cmake-3.16/Modules/CheckFunctionExists.c
Linking C executable cmTC_e0e12
/usr/bin/cmake -E cmake_link_script CMakeFiles/cmTC_e0e12.dir/link.txt --verbose=1
/usr/bin/gcc -I /home/projects/MAAG/Magpie/Magpie/vg_corrected/include -DCHECK_FUNCTION_EXISTS=_snprintf    -rdynamic CMakeFiles/cmTC_e0e12.dir/CheckFunctionExists.c.o  -o cmTC_e0e12 
/usr/bin/ld: CMakeFiles/cmTC_e0e12.dir/CheckFunctionExists.c.o: in function `main':
CheckFunctionExists.c:(.text+0x14): undefined reference to `_snprintf'
collect2: error: ld returned 1 exit status
make[2]: *** [CMakeFiles/cmTC_e0e12.dir/build.make:87: cmTC_e0e12] Error 1
make[2]: Leaving directory '/home/projects/MAAG/Magpie/Magpie/vg_corrected/deps/raptor/build/CMakeFiles/CMakeTmp'
make[1]: *** [Makefile:121: cmTC_e0e12/fast] Error 2
make[1]: Leaving directory '/home/projects/MAAG/Magpie/Magpie/vg_corrected/deps/raptor/build/CMakeFiles/CMakeTmp'



Determining if the function stricmp exists failed with the following output:
Change Dir: /home/projects/MAAG/Magpie/Magpie/vg_corrected/deps/raptor/build/CMakeFiles/CMakeTmp

Run Build Command(s):/usr/bin/make cmTC_8c368/fast && make[1]: Entering directory '/home/projects/MAAG/Magpie/Magpie/vg_corrected/deps/raptor/build/CMakeFiles/CMakeTmp'
/usr/bin/make -f CMakeFiles/cmTC_8c368.dir/build.make CMakeFiles/cmTC_8c368.dir/build
make[2]: Entering directory '/home/projects/MAAG/Magpie/Magpie/vg_corrected/deps/raptor/build/CMakeFiles/CMakeTmp'
Building C object CMakeFiles/cmTC_8c368.dir/CheckFunctionExists.c.o
/usr/bin/gcc   -I /home/projects/MAAG/Magpie/Magpie/vg_corrected/include -DCHECK_FUNCTION_EXISTS=stricmp   -o CMakeFiles/cmTC_8c368.dir/CheckFunctionExists.c.o   -c /usr/share/cmake-3.16/Modules/CheckFunctionExists.c
Linking C executable cmTC_8c368
/usr/bin/cmake -E cmake_link_script CMakeFiles/cmTC_8c368.dir/link.txt --verbose=1
/usr/bin/gcc -I /home/projects/MAAG/Magpie/Magpie/vg_corrected/include -DCHECK_FUNCTION_EXISTS=stricmp    -rdynamic CMakeFiles/cmTC_8c368.dir/CheckFunctionExists.c.o  -o cmTC_8c368 
/usr/bin/ld: CMakeFiles/cmTC_8c368.dir/CheckFunctionExists.c.o: in function `main':
CheckFunctionExists.c:(.text+0x14): undefined reference to `stricmp'
collect2: error: ld returned 1 exit status
make[2]: *** [CMakeFiles/cmTC_8c368.dir/build.make:87: cmTC_8c368] Error 1
make[2]: Leaving directory '/home/projects/MAAG/Magpie/Magpie/vg_corrected/deps/raptor/build/CMakeFiles/CMakeTmp'
make[1]: *** [Makefile:121: cmTC_8c368/fast] Error 2
make[1]: Leaving directory '/home/projects/MAAG/Magpie/Magpie/vg_corrected/deps/raptor/build/CMakeFiles/CMakeTmp'



Determining if the function _stricmp exists failed with the following output:
Change Dir: /home/projects/MAAG/Magpie/Magpie/vg_corrected/deps/raptor/build/CMakeFiles/CMakeTmp

Run Build Command(s):/usr/bin/make cmTC_094ee/fast && make[1]: Entering directory '/home/projects/MAAG/Magpie/Magpie/vg_corrected/deps/raptor/build/CMakeFiles/CMakeTmp'
/usr/bin/make -f CMakeFiles/cmTC_094ee.dir/build.make CMakeFiles/cmTC_094ee.dir/build
make[2]: Entering directory '/home/projects/MAAG/Magpie/Magpie/vg_corrected/deps/raptor/build/CMakeFiles/CMakeTmp'
Building C object CMakeFiles/cmTC_094ee.dir/CheckFunctionExists.c.o
/usr/bin/gcc   -I /home/projects/MAAG/Magpie/Magpie/vg_corrected/include -DCHECK_FUNCTION_EXISTS=_stricmp   -o CMakeFiles/cmTC_094ee.dir/CheckFunctionExists.c.o   -c /usr/share/cmake-3.16/Modules/CheckFunctionExists.c
Linking C executable cmTC_094ee
/usr/bin/cmake -E cmake_link_script CMakeFiles/cmTC_094ee.dir/link.txt --verbose=1
/usr/bin/gcc -I /home/projects/MAAG/Magpie/Magpie/vg_corrected/include -DCHECK_FUNCTION_EXISTS=_stricmp    -rdynamic CMakeFiles/cmTC_094ee.dir/CheckFunctionExists.c.o  -o cmTC_094ee 
/usr/bin/ld: CMakeFiles/cmTC_094ee.dir/CheckFunctionExists.c.o: in function `main':
CheckFunctionExists.c:(.text+0x14): undefined reference to `_stricmp'
collect2: error: ld returned 1 exit status
make[2]: *** [CMakeFiles/cmTC_094ee.dir/build.make:87: cmTC_094ee] Error 1
make[2]: Leaving directory '/home/projects/MAAG/Magpie/Magpie/vg_corrected/deps/raptor/build/CMakeFiles/CMakeTmp'
make[1]: *** [Makefile:121: cmTC_094ee/fast] Error 2
make[1]: Leaving directory '/home/projects/MAAG/Magpie/Magpie/vg_corrected/deps/raptor/build/CMakeFiles/CMakeTmp'



Determining if the function _vsnprintf exists failed with the following output:
Change Dir: /home/projects/MAAG/Magpie/Magpie/vg_corrected/deps/raptor/build/CMakeFiles/CMakeTmp

Run Build Command(s):/usr/bin/make cmTC_6e9a5/fast && make[1]: Entering directory '/home/projects/MAAG/Magpie/Magpie/vg_corrected/deps/raptor/build/CMakeFiles/CMakeTmp'
/usr/bin/make -f CMakeFiles/cmTC_6e9a5.dir/build.make CMakeFiles/cmTC_6e9a5.dir/build
make[2]: Entering directory '/home/projects/MAAG/Magpie/Magpie/vg_corrected/deps/raptor/build/CMakeFiles/CMakeTmp'
Building C object CMakeFiles/cmTC_6e9a5.dir/CheckFunctionExists.c.o
/usr/bin/gcc   -I /home/projects/MAAG/Magpie/Magpie/vg_corrected/include -DCHECK_FUNCTION_EXISTS=_vsnprintf   -o CMakeFiles/cmTC_6e9a5.dir/CheckFunctionExists.c.o   -c /usr/share/cmake-3.16/Modules/CheckFunctionExists.c
Linking C executable cmTC_6e9a5
/usr/bin/cmake -E cmake_link_script CMakeFiles/cmTC_6e9a5.dir/link.txt --verbose=1
/usr/bin/gcc -I /home/projects/MAAG/Magpie/Magpie/vg_corrected/include -DCHECK_FUNCTION_EXISTS=_vsnprintf    -rdynamic CMakeFiles/cmTC_6e9a5.dir/CheckFunctionExists.c.o  -o cmTC_6e9a5 
/usr/bin/ld: CMakeFiles/cmTC_6e9a5.dir/CheckFunctionExists.c.o: in function `main':
CheckFunctionExists.c:(.text+0x14): undefined reference to `_vsnprintf'
collect2: error: ld returned 1 exit status
make[2]: *** [CMakeFiles/cmTC_6e9a5.dir/build.make:87: cmTC_6e9a5] Error 1
make[2]: Leaving directory '/home/projects/MAAG/Magpie/Magpie/vg_corrected/deps/raptor/build/CMakeFiles/CMakeTmp'
make[1]: *** [Makefile:121: cmTC_6e9a5/fast] Error 2
make[1]: Leaving directory '/home/projects/MAAG/Magpie/Magpie/vg_corrected/deps/raptor/build/CMakeFiles/CMakeTmp'



Performing C SOURCE FILE Test RAPTOR_LIBXML_ENTITY_NAME_LENGTH failed with the following output:
Change Dir: /home/projects/MAAG/Magpie/Magpie/vg_corrected/deps/raptor/build/CMakeFiles/CMakeTmp

Run Build Command(s):/usr/bin/make cmTC_0ac6c/fast && make[1]: Entering directory '/home/projects/MAAG/Magpie/Magpie/vg_corrected/deps/raptor/build/CMakeFiles/CMakeTmp'
/usr/bin/make -f CMakeFiles/cmTC_0ac6c.dir/build.make CMakeFiles/cmTC_0ac6c.dir/build
make[2]: Entering directory '/home/projects/MAAG/Magpie/Magpie/vg_corrected/deps/raptor/build/CMakeFiles/CMakeTmp'
Building C object CMakeFiles/cmTC_0ac6c.dir/src.c.o
/usr/bin/gcc  -I/usr/include/libxml2  -I /home/projects/MAAG/Magpie/Magpie/vg_corrected/include -DRAPTOR_LIBXML_ENTITY_NAME_LENGTH   -o CMakeFiles/cmTC_0ac6c.dir/src.c.o   -c /home/projects/MAAG/Magpie/Magpie/vg_corrected/deps/raptor/build/CMakeFiles/CMakeTmp/src.c
/home/projects/MAAG/Magpie/Magpie/vg_corrected/deps/raptor/build/CMakeFiles/CMakeTmp/src.c: In function ‘main’:
/home/projects/MAAG/Magpie/Magpie/vg_corrected/deps/raptor/build/CMakeFiles/CMakeTmp/src.c:6:32: error: ‘xmlEntity’ {aka ‘struct _xmlEntity’} has no member named ‘name_length’
    6 |   (void)sizeof(((xmlEntity *)0)->name_length);
      |                                ^~
make[2]: *** [CMakeFiles/cmTC_0ac6c.dir/build.make:66: CMakeFiles/cmTC_0ac6c.dir/src.c.o] Error 1
make[2]: Leaving directory '/home/projects/MAAG/Magpie/Magpie/vg_corrected/deps/raptor/build/CMakeFiles/CMakeTmp'
make[1]: *** [Makefile:121: cmTC_0ac6c/fast] Error 2
make[1]: Leaving directory '/home/projects/MAAG/Magpie/Magpie/vg_corrected/deps/raptor/build/CMakeFiles/CMakeTmp'


Source file was:

#include <libxml/parser.h>

int main()
{
  (void)sizeof(((xmlEntity *)0)->name_length);
  return 0;
}

