The system is: Linux - 5.4.0-149-generic - x86_64
Compiling the C compiler identification source file "CMakeCCompilerId.c" succeeded.
Compiler: /usr/bin/gcc 
Build flags: -I;/home/projects/MAAG/Magpie/Magpie/vgan_corrected/dep/vg/include;
Id flags:  

The output was:
0


Compilation of the C compiler identification source "CMakeCCompilerId.c" produced "a.out"

The C compiler identification is GNU, found in "/home/projects/MAAG/Magpie/Magpie/vgan_corrected/dep/vg/deps/raptor/build/CMakeFiles/3.16.3/CompilerIdC/a.out"

Determining if the C compiler works passed with the following output:
Change Dir: /home/projects/MAAG/Magpie/Magpie/vgan_corrected/dep/vg/deps/raptor/build/CMakeFiles/CMakeTmp

Run Build Command(s):/usr/bin/make cmTC_0af1a/fast && make[1]: Entering directory '/home/projects/MAAG/Magpie/Magpie/vgan_corrected/dep/vg/deps/raptor/build/CMakeFiles/CMakeTmp'
/usr/bin/make -f CMakeFiles/cmTC_0af1a.dir/build.make CMakeFiles/cmTC_0af1a.dir/build
make[2]: Entering directory '/home/projects/MAAG/Magpie/Magpie/vgan_corrected/dep/vg/deps/raptor/build/CMakeFiles/CMakeTmp'
Building C object CMakeFiles/cmTC_0af1a.dir/testCCompiler.c.o
/usr/bin/gcc   -I /home/projects/MAAG/Magpie/Magpie/vgan_corrected/dep/vg/include    -o CMakeFiles/cmTC_0af1a.dir/testCCompiler.c.o   -c /home/projects/MAAG/Magpie/Magpie/vgan_corrected/dep/vg/deps/raptor/build/CMakeFiles/CMakeTmp/testCCompiler.c
Linking C executable cmTC_0af1a
/usr/bin/cmake -E cmake_link_script CMakeFiles/cmTC_0af1a.dir/link.txt --verbose=1
/usr/bin/gcc -I /home/projects/MAAG/Magpie/Magpie/vgan_corrected/dep/vg/include     -rdynamic CMakeFiles/cmTC_0af1a.dir/testCCompiler.c.o  -o cmTC_0af1a 
make[2]: Leaving directory '/home/projects/MAAG/Magpie/Magpie/vgan_corrected/dep/vg/deps/raptor/build/CMakeFiles/CMakeTmp'
make[1]: Leaving directory '/home/projects/MAAG/Magpie/Magpie/vgan_corrected/dep/vg/deps/raptor/build/CMakeFiles/CMakeTmp'



Detecting C compiler ABI info compiled with the following output:
Change Dir: /home/projects/MAAG/Magpie/Magpie/vgan_corrected/dep/vg/deps/raptor/build/CMakeFiles/CMakeTmp

Run Build Command(s):/usr/bin/make cmTC_ff40e/fast && make[1]: Entering directory '/home/projects/MAAG/Magpie/Magpie/vgan_corrected/dep/vg/deps/raptor/build/CMakeFiles/CMakeTmp'
/usr/bin/make -f CMakeFiles/cmTC_ff40e.dir/build.make CMakeFiles/cmTC_ff40e.dir/build
make[2]: Entering directory '/home/projects/MAAG/Magpie/Magpie/vgan_corrected/dep/vg/deps/raptor/build/CMakeFiles/CMakeTmp'
Building C object CMakeFiles/cmTC_ff40e.dir/CMakeCCompilerABI.c.o
/usr/bin/gcc   -I /home/projects/MAAG/Magpie/Magpie/vgan_corrected/dep/vg/include    -v -o CMakeFiles/cmTC_ff40e.dir/CMakeCCompilerABI.c.o   -c /usr/share/cmake-3.16/Modules/CMakeCCompilerABI.c
Using built-in specs.
COLLECT_GCC=/usr/bin/gcc
OFFLOAD_TARGET_NAMES=nvptx-none:hsa
OFFLOAD_TARGET_DEFAULT=1
Target: x86_64-linux-gnu
Configured with: ../src/configure -v --with-pkgversion='Ubuntu 9.4.0-1ubuntu1~20.04.2' --with-bugurl=file:///usr/share/doc/gcc-9/README.Bugs --enable-languages=c,ada,c++,go,brig,d,fortran,objc,obj-c++,gm2 --prefix=/usr --with-gcc-major-version-only --program-suffix=-9 --program-prefix=x86_64-linux-gnu- --enable-shared --enable-linker-build-id --libexecdir=/usr/lib --without-included-gettext --enable-threads=posix --libdir=/usr/lib --enable-nls --enable-clocale=gnu --enable-libstdcxx-debug --enable-libstdcxx-time=yes --with-default-libstdcxx-abi=new --enable-gnu-unique-object --disable-vtable-verify --enable-plugin --enable-default-pie --with-system-zlib --with-target-system-zlib=auto --enable-objc-gc=auto --enable-multiarch --disable-werror --with-arch-32=i686 --with-abi=m64 --with-multilib-list=m32,m64,mx32 --enable-multilib --with-tune=generic --enable-offload-targets=nvptx-none=/build/gcc-9-9QDOt0/gcc-9-9.4.0/debian/tmp-nvptx/usr,hsa --without-cuda-driver --enable-checking=release --build=x86_64-linux-gnu --host=x86_64-linux-gnu --target=x86_64-linux-gnu
Thread model: posix
gcc version 9.4.0 (Ubuntu 9.4.0-1ubuntu1~20.04.2) 
COLLECT_GCC_OPTIONS='-I' '/home/projects/MAAG/Magpie/Magpie/vgan_corrected/dep/vg/include' '-v' '-o' 'CMakeFiles/cmTC_ff40e.dir/CMakeCCompilerABI.c.o' '-c' '-mtune=generic' '-march=x86-64'
 /usr/lib/gcc/x86_64-linux-gnu/9/cc1 -quiet -v -I /home/projects/MAAG/Magpie/Magpie/vgan_corrected/dep/vg/include -imultiarch x86_64-linux-gnu /usr/share/cmake-3.16/Modules/CMakeCCompilerABI.c -quiet -dumpbase CMakeCCompilerABI.c -mtune=generic -march=x86-64 -auxbase-strip CMakeFiles/cmTC_ff40e.dir/CMakeCCompilerABI.c.o -version -fasynchronous-unwind-tables -fstack-protector-strong -Wformat -Wformat-security -fstack-clash-protection -fcf-protection -o /tmp/cc1XyImH.s
GNU C17 (Ubuntu 9.4.0-1ubuntu1~20.04.2) version 9.4.0 (x86_64-linux-gnu)
	compiled by GNU C version 9.4.0, GMP version 6.2.0, MPFR version 4.0.2, MPC version 1.1.0, isl version isl-0.22.1-GMP

GGC heuristics: --param ggc-min-expand=100 --param ggc-min-heapsize=131072
ignoring nonexistent directory "/usr/local/include/x86_64-linux-gnu"
ignoring nonexistent directory "/usr/lib/gcc/x86_64-linux-gnu/9/include-fixed"
ignoring nonexistent directory "/usr/lib/gcc/x86_64-linux-gnu/9/../../../../x86_64-linux-gnu/include"
#include "..." search starts here:
#include <...> search starts here:
 /home/projects/MAAG/Magpie/Magpie/vgan_corrected/dep/vg/include
 /usr/lib/gcc/x86_64-linux-gnu/9/include
 /usr/local/include
 /usr/include/x86_64-linux-gnu
 /usr/include
End of search list.
GNU C17 (Ubuntu 9.4.0-1ubuntu1~20.04.2) version 9.4.0 (x86_64-linux-gnu)
	compiled by GNU C version 9.4.0, GMP version 6.2.0, MPFR version 4.0.2, MPC version 1.1.0, isl version isl-0.22.1-GMP

GGC heuristics: --param ggc-min-expand=100 --param ggc-min-heapsize=131072
Compiler executable checksum: 01da938ff5dc2163489aa33cb3b747a7
COLLECT_GCC_OPTIONS='-I' '/home/projects/MAAG/Magpie/Magpie/vgan_corrected/dep/vg/include' '-v' '-o' 'CMakeFiles/cmTC_ff40e.dir/CMakeCCompilerABI.c.o' '-c' '-mtune=generic' '-march=x86-64'
 as -v -I /home/projects/MAAG/Magpie/Magpie/vgan_corrected/dep/vg/include --64 -o CMakeFiles/cmTC_ff40e.dir/CMakeCCompilerABI.c.o /tmp/cc1XyImH.s
GNU assembler version 2.34 (x86_64-linux-gnu) using BFD version (GNU Binutils for Ubuntu) 2.34
COMPILER_PATH=/usr/lib/gcc/x86_64-linux-gnu/9/:/usr/lib/gcc/x86_64-linux-gnu/9/:/usr/lib/gcc/x86_64-linux-gnu/:/usr/lib/gcc/x86_64-linux-gnu/9/:/usr/lib/gcc/x86_64-linux-gnu/
LIBRARY_PATH=/home/projects/MAAG/Magpie/Magpie/vgan_corrected/dep/vg/lib/../lib/:/usr/lib/gcc/x86_64-linux-gnu/9/:/usr/lib/gcc/x86_64-linux-gnu/9/../../../x86_64-linux-gnu/:/usr/lib/gcc/x86_64-linux-gnu/9/../../../../lib/:/lib/x86_64-linux-gnu/:/lib/../lib/:/usr/lib/x86_64-linux-gnu/:/usr/lib/../lib/:/home/projects/MAAG/Magpie/Magpie/vgan_corrected/dep/vg/lib/:./:/usr/lib/gcc/x86_64-linux-gnu/9/../../../:/lib/:/usr/lib/
COLLECT_GCC_OPTIONS='-I' '/home/projects/MAAG/Magpie/Magpie/vgan_corrected/dep/vg/include' '-v' '-o' 'CMakeFiles/cmTC_ff40e.dir/CMakeCCompilerABI.c.o' '-c' '-mtune=generic' '-march=x86-64'
Linking C executable cmTC_ff40e
/usr/bin/cmake -E cmake_link_script CMakeFiles/cmTC_ff40e.dir/link.txt --verbose=1
/usr/bin/gcc -I /home/projects/MAAG/Magpie/Magpie/vgan_corrected/dep/vg/include    -v -rdynamic CMakeFiles/cmTC_ff40e.dir/CMakeCCompilerABI.c.o  -o cmTC_ff40e 
Using built-in specs.
COLLECT_GCC=/usr/bin/gcc
COLLECT_LTO_WRAPPER=/usr/lib/gcc/x86_64-linux-gnu/9/lto-wrapper
OFFLOAD_TARGET_NAMES=nvptx-none:hsa
OFFLOAD_TARGET_DEFAULT=1
Target: x86_64-linux-gnu
Configured with: ../src/configure -v --with-pkgversion='Ubuntu 9.4.0-1ubuntu1~20.04.2' --with-bugurl=file:///usr/share/doc/gcc-9/README.Bugs --enable-languages=c,ada,c++,go,brig,d,fortran,objc,obj-c++,gm2 --prefix=/usr --with-gcc-major-version-only --program-suffix=-9 --program-prefix=x86_64-linux-gnu- --enable-shared --enable-linker-build-id --libexecdir=/usr/lib --without-included-gettext --enable-threads=posix --libdir=/usr/lib --enable-nls --enable-clocale=gnu --enable-libstdcxx-debug --enable-libstdcxx-time=yes --with-default-libstdcxx-abi=new --enable-gnu-unique-object --disable-vtable-verify --enable-plugin --enable-default-pie --with-system-zlib --with-target-system-zlib=auto --enable-objc-gc=auto --enable-multiarch --disable-werror --with-arch-32=i686 --with-abi=m64 --with-multilib-list=m32,m64,mx32 --enable-multilib --with-tune=generic --enable-offload-targets=nvptx-none=/build/gcc-9-9QDOt0/gcc-9-9.4.0/debian/tmp-nvptx/usr,hsa --without-cuda-driver --enable-checking=release --build=x86_64-linux-gnu --host=x86_64-linux-gnu --target=x86_64-linux-gnu
Thread model: posix
gcc version 9.4.0 (Ubuntu 9.4.0-1ubuntu1~20.04.2) 
COMPILER_PATH=/usr/lib/gcc/x86_64-linux-gnu/9/:/usr/lib/gcc/x86_64-linux-gnu/9/:/usr/lib/gcc/x86_64-linux-gnu/:/usr/lib/gcc/x86_64-linux-gnu/9/:/usr/lib/gcc/x86_64-linux-gnu/
LIBRARY_PATH=/home/projects/MAAG/Magpie/Magpie/vgan_corrected/dep/vg/lib/../lib/:/usr/lib/gcc/x86_64-linux-gnu/9/:/usr/lib/gcc/x86_64-linux-gnu/9/../../../x86_64-linux-gnu/:/usr/lib/gcc/x86_64-linux-gnu/9/../../../../lib/:/lib/x86_64-linux-gnu/:/lib/../lib/:/usr/lib/x86_64-linux-gnu/:/usr/lib/../lib/:/home/projects/MAAG/Magpie/Magpie/vgan_corrected/dep/vg/lib/:./:/usr/lib/gcc/x86_64-linux-gnu/9/../../../:/lib/:/usr/lib/
COLLECT_GCC_OPTIONS='-I' '/home/projects/MAAG/Magpie/Magpie/vgan_corrected/dep/vg/include' '-v' '-rdynamic' '-o' 'cmTC_ff40e' '-mtune=generic' '-march=x86-64'
 /usr/lib/gcc/x86_64-linux-gnu/9/collect2 -plugin /usr/lib/gcc/x86_64-linux-gnu/9/liblto_plugin.so -plugin-opt=/usr/lib/gcc/x86_64-linux-gnu/9/lto-wrapper -plugin-opt=-fresolution=/tmp/ccVmNIhu.res -plugin-opt=-pass-through=-lgcc -plugin-opt=-pass-through=-lgcc_s -plugin-opt=-pass-through=-lc -plugin-opt=-pass-through=-lgcc -plugin-opt=-pass-through=-lgcc_s --build-id --eh-frame-hdr -m elf_x86_64 --hash-style=gnu --as-needed -export-dynamic -dynamic-linker /lib64/ld-linux-x86-64.so.2 -pie -z now -z relro -o cmTC_ff40e /usr/lib/gcc/x86_64-linux-gnu/9/../../../x86_64-linux-gnu/Scrt1.o /usr/lib/gcc/x86_64-linux-gnu/9/../../../x86_64-linux-gnu/crti.o /usr/lib/gcc/x86_64-linux-gnu/9/crtbeginS.o -L/home/projects/MAAG/Magpie/Magpie/vgan_corrected/dep/vg/lib/../lib -L/usr/lib/gcc/x86_64-linux-gnu/9 -L/usr/lib/gcc/x86_64-linux-gnu/9/../../../x86_64-linux-gnu -L/usr/lib/gcc/x86_64-linux-gnu/9/../../../../lib -L/lib/x86_64-linux-gnu -L/lib/../lib -L/usr/lib/x86_64-linux-gnu -L/usr/lib/../lib -L/home/projects/MAAG/Magpie/Magpie/vgan_corrected/dep/vg/lib -L. -L/usr/lib/gcc/x86_64-linux-gnu/9/../../.. CMakeFiles/cmTC_ff40e.dir/CMakeCCompilerABI.c.o -lgcc --push-state --as-needed -lgcc_s --pop-state -lc -lgcc --push-state --as-needed -lgcc_s --pop-state /usr/lib/gcc/x86_64-linux-gnu/9/crtendS.o /usr/lib/gcc/x86_64-linux-gnu/9/../../../x86_64-linux-gnu/crtn.o
COLLECT_GCC_OPTIONS='-I' '/home/projects/MAAG/Magpie/Magpie/vgan_corrected/dep/vg/include' '-v' '-rdynamic' '-o' 'cmTC_ff40e' '-mtune=generic' '-march=x86-64'
make[2]: Leaving directory '/home/projects/MAAG/Magpie/Magpie/vgan_corrected/dep/vg/deps/raptor/build/CMakeFiles/CMakeTmp'
make[1]: Leaving directory '/home/projects/MAAG/Magpie/Magpie/vgan_corrected/dep/vg/deps/raptor/build/CMakeFiles/CMakeTmp'



Parsed C implicit include dir info from above output: rv=done
  found start of include info
  found start of implicit include info
    add: [/home/projects/MAAG/Magpie/Magpie/vgan_corrected/dep/vg/include]
    add: [/usr/lib/gcc/x86_64-linux-gnu/9/include]
    add: [/usr/local/include]
    add: [/usr/include/x86_64-linux-gnu]
    add: [/usr/include]
  end of search list found
  collapse include dir [/home/projects/MAAG/Magpie/Magpie/vgan_corrected/dep/vg/include] ==> [/home/projects/MAAG/Magpie/Magpie/vgan_corrected/dep/vg/include]
  collapse include dir [/usr/lib/gcc/x86_64-linux-gnu/9/include] ==> [/usr/lib/gcc/x86_64-linux-gnu/9/include]
  collapse include dir [/usr/local/include] ==> [/usr/local/include]
  collapse include dir [/usr/include/x86_64-linux-gnu] ==> [/usr/include/x86_64-linux-gnu]
  collapse include dir [/usr/include] ==> [/usr/include]
  implicit include dirs: [/home/projects/MAAG/Magpie/Magpie/vgan_corrected/dep/vg/include;/usr/lib/gcc/x86_64-linux-gnu/9/include;/usr/local/include;/usr/include/x86_64-linux-gnu;/usr/include]


Parsed C implicit link information from above output:
  link line regex: [^( *|.*[/\])(ld|CMAKE_LINK_STARTFILE-NOTFOUND|([^/\]+-)?ld|collect2)[^/\]*( |$)]
  ignore line: [Change Dir: /home/projects/MAAG/Magpie/Magpie/vgan_corrected/dep/vg/deps/raptor/build/CMakeFiles/CMakeTmp]
  ignore line: []
  ignore line: [Run Build Command(s):/usr/bin/make cmTC_ff40e/fast && make[1]: Entering directory '/home/projects/MAAG/Magpie/Magpie/vgan_corrected/dep/vg/deps/raptor/build/CMakeFiles/CMakeTmp']
  ignore line: [/usr/bin/make -f CMakeFiles/cmTC_ff40e.dir/build.make CMakeFiles/cmTC_ff40e.dir/build]
  ignore line: [make[2]: Entering directory '/home/projects/MAAG/Magpie/Magpie/vgan_corrected/dep/vg/deps/raptor/build/CMakeFiles/CMakeTmp']
  ignore line: [Building C object CMakeFiles/cmTC_ff40e.dir/CMakeCCompilerABI.c.o]
  ignore line: [/usr/bin/gcc   -I /home/projects/MAAG/Magpie/Magpie/vgan_corrected/dep/vg/include    -v -o CMakeFiles/cmTC_ff40e.dir/CMakeCCompilerABI.c.o   -c /usr/share/cmake-3.16/Modules/CMakeCCompilerABI.c]
  ignore line: [Using built-in specs.]
  ignore line: [COLLECT_GCC=/usr/bin/gcc]
  ignore line: [OFFLOAD_TARGET_NAMES=nvptx-none:hsa]
  ignore line: [OFFLOAD_TARGET_DEFAULT=1]
  ignore line: [Target: x86_64-linux-gnu]
  ignore line: [Configured with: ../src/configure -v --with-pkgversion='Ubuntu 9.4.0-1ubuntu1~20.04.2' --with-bugurl=file:///usr/share/doc/gcc-9/README.Bugs --enable-languages=c ada c++ go brig d fortran objc obj-c++ gm2 --prefix=/usr --with-gcc-major-version-only --program-suffix=-9 --program-prefix=x86_64-linux-gnu- --enable-shared --enable-linker-build-id --libexecdir=/usr/lib --without-included-gettext --enable-threads=posix --libdir=/usr/lib --enable-nls --enable-clocale=gnu --enable-libstdcxx-debug --enable-libstdcxx-time=yes --with-default-libstdcxx-abi=new --enable-gnu-unique-object --disable-vtable-verify --enable-plugin --enable-default-pie --with-system-zlib --with-target-system-zlib=auto --enable-objc-gc=auto --enable-multiarch --disable-werror --with-arch-32=i686 --with-abi=m64 --with-multilib-list=m32 m64 mx32 --enable-multilib --with-tune=generic --enable-offload-targets=nvptx-none=/build/gcc-9-9QDOt0/gcc-9-9.4.0/debian/tmp-nvptx/usr hsa --without-cuda-driver --enable-checking=release --build=x86_64-linux-gnu --host=x86_64-linux-gnu --target=x86_64-linux-gnu]
  ignore line: [Thread model: posix]
  ignore line: [gcc version 9.4.0 (Ubuntu 9.4.0-1ubuntu1~20.04.2) ]
  ignore line: [COLLECT_GCC_OPTIONS='-I' '/home/projects/MAAG/Magpie/Magpie/vgan_corrected/dep/vg/include' '-v' '-o' 'CMakeFiles/cmTC_ff40e.dir/CMakeCCompilerABI.c.o' '-c' '-mtune=generic' '-march=x86-64']
  ignore line: [ /usr/lib/gcc/x86_64-linux-gnu/9/cc1 -quiet -v -I /home/projects/MAAG/Magpie/Magpie/vgan_corrected/dep/vg/include -imultiarch x86_64-linux-gnu /usr/share/cmake-3.16/Modules/CMakeCCompilerABI.c -quiet -dumpbase CMakeCCompilerABI.c -mtune=generic -march=x86-64 -auxbase-strip CMakeFiles/cmTC_ff40e.dir/CMakeCCompilerABI.c.o -version -fasynchronous-unwind-tables -fstack-protector-strong -Wformat -Wformat-security -fstack-clash-protection -fcf-protection -o /tmp/cc1XyImH.s]
  ignore line: [GNU C17 (Ubuntu 9.4.0-1ubuntu1~20.04.2) version 9.4.0 (x86_64-linux-gnu)]
  ignore line: [	compiled by GNU C version 9.4.0  GMP version 6.2.0  MPFR version 4.0.2  MPC version 1.1.0  isl version isl-0.22.1-GMP]
  ignore line: []
  ignore line: [GGC heuristics: --param ggc-min-expand=100 --param ggc-min-heapsize=131072]
  ignore line: [ignoring nonexistent directory "/usr/local/include/x86_64-linux-gnu"]
  ignore line: [ignoring nonexistent directory "/usr/lib/gcc/x86_64-linux-gnu/9/include-fixed"]
  ignore line: [ignoring nonexistent directory "/usr/lib/gcc/x86_64-linux-gnu/9/../../../../x86_64-linux-gnu/include"]
  ignore line: [#include "..." search starts here:]
  ignore line: [#include <...> search starts here:]
  ignore line: [ /home/projects/MAAG/Magpie/Magpie/vgan_corrected/dep/vg/include]
  ignore line: [ /usr/lib/gcc/x86_64-linux-gnu/9/include]
  ignore line: [ /usr/local/include]
  ignore line: [ /usr/include/x86_64-linux-gnu]
  ignore line: [ /usr/include]
  ignore line: [End of search list.]
  ignore line: [GNU C17 (Ubuntu 9.4.0-1ubuntu1~20.04.2) version 9.4.0 (x86_64-linux-gnu)]
  ignore line: [	compiled by GNU C version 9.4.0  GMP version 6.2.0  MPFR version 4.0.2  MPC version 1.1.0  isl version isl-0.22.1-GMP]
  ignore line: []
  ignore line: [GGC heuristics: --param ggc-min-expand=100 --param ggc-min-heapsize=131072]
  ignore line: [Compiler executable checksum: 01da938ff5dc2163489aa33cb3b747a7]
  ignore line: [COLLECT_GCC_OPTIONS='-I' '/home/projects/MAAG/Magpie/Magpie/vgan_corrected/dep/vg/include' '-v' '-o' 'CMakeFiles/cmTC_ff40e.dir/CMakeCCompilerABI.c.o' '-c' '-mtune=generic' '-march=x86-64']
  ignore line: [ as -v -I /home/projects/MAAG/Magpie/Magpie/vgan_corrected/dep/vg/include --64 -o CMakeFiles/cmTC_ff40e.dir/CMakeCCompilerABI.c.o /tmp/cc1XyImH.s]
  ignore line: [GNU assembler version 2.34 (x86_64-linux-gnu) using BFD version (GNU Binutils for Ubuntu) 2.34]
  ignore line: [COMPILER_PATH=/usr/lib/gcc/x86_64-linux-gnu/9/:/usr/lib/gcc/x86_64-linux-gnu/9/:/usr/lib/gcc/x86_64-linux-gnu/:/usr/lib/gcc/x86_64-linux-gnu/9/:/usr/lib/gcc/x86_64-linux-gnu/]
  ignore line: [LIBRARY_PATH=/home/projects/MAAG/Magpie/Magpie/vgan_corrected/dep/vg/lib/../lib/:/usr/lib/gcc/x86_64-linux-gnu/9/:/usr/lib/gcc/x86_64-linux-gnu/9/../../../x86_64-linux-gnu/:/usr/lib/gcc/x86_64-linux-gnu/9/../../../../lib/:/lib/x86_64-linux-gnu/:/lib/../lib/:/usr/lib/x86_64-linux-gnu/:/usr/lib/../lib/:/home/projects/MAAG/Magpie/Magpie/vgan_corrected/dep/vg/lib/:./:/usr/lib/gcc/x86_64-linux-gnu/9/../../../:/lib/:/usr/lib/]
  ignore line: [COLLECT_GCC_OPTIONS='-I' '/home/projects/MAAG/Magpie/Magpie/vgan_corrected/dep/vg/include' '-v' '-o' 'CMakeFiles/cmTC_ff40e.dir/CMakeCCompilerABI.c.o' '-c' '-mtune=generic' '-march=x86-64']
  ignore line: [Linking C executable cmTC_ff40e]
  ignore line: [/usr/bin/cmake -E cmake_link_script CMakeFiles/cmTC_ff40e.dir/link.txt --verbose=1]
  ignore line: [/usr/bin/gcc -I /home/projects/MAAG/Magpie/Magpie/vgan_corrected/dep/vg/include    -v -rdynamic CMakeFiles/cmTC_ff40e.dir/CMakeCCompilerABI.c.o  -o cmTC_ff40e ]
  ignore line: [Using built-in specs.]
  ignore line: [COLLECT_GCC=/usr/bin/gcc]
  ignore line: [COLLECT_LTO_WRAPPER=/usr/lib/gcc/x86_64-linux-gnu/9/lto-wrapper]
  ignore line: [OFFLOAD_TARGET_NAMES=nvptx-none:hsa]
  ignore line: [OFFLOAD_TARGET_DEFAULT=1]
  ignore line: [Target: x86_64-linux-gnu]
  ignore line: [Configured with: ../src/configure -v --with-pkgversion='Ubuntu 9.4.0-1ubuntu1~20.04.2' --with-bugurl=file:///usr/share/doc/gcc-9/README.Bugs --enable-languages=c ada c++ go brig d fortran objc obj-c++ gm2 --prefix=/usr --with-gcc-major-version-only --program-suffix=-9 --program-prefix=x86_64-linux-gnu- --enable-shared --enable-linker-build-id --libexecdir=/usr/lib --without-included-gettext --enable-threads=posix --libdir=/usr/lib --enable-nls --enable-clocale=gnu --enable-libstdcxx-debug --enable-libstdcxx-time=yes --with-default-libstdcxx-abi=new --enable-gnu-unique-object --disable-vtable-verify --enable-plugin --enable-default-pie --with-system-zlib --with-target-system-zlib=auto --enable-objc-gc=auto --enable-multiarch --disable-werror --with-arch-32=i686 --with-abi=m64 --with-multilib-list=m32 m64 mx32 --enable-multilib --with-tune=generic --enable-offload-targets=nvptx-none=/build/gcc-9-9QDOt0/gcc-9-9.4.0/debian/tmp-nvptx/usr hsa --without-cuda-driver --enable-checking=release --build=x86_64-linux-gnu --host=x86_64-linux-gnu --target=x86_64-linux-gnu]
  ignore line: [Thread model: posix]
  ignore line: [gcc version 9.4.0 (Ubuntu 9.4.0-1ubuntu1~20.04.2) ]
  ignore line: [COMPILER_PATH=/usr/lib/gcc/x86_64-linux-gnu/9/:/usr/lib/gcc/x86_64-linux-gnu/9/:/usr/lib/gcc/x86_64-linux-gnu/:/usr/lib/gcc/x86_64-linux-gnu/9/:/usr/lib/gcc/x86_64-linux-gnu/]
  ignore line: [LIBRARY_PATH=/home/projects/MAAG/Magpie/Magpie/vgan_corrected/dep/vg/lib/../lib/:/usr/lib/gcc/x86_64-linux-gnu/9/:/usr/lib/gcc/x86_64-linux-gnu/9/../../../x86_64-linux-gnu/:/usr/lib/gcc/x86_64-linux-gnu/9/../../../../lib/:/lib/x86_64-linux-gnu/:/lib/../lib/:/usr/lib/x86_64-linux-gnu/:/usr/lib/../lib/:/home/projects/MAAG/Magpie/Magpie/vgan_corrected/dep/vg/lib/:./:/usr/lib/gcc/x86_64-linux-gnu/9/../../../:/lib/:/usr/lib/]
  ignore line: [COLLECT_GCC_OPTIONS='-I' '/home/projects/MAAG/Magpie/Magpie/vgan_corrected/dep/vg/include' '-v' '-rdynamic' '-o' 'cmTC_ff40e' '-mtune=generic' '-march=x86-64']
  link line: [ /usr/lib/gcc/x86_64-linux-gnu/9/collect2 -plugin /usr/lib/gcc/x86_64-linux-gnu/9/liblto_plugin.so -plugin-opt=/usr/lib/gcc/x86_64-linux-gnu/9/lto-wrapper -plugin-opt=-fresolution=/tmp/ccVmNIhu.res -plugin-opt=-pass-through=-lgcc -plugin-opt=-pass-through=-lgcc_s -plugin-opt=-pass-through=-lc -plugin-opt=-pass-through=-lgcc -plugin-opt=-pass-through=-lgcc_s --build-id --eh-frame-hdr -m elf_x86_64 --hash-style=gnu --as-needed -export-dynamic -dynamic-linker /lib64/ld-linux-x86-64.so.2 -pie -z now -z relro -o cmTC_ff40e /usr/lib/gcc/x86_64-linux-gnu/9/../../../x86_64-linux-gnu/Scrt1.o /usr/lib/gcc/x86_64-linux-gnu/9/../../../x86_64-linux-gnu/crti.o /usr/lib/gcc/x86_64-linux-gnu/9/crtbeginS.o -L/home/projects/MAAG/Magpie/Magpie/vgan_corrected/dep/vg/lib/../lib -L/usr/lib/gcc/x86_64-linux-gnu/9 -L/usr/lib/gcc/x86_64-linux-gnu/9/../../../x86_64-linux-gnu -L/usr/lib/gcc/x86_64-linux-gnu/9/../../../../lib -L/lib/x86_64-linux-gnu -L/lib/../lib -L/usr/lib/x86_64-linux-gnu -L/usr/lib/../lib -L/home/projects/MAAG/Magpie/Magpie/vgan_corrected/dep/vg/lib -L. -L/usr/lib/gcc/x86_64-linux-gnu/9/../../.. CMakeFiles/cmTC_ff40e.dir/CMakeCCompilerABI.c.o -lgcc --push-state --as-needed -lgcc_s --pop-state -lc -lgcc --push-state --as-needed -lgcc_s --pop-state /usr/lib/gcc/x86_64-linux-gnu/9/crtendS.o /usr/lib/gcc/x86_64-linux-gnu/9/../../../x86_64-linux-gnu/crtn.o]
    arg [/usr/lib/gcc/x86_64-linux-gnu/9/collect2] ==> ignore
    arg [-plugin] ==> ignore
    arg [/usr/lib/gcc/x86_64-linux-gnu/9/liblto_plugin.so] ==> ignore
    arg [-plugin-opt=/usr/lib/gcc/x86_64-linux-gnu/9/lto-wrapper] ==> ignore
    arg [-plugin-opt=-fresolution=/tmp/ccVmNIhu.res] ==> ignore
    arg [-plugin-opt=-pass-through=-lgcc] ==> ignore
    arg [-plugin-opt=-pass-through=-lgcc_s] ==> ignore
    arg [-plugin-opt=-pass-through=-lc] ==> ignore
    arg [-plugin-opt=-pass-through=-lgcc] ==> ignore
    arg [-plugin-opt=-pass-through=-lgcc_s] ==> ignore
    arg [--build-id] ==> ignore
    arg [--eh-frame-hdr] ==> ignore
    arg [-m] ==> ignore
    arg [elf_x86_64] ==> ignore
    arg [--hash-style=gnu] ==> ignore
    arg [--as-needed] ==> ignore
    arg [-export-dynamic] ==> ignore
    arg [-dynamic-linker] ==> ignore
    arg [/lib64/ld-linux-x86-64.so.2] ==> ignore
    arg [-pie] ==> ignore
    arg [-znow] ==> ignore
    arg [-zrelro] ==> ignore
    arg [-o] ==> ignore
    arg [cmTC_ff40e] ==> ignore
    arg [/usr/lib/gcc/x86_64-linux-gnu/9/../../../x86_64-linux-gnu/Scrt1.o] ==> ignore
    arg [/usr/lib/gcc/x86_64-linux-gnu/9/../../../x86_64-linux-gnu/crti.o] ==> ignore
    arg [/usr/lib/gcc/x86_64-linux-gnu/9/crtbeginS.o] ==> ignore
    arg [-L/home/projects/MAAG/Magpie/Magpie/vgan_corrected/dep/vg/lib/../lib] ==> dir [/home/projects/MAAG/Magpie/Magpie/vgan_corrected/dep/vg/lib/../lib]
    arg [-L/usr/lib/gcc/x86_64-linux-gnu/9] ==> dir [/usr/lib/gcc/x86_64-linux-gnu/9]
    arg [-L/usr/lib/gcc/x86_64-linux-gnu/9/../../../x86_64-linux-gnu] ==> dir [/usr/lib/gcc/x86_64-linux-gnu/9/../../../x86_64-linux-gnu]
    arg [-L/usr/lib/gcc/x86_64-linux-gnu/9/../../../../lib] ==> dir [/usr/lib/gcc/x86_64-linux-gnu/9/../../../../lib]
    arg [-L/lib/x86_64-linux-gnu] ==> dir [/lib/x86_64-linux-gnu]
    arg [-L/lib/../lib] ==> dir [/lib/../lib]
    arg [-L/usr/lib/x86_64-linux-gnu] ==> dir [/usr/lib/x86_64-linux-gnu]
    arg [-L/usr/lib/../lib] ==> dir [/usr/lib/../lib]
    arg [-L/home/projects/MAAG/Magpie/Magpie/vgan_corrected/dep/vg/lib] ==> dir [/home/projects/MAAG/Magpie/Magpie/vgan_corrected/dep/vg/lib]
    arg [-L.] ==> ignore
    arg [-L/usr/lib/gcc/x86_64-linux-gnu/9/../../..] ==> dir [/usr/lib/gcc/x86_64-linux-gnu/9/../../..]
    arg [CMakeFiles/cmTC_ff40e.dir/CMakeCCompilerABI.c.o] ==> ignore
    arg [-lgcc] ==> lib [gcc]
    arg [--push-state] ==> ignore
    arg [--as-needed] ==> ignore
    arg [-lgcc_s] ==> lib [gcc_s]
    arg [--pop-state] ==> ignore
    arg [-lc] ==> lib [c]
    arg [-lgcc] ==> lib [gcc]
    arg [--push-state] ==> ignore
    arg [--as-needed] ==> ignore
    arg [-lgcc_s] ==> lib [gcc_s]
    arg [--pop-state] ==> ignore
    arg [/usr/lib/gcc/x86_64-linux-gnu/9/crtendS.o] ==> ignore
    arg [/usr/lib/gcc/x86_64-linux-gnu/9/../../../x86_64-linux-gnu/crtn.o] ==> ignore
  collapse library dir [/home/projects/MAAG/Magpie/Magpie/vgan_corrected/dep/vg/lib/../lib] ==> [/home/projects/MAAG/Magpie/Magpie/vgan_corrected/dep/vg/lib]
  collapse library dir [/usr/lib/gcc/x86_64-linux-gnu/9] ==> [/usr/lib/gcc/x86_64-linux-gnu/9]
  collapse library dir [/usr/lib/gcc/x86_64-linux-gnu/9/../../../x86_64-linux-gnu] ==> [/usr/lib/x86_64-linux-gnu]
  collapse library dir [/usr/lib/gcc/x86_64-linux-gnu/9/../../../../lib] ==> [/usr/lib]
  collapse library dir [/lib/x86_64-linux-gnu] ==> [/lib/x86_64-linux-gnu]
  collapse library dir [/lib/../lib] ==> [/lib]
  collapse library dir [/usr/lib/x86_64-linux-gnu] ==> [/usr/lib/x86_64-linux-gnu]
  collapse library dir [/usr/lib/../lib] ==> [/usr/lib]
  collapse library dir [/home/projects/MAAG/Magpie/Magpie/vgan_corrected/dep/vg/lib] ==> [/home/projects/MAAG/Magpie/Magpie/vgan_corrected/dep/vg/lib]
  collapse library dir [/usr/lib/gcc/x86_64-linux-gnu/9/../../..] ==> [/usr/lib]
  implicit libs: [gcc;gcc_s;c;gcc;gcc_s]
  implicit dirs: [/home/projects/MAAG/Magpie/Magpie/vgan_corrected/dep/vg/lib;/usr/lib/gcc/x86_64-linux-gnu/9;/usr/lib/x86_64-linux-gnu;/usr/lib;/lib/x86_64-linux-gnu;/lib]
  implicit fwks: []


Determining if the include file errno.h exists passed with the following output:
Change Dir: /home/projects/MAAG/Magpie/Magpie/vgan_corrected/dep/vg/deps/raptor/build/CMakeFiles/CMakeTmp

Run Build Command(s):/usr/bin/make cmTC_4e1f8/fast && make[1]: Entering directory '/home/projects/MAAG/Magpie/Magpie/vgan_corrected/dep/vg/deps/raptor/build/CMakeFiles/CMakeTmp'
/usr/bin/make -f CMakeFiles/cmTC_4e1f8.dir/build.make CMakeFiles/cmTC_4e1f8.dir/build
make[2]: Entering directory '/home/projects/MAAG/Magpie/Magpie/vgan_corrected/dep/vg/deps/raptor/build/CMakeFiles/CMakeTmp'
Building C object CMakeFiles/cmTC_4e1f8.dir/CheckIncludeFile.c.o
/usr/bin/gcc   -I /home/projects/MAAG/Magpie/Magpie/vgan_corrected/dep/vg/include    -o CMakeFiles/cmTC_4e1f8.dir/CheckIncludeFile.c.o   -c /home/projects/MAAG/Magpie/Magpie/vgan_corrected/dep/vg/deps/raptor/build/CMakeFiles/CMakeTmp/CheckIncludeFile.c
Linking C executable cmTC_4e1f8
/usr/bin/cmake -E cmake_link_script CMakeFiles/cmTC_4e1f8.dir/link.txt --verbose=1
/usr/bin/gcc -I /home/projects/MAAG/Magpie/Magpie/vgan_corrected/dep/vg/include     -rdynamic CMakeFiles/cmTC_4e1f8.dir/CheckIncludeFile.c.o  -o cmTC_4e1f8 
make[2]: Leaving directory '/home/projects/MAAG/Magpie/Magpie/vgan_corrected/dep/vg/deps/raptor/build/CMakeFiles/CMakeTmp'
make[1]: Leaving directory '/home/projects/MAAG/Magpie/Magpie/vgan_corrected/dep/vg/deps/raptor/build/CMakeFiles/CMakeTmp'



Determining if the include file fcntl.h exists passed with the following output:
Change Dir: /home/projects/MAAG/Magpie/Magpie/vgan_corrected/dep/vg/deps/raptor/build/CMakeFiles/CMakeTmp

Run Build Command(s):/usr/bin/make cmTC_b9666/fast && make[1]: Entering directory '/home/projects/MAAG/Magpie/Magpie/vgan_corrected/dep/vg/deps/raptor/build/CMakeFiles/CMakeTmp'
/usr/bin/make -f CMakeFiles/cmTC_b9666.dir/build.make CMakeFiles/cmTC_b9666.dir/build
make[2]: Entering directory '/home/projects/MAAG/Magpie/Magpie/vgan_corrected/dep/vg/deps/raptor/build/CMakeFiles/CMakeTmp'
Building C object CMakeFiles/cmTC_b9666.dir/CheckIncludeFile.c.o
/usr/bin/gcc   -I /home/projects/MAAG/Magpie/Magpie/vgan_corrected/dep/vg/include    -o CMakeFiles/cmTC_b9666.dir/CheckIncludeFile.c.o   -c /home/projects/MAAG/Magpie/Magpie/vgan_corrected/dep/vg/deps/raptor/build/CMakeFiles/CMakeTmp/CheckIncludeFile.c
Linking C executable cmTC_b9666
/usr/bin/cmake -E cmake_link_script CMakeFiles/cmTC_b9666.dir/link.txt --verbose=1
/usr/bin/gcc -I /home/projects/MAAG/Magpie/Magpie/vgan_corrected/dep/vg/include     -rdynamic CMakeFiles/cmTC_b9666.dir/CheckIncludeFile.c.o  -o cmTC_b9666 
make[2]: Leaving directory '/home/projects/MAAG/Magpie/Magpie/vgan_corrected/dep/vg/deps/raptor/build/CMakeFiles/CMakeTmp'
make[1]: Leaving directory '/home/projects/MAAG/Magpie/Magpie/vgan_corrected/dep/vg/deps/raptor/build/CMakeFiles/CMakeTmp'



Determining if the include file getopt.h exists passed with the following output:
Change Dir: /home/projects/MAAG/Magpie/Magpie/vgan_corrected/dep/vg/deps/raptor/build/CMakeFiles/CMakeTmp

Run Build Command(s):/usr/bin/make cmTC_63ae7/fast && make[1]: Entering directory '/home/projects/MAAG/Magpie/Magpie/vgan_corrected/dep/vg/deps/raptor/build/CMakeFiles/CMakeTmp'
/usr/bin/make -f CMakeFiles/cmTC_63ae7.dir/build.make CMakeFiles/cmTC_63ae7.dir/build
make[2]: Entering directory '/home/projects/MAAG/Magpie/Magpie/vgan_corrected/dep/vg/deps/raptor/build/CMakeFiles/CMakeTmp'
Building C object CMakeFiles/cmTC_63ae7.dir/CheckIncludeFile.c.o
/usr/bin/gcc   -I /home/projects/MAAG/Magpie/Magpie/vgan_corrected/dep/vg/include    -o CMakeFiles/cmTC_63ae7.dir/CheckIncludeFile.c.o   -c /home/projects/MAAG/Magpie/Magpie/vgan_corrected/dep/vg/deps/raptor/build/CMakeFiles/CMakeTmp/CheckIncludeFile.c
Linking C executable cmTC_63ae7
/usr/bin/cmake -E cmake_link_script CMakeFiles/cmTC_63ae7.dir/link.txt --verbose=1
/usr/bin/gcc -I /home/projects/MAAG/Magpie/Magpie/vgan_corrected/dep/vg/include     -rdynamic CMakeFiles/cmTC_63ae7.dir/CheckIncludeFile.c.o  -o cmTC_63ae7 
make[2]: Leaving directory '/home/projects/MAAG/Magpie/Magpie/vgan_corrected/dep/vg/deps/raptor/build/CMakeFiles/CMakeTmp'
make[1]: Leaving directory '/home/projects/MAAG/Magpie/Magpie/vgan_corrected/dep/vg/deps/raptor/build/CMakeFiles/CMakeTmp'



Determining if the include file limits.h exists passed with the following output:
Change Dir: /home/projects/MAAG/Magpie/Magpie/vgan_corrected/dep/vg/deps/raptor/build/CMakeFiles/CMakeTmp

Run Build Command(s):/usr/bin/make cmTC_6a1e8/fast && make[1]: Entering directory '/home/projects/MAAG/Magpie/Magpie/vgan_corrected/dep/vg/deps/raptor/build/CMakeFiles/CMakeTmp'
/usr/bin/make -f CMakeFiles/cmTC_6a1e8.dir/build.make CMakeFiles/cmTC_6a1e8.dir/build
make[2]: Entering directory '/home/projects/MAAG/Magpie/Magpie/vgan_corrected/dep/vg/deps/raptor/build/CMakeFiles/CMakeTmp'
Building C object CMakeFiles/cmTC_6a1e8.dir/CheckIncludeFile.c.o
/usr/bin/gcc   -I /home/projects/MAAG/Magpie/Magpie/vgan_corrected/dep/vg/include    -o CMakeFiles/cmTC_6a1e8.dir/CheckIncludeFile.c.o   -c /home/projects/MAAG/Magpie/Magpie/vgan_corrected/dep/vg/deps/raptor/build/CMakeFiles/CMakeTmp/CheckIncludeFile.c
Linking C executable cmTC_6a1e8
/usr/bin/cmake -E cmake_link_script CMakeFiles/cmTC_6a1e8.dir/link.txt --verbose=1
/usr/bin/gcc -I /home/projects/MAAG/Magpie/Magpie/vgan_corrected/dep/vg/include     -rdynamic CMakeFiles/cmTC_6a1e8.dir/CheckIncludeFile.c.o  -o cmTC_6a1e8 
make[2]: Leaving directory '/home/projects/MAAG/Magpie/Magpie/vgan_corrected/dep/vg/deps/raptor/build/CMakeFiles/CMakeTmp'
make[1]: Leaving directory '/home/projects/MAAG/Magpie/Magpie/vgan_corrected/dep/vg/deps/raptor/build/CMakeFiles/CMakeTmp'



Determining if the include file math.h exists passed with the following output:
Change Dir: /home/projects/MAAG/Magpie/Magpie/vgan_corrected/dep/vg/deps/raptor/build/CMakeFiles/CMakeTmp

Run Build Command(s):/usr/bin/make cmTC_2fd8c/fast && make[1]: Entering directory '/home/projects/MAAG/Magpie/Magpie/vgan_corrected/dep/vg/deps/raptor/build/CMakeFiles/CMakeTmp'
/usr/bin/make -f CMakeFiles/cmTC_2fd8c.dir/build.make CMakeFiles/cmTC_2fd8c.dir/build
make[2]: Entering directory '/home/projects/MAAG/Magpie/Magpie/vgan_corrected/dep/vg/deps/raptor/build/CMakeFiles/CMakeTmp'
Building C object CMakeFiles/cmTC_2fd8c.dir/CheckIncludeFile.c.o
/usr/bin/gcc   -I /home/projects/MAAG/Magpie/Magpie/vgan_corrected/dep/vg/include    -o CMakeFiles/cmTC_2fd8c.dir/CheckIncludeFile.c.o   -c /home/projects/MAAG/Magpie/Magpie/vgan_corrected/dep/vg/deps/raptor/build/CMakeFiles/CMakeTmp/CheckIncludeFile.c
Linking C executable cmTC_2fd8c
/usr/bin/cmake -E cmake_link_script CMakeFiles/cmTC_2fd8c.dir/link.txt --verbose=1
/usr/bin/gcc -I /home/projects/MAAG/Magpie/Magpie/vgan_corrected/dep/vg/include     -rdynamic CMakeFiles/cmTC_2fd8c.dir/CheckIncludeFile.c.o  -o cmTC_2fd8c 
make[2]: Leaving directory '/home/projects/MAAG/Magpie/Magpie/vgan_corrected/dep/vg/deps/raptor/build/CMakeFiles/CMakeTmp'
make[1]: Leaving directory '/home/projects/MAAG/Magpie/Magpie/vgan_corrected/dep/vg/deps/raptor/build/CMakeFiles/CMakeTmp'



Determining if the include file setjmp.h exists passed with the following output:
Change Dir: /home/projects/MAAG/Magpie/Magpie/vgan_corrected/dep/vg/deps/raptor/build/CMakeFiles/CMakeTmp

Run Build Command(s):/usr/bin/make cmTC_49e3f/fast && make[1]: Entering directory '/home/projects/MAAG/Magpie/Magpie/vgan_corrected/dep/vg/deps/raptor/build/CMakeFiles/CMakeTmp'
/usr/bin/make -f CMakeFiles/cmTC_49e3f.dir/build.make CMakeFiles/cmTC_49e3f.dir/build
make[2]: Entering directory '/home/projects/MAAG/Magpie/Magpie/vgan_corrected/dep/vg/deps/raptor/build/CMakeFiles/CMakeTmp'
Building C object CMakeFiles/cmTC_49e3f.dir/CheckIncludeFile.c.o
/usr/bin/gcc   -I /home/projects/MAAG/Magpie/Magpie/vgan_corrected/dep/vg/include    -o CMakeFiles/cmTC_49e3f.dir/CheckIncludeFile.c.o   -c /home/projects/MAAG/Magpie/Magpie/vgan_corrected/dep/vg/deps/raptor/build/CMakeFiles/CMakeTmp/CheckIncludeFile.c
Linking C executable cmTC_49e3f
/usr/bin/cmake -E cmake_link_script CMakeFiles/cmTC_49e3f.dir/link.txt --verbose=1
/usr/bin/gcc -I /home/projects/MAAG/Magpie/Magpie/vgan_corrected/dep/vg/include     -rdynamic CMakeFiles/cmTC_49e3f.dir/CheckIncludeFile.c.o  -o cmTC_49e3f 
make[2]: Leaving directory '/home/projects/MAAG/Magpie/Magpie/vgan_corrected/dep/vg/deps/raptor/build/CMakeFiles/CMakeTmp'
make[1]: Leaving directory '/home/projects/MAAG/Magpie/Magpie/vgan_corrected/dep/vg/deps/raptor/build/CMakeFiles/CMakeTmp'



Determining if the include file stddef.h exists passed with the following output:
Change Dir: /home/projects/MAAG/Magpie/Magpie/vgan_corrected/dep/vg/deps/raptor/build/CMakeFiles/CMakeTmp

Run Build Command(s):/usr/bin/make cmTC_47f89/fast && make[1]: Entering directory '/home/projects/MAAG/Magpie/Magpie/vgan_corrected/dep/vg/deps/raptor/build/CMakeFiles/CMakeTmp'
/usr/bin/make -f CMakeFiles/cmTC_47f89.dir/build.make CMakeFiles/cmTC_47f89.dir/build
make[2]: Entering directory '/home/projects/MAAG/Magpie/Magpie/vgan_corrected/dep/vg/deps/raptor/build/CMakeFiles/CMakeTmp'
Building C object CMakeFiles/cmTC_47f89.dir/CheckIncludeFile.c.o
/usr/bin/gcc   -I /home/projects/MAAG/Magpie/Magpie/vgan_corrected/dep/vg/include    -o CMakeFiles/cmTC_47f89.dir/CheckIncludeFile.c.o   -c /home/projects/MAAG/Magpie/Magpie/vgan_corrected/dep/vg/deps/raptor/build/CMakeFiles/CMakeTmp/CheckIncludeFile.c
Linking C executable cmTC_47f89
/usr/bin/cmake -E cmake_link_script CMakeFiles/cmTC_47f89.dir/link.txt --verbose=1
/usr/bin/gcc -I /home/projects/MAAG/Magpie/Magpie/vgan_corrected/dep/vg/include     -rdynamic CMakeFiles/cmTC_47f89.dir/CheckIncludeFile.c.o  -o cmTC_47f89 
make[2]: Leaving directory '/home/projects/MAAG/Magpie/Magpie/vgan_corrected/dep/vg/deps/raptor/build/CMakeFiles/CMakeTmp'
make[1]: Leaving directory '/home/projects/MAAG/Magpie/Magpie/vgan_corrected/dep/vg/deps/raptor/build/CMakeFiles/CMakeTmp'



Determining if the include file stdlib.h exists passed with the following output:
Change Dir: /home/projects/MAAG/Magpie/Magpie/vgan_corrected/dep/vg/deps/raptor/build/CMakeFiles/CMakeTmp

Run Build Command(s):/usr/bin/make cmTC_83766/fast && make[1]: Entering directory '/home/projects/MAAG/Magpie/Magpie/vgan_corrected/dep/vg/deps/raptor/build/CMakeFiles/CMakeTmp'
/usr/bin/make -f CMakeFiles/cmTC_83766.dir/build.make CMakeFiles/cmTC_83766.dir/build
make[2]: Entering directory '/home/projects/MAAG/Magpie/Magpie/vgan_corrected/dep/vg/deps/raptor/build/CMakeFiles/CMakeTmp'
Building C object CMakeFiles/cmTC_83766.dir/CheckIncludeFile.c.o
/usr/bin/gcc   -I /home/projects/MAAG/Magpie/Magpie/vgan_corrected/dep/vg/include    -o CMakeFiles/cmTC_83766.dir/CheckIncludeFile.c.o   -c /home/projects/MAAG/Magpie/Magpie/vgan_corrected/dep/vg/deps/raptor/build/CMakeFiles/CMakeTmp/CheckIncludeFile.c
Linking C executable cmTC_83766
/usr/bin/cmake -E cmake_link_script CMakeFiles/cmTC_83766.dir/link.txt --verbose=1
/usr/bin/gcc -I /home/projects/MAAG/Magpie/Magpie/vgan_corrected/dep/vg/include     -rdynamic CMakeFiles/cmTC_83766.dir/CheckIncludeFile.c.o  -o cmTC_83766 
make[2]: Leaving directory '/home/projects/MAAG/Magpie/Magpie/vgan_corrected/dep/vg/deps/raptor/build/CMakeFiles/CMakeTmp'
make[1]: Leaving directory '/home/projects/MAAG/Magpie/Magpie/vgan_corrected/dep/vg/deps/raptor/build/CMakeFiles/CMakeTmp'



Determining if the include file string.h exists passed with the following output:
Change Dir: /home/projects/MAAG/Magpie/Magpie/vgan_corrected/dep/vg/deps/raptor/build/CMakeFiles/CMakeTmp

Run Build Command(s):/usr/bin/make cmTC_251c4/fast && make[1]: Entering directory '/home/projects/MAAG/Magpie/Magpie/vgan_corrected/dep/vg/deps/raptor/build/CMakeFiles/CMakeTmp'
/usr/bin/make -f CMakeFiles/cmTC_251c4.dir/build.make CMakeFiles/cmTC_251c4.dir/build
make[2]: Entering directory '/home/projects/MAAG/Magpie/Magpie/vgan_corrected/dep/vg/deps/raptor/build/CMakeFiles/CMakeTmp'
Building C object CMakeFiles/cmTC_251c4.dir/CheckIncludeFile.c.o
/usr/bin/gcc   -I /home/projects/MAAG/Magpie/Magpie/vgan_corrected/dep/vg/include    -o CMakeFiles/cmTC_251c4.dir/CheckIncludeFile.c.o   -c /home/projects/MAAG/Magpie/Magpie/vgan_corrected/dep/vg/deps/raptor/build/CMakeFiles/CMakeTmp/CheckIncludeFile.c
Linking C executable cmTC_251c4
/usr/bin/cmake -E cmake_link_script CMakeFiles/cmTC_251c4.dir/link.txt --verbose=1
/usr/bin/gcc -I /home/projects/MAAG/Magpie/Magpie/vgan_corrected/dep/vg/include     -rdynamic CMakeFiles/cmTC_251c4.dir/CheckIncludeFile.c.o  -o cmTC_251c4 
make[2]: Leaving directory '/home/projects/MAAG/Magpie/Magpie/vgan_corrected/dep/vg/deps/raptor/build/CMakeFiles/CMakeTmp'
make[1]: Leaving directory '/home/projects/MAAG/Magpie/Magpie/vgan_corrected/dep/vg/deps/raptor/build/CMakeFiles/CMakeTmp'



Determining if the include file unistd.h exists passed with the following output:
Change Dir: /home/projects/MAAG/Magpie/Magpie/vgan_corrected/dep/vg/deps/raptor/build/CMakeFiles/CMakeTmp

Run Build Command(s):/usr/bin/make cmTC_1a1ac/fast && make[1]: Entering directory '/home/projects/MAAG/Magpie/Magpie/vgan_corrected/dep/vg/deps/raptor/build/CMakeFiles/CMakeTmp'
/usr/bin/make -f CMakeFiles/cmTC_1a1ac.dir/build.make CMakeFiles/cmTC_1a1ac.dir/build
make[2]: Entering directory '/home/projects/MAAG/Magpie/Magpie/vgan_corrected/dep/vg/deps/raptor/build/CMakeFiles/CMakeTmp'
Building C object CMakeFiles/cmTC_1a1ac.dir/CheckIncludeFile.c.o
/usr/bin/gcc   -I /home/projects/MAAG/Magpie/Magpie/vgan_corrected/dep/vg/include    -o CMakeFiles/cmTC_1a1ac.dir/CheckIncludeFile.c.o   -c /home/projects/MAAG/Magpie/Magpie/vgan_corrected/dep/vg/deps/raptor/build/CMakeFiles/CMakeTmp/CheckIncludeFile.c
Linking C executable cmTC_1a1ac
/usr/bin/cmake -E cmake_link_script CMakeFiles/cmTC_1a1ac.dir/link.txt --verbose=1
/usr/bin/gcc -I /home/projects/MAAG/Magpie/Magpie/vgan_corrected/dep/vg/include     -rdynamic CMakeFiles/cmTC_1a1ac.dir/CheckIncludeFile.c.o  -o cmTC_1a1ac 
make[2]: Leaving directory '/home/projects/MAAG/Magpie/Magpie/vgan_corrected/dep/vg/deps/raptor/build/CMakeFiles/CMakeTmp'
make[1]: Leaving directory '/home/projects/MAAG/Magpie/Magpie/vgan_corrected/dep/vg/deps/raptor/build/CMakeFiles/CMakeTmp'



Determining if the include file sys/param.h exists passed with the following output:
Change Dir: /home/projects/MAAG/Magpie/Magpie/vgan_corrected/dep/vg/deps/raptor/build/CMakeFiles/CMakeTmp

Run Build Command(s):/usr/bin/make cmTC_a557c/fast && make[1]: Entering directory '/home/projects/MAAG/Magpie/Magpie/vgan_corrected/dep/vg/deps/raptor/build/CMakeFiles/CMakeTmp'
/usr/bin/make -f CMakeFiles/cmTC_a557c.dir/build.make CMakeFiles/cmTC_a557c.dir/build
make[2]: Entering directory '/home/projects/MAAG/Magpie/Magpie/vgan_corrected/dep/vg/deps/raptor/build/CMakeFiles/CMakeTmp'
Building C object CMakeFiles/cmTC_a557c.dir/CheckIncludeFile.c.o
/usr/bin/gcc   -I /home/projects/MAAG/Magpie/Magpie/vgan_corrected/dep/vg/include    -o CMakeFiles/cmTC_a557c.dir/CheckIncludeFile.c.o   -c /home/projects/MAAG/Magpie/Magpie/vgan_corrected/dep/vg/deps/raptor/build/CMakeFiles/CMakeTmp/CheckIncludeFile.c
Linking C executable cmTC_a557c
/usr/bin/cmake -E cmake_link_script CMakeFiles/cmTC_a557c.dir/link.txt --verbose=1
/usr/bin/gcc -I /home/projects/MAAG/Magpie/Magpie/vgan_corrected/dep/vg/include     -rdynamic CMakeFiles/cmTC_a557c.dir/CheckIncludeFile.c.o  -o cmTC_a557c 
make[2]: Leaving directory '/home/projects/MAAG/Magpie/Magpie/vgan_corrected/dep/vg/deps/raptor/build/CMakeFiles/CMakeTmp'
make[1]: Leaving directory '/home/projects/MAAG/Magpie/Magpie/vgan_corrected/dep/vg/deps/raptor/build/CMakeFiles/CMakeTmp'



Determining if the include file sys/stat.h exists passed with the following output:
Change Dir: /home/projects/MAAG/Magpie/Magpie/vgan_corrected/dep/vg/deps/raptor/build/CMakeFiles/CMakeTmp

Run Build Command(s):/usr/bin/make cmTC_ab4cd/fast && make[1]: Entering directory '/home/projects/MAAG/Magpie/Magpie/vgan_corrected/dep/vg/deps/raptor/build/CMakeFiles/CMakeTmp'
/usr/bin/make -f CMakeFiles/cmTC_ab4cd.dir/build.make CMakeFiles/cmTC_ab4cd.dir/build
make[2]: Entering directory '/home/projects/MAAG/Magpie/Magpie/vgan_corrected/dep/vg/deps/raptor/build/CMakeFiles/CMakeTmp'
Building C object CMakeFiles/cmTC_ab4cd.dir/CheckIncludeFile.c.o
/usr/bin/gcc   -I /home/projects/MAAG/Magpie/Magpie/vgan_corrected/dep/vg/include    -o CMakeFiles/cmTC_ab4cd.dir/CheckIncludeFile.c.o   -c /home/projects/MAAG/Magpie/Magpie/vgan_corrected/dep/vg/deps/raptor/build/CMakeFiles/CMakeTmp/CheckIncludeFile.c
Linking C executable cmTC_ab4cd
/usr/bin/cmake -E cmake_link_script CMakeFiles/cmTC_ab4cd.dir/link.txt --verbose=1
/usr/bin/gcc -I /home/projects/MAAG/Magpie/Magpie/vgan_corrected/dep/vg/include     -rdynamic CMakeFiles/cmTC_ab4cd.dir/CheckIncludeFile.c.o  -o cmTC_ab4cd 
make[2]: Leaving directory '/home/projects/MAAG/Magpie/Magpie/vgan_corrected/dep/vg/deps/raptor/build/CMakeFiles/CMakeTmp'
make[1]: Leaving directory '/home/projects/MAAG/Magpie/Magpie/vgan_corrected/dep/vg/deps/raptor/build/CMakeFiles/CMakeTmp'



Determining if the include file sys/time.h exists passed with the following output:
Change Dir: /home/projects/MAAG/Magpie/Magpie/vgan_corrected/dep/vg/deps/raptor/build/CMakeFiles/CMakeTmp

Run Build Command(s):/usr/bin/make cmTC_01488/fast && make[1]: Entering directory '/home/projects/MAAG/Magpie/Magpie/vgan_corrected/dep/vg/deps/raptor/build/CMakeFiles/CMakeTmp'
/usr/bin/make -f CMakeFiles/cmTC_01488.dir/build.make CMakeFiles/cmTC_01488.dir/build
make[2]: Entering directory '/home/projects/MAAG/Magpie/Magpie/vgan_corrected/dep/vg/deps/raptor/build/CMakeFiles/CMakeTmp'
Building C object CMakeFiles/cmTC_01488.dir/CheckIncludeFile.c.o
/usr/bin/gcc   -I /home/projects/MAAG/Magpie/Magpie/vgan_corrected/dep/vg/include    -o CMakeFiles/cmTC_01488.dir/CheckIncludeFile.c.o   -c /home/projects/MAAG/Magpie/Magpie/vgan_corrected/dep/vg/deps/raptor/build/CMakeFiles/CMakeTmp/CheckIncludeFile.c
Linking C executable cmTC_01488
/usr/bin/cmake -E cmake_link_script CMakeFiles/cmTC_01488.dir/link.txt --verbose=1
/usr/bin/gcc -I /home/projects/MAAG/Magpie/Magpie/vgan_corrected/dep/vg/include     -rdynamic CMakeFiles/cmTC_01488.dir/CheckIncludeFile.c.o  -o cmTC_01488 
make[2]: Leaving directory '/home/projects/MAAG/Magpie/Magpie/vgan_corrected/dep/vg/deps/raptor/build/CMakeFiles/CMakeTmp'
make[1]: Leaving directory '/home/projects/MAAG/Magpie/Magpie/vgan_corrected/dep/vg/deps/raptor/build/CMakeFiles/CMakeTmp'



Determining if files sys/time.h;time.h exist passed with the following output:
Change Dir: /home/projects/MAAG/Magpie/Magpie/vgan_corrected/dep/vg/deps/raptor/build/CMakeFiles/CMakeTmp

Run Build Command(s):/usr/bin/make cmTC_67785/fast && make[1]: Entering directory '/home/projects/MAAG/Magpie/Magpie/vgan_corrected/dep/vg/deps/raptor/build/CMakeFiles/CMakeTmp'
/usr/bin/make -f CMakeFiles/cmTC_67785.dir/build.make CMakeFiles/cmTC_67785.dir/build
make[2]: Entering directory '/home/projects/MAAG/Magpie/Magpie/vgan_corrected/dep/vg/deps/raptor/build/CMakeFiles/CMakeTmp'
Building C object CMakeFiles/cmTC_67785.dir/TIME_WITH_SYS_TIME.c.o
/usr/bin/gcc   -I /home/projects/MAAG/Magpie/Magpie/vgan_corrected/dep/vg/include    -o CMakeFiles/cmTC_67785.dir/TIME_WITH_SYS_TIME.c.o   -c /home/projects/MAAG/Magpie/Magpie/vgan_corrected/dep/vg/deps/raptor/build/CMakeFiles/CheckIncludeFiles/TIME_WITH_SYS_TIME.c
Linking C executable cmTC_67785
/usr/bin/cmake -E cmake_link_script CMakeFiles/cmTC_67785.dir/link.txt --verbose=1
/usr/bin/gcc -I /home/projects/MAAG/Magpie/Magpie/vgan_corrected/dep/vg/include     -rdynamic CMakeFiles/cmTC_67785.dir/TIME_WITH_SYS_TIME.c.o  -o cmTC_67785 
make[2]: Leaving directory '/home/projects/MAAG/Magpie/Magpie/vgan_corrected/dep/vg/deps/raptor/build/CMakeFiles/CMakeTmp'
make[1]: Leaving directory '/home/projects/MAAG/Magpie/Magpie/vgan_corrected/dep/vg/deps/raptor/build/CMakeFiles/CMakeTmp'



Determining if the function access exists passed with the following output:
Change Dir: /home/projects/MAAG/Magpie/Magpie/vgan_corrected/dep/vg/deps/raptor/build/CMakeFiles/CMakeTmp

Run Build Command(s):/usr/bin/make cmTC_673c2/fast && make[1]: Entering directory '/home/projects/MAAG/Magpie/Magpie/vgan_corrected/dep/vg/deps/raptor/build/CMakeFiles/CMakeTmp'
/usr/bin/make -f CMakeFiles/cmTC_673c2.dir/build.make CMakeFiles/cmTC_673c2.dir/build
make[2]: Entering directory '/home/projects/MAAG/Magpie/Magpie/vgan_corrected/dep/vg/deps/raptor/build/CMakeFiles/CMakeTmp'
Building C object CMakeFiles/cmTC_673c2.dir/CheckFunctionExists.c.o
/usr/bin/gcc   -I /home/projects/MAAG/Magpie/Magpie/vgan_corrected/dep/vg/include -DCHECK_FUNCTION_EXISTS=access   -o CMakeFiles/cmTC_673c2.dir/CheckFunctionExists.c.o   -c /usr/share/cmake-3.16/Modules/CheckFunctionExists.c
Linking C executable cmTC_673c2
/usr/bin/cmake -E cmake_link_script CMakeFiles/cmTC_673c2.dir/link.txt --verbose=1
/usr/bin/gcc -I /home/projects/MAAG/Magpie/Magpie/vgan_corrected/dep/vg/include -DCHECK_FUNCTION_EXISTS=access    -rdynamic CMakeFiles/cmTC_673c2.dir/CheckFunctionExists.c.o  -o cmTC_673c2 
make[2]: Leaving directory '/home/projects/MAAG/Magpie/Magpie/vgan_corrected/dep/vg/deps/raptor/build/CMakeFiles/CMakeTmp'
make[1]: Leaving directory '/home/projects/MAAG/Magpie/Magpie/vgan_corrected/dep/vg/deps/raptor/build/CMakeFiles/CMakeTmp'



Determining if the function getopt exists passed with the following output:
Change Dir: /home/projects/MAAG/Magpie/Magpie/vgan_corrected/dep/vg/deps/raptor/build/CMakeFiles/CMakeTmp

Run Build Command(s):/usr/bin/make cmTC_17aa5/fast && make[1]: Entering directory '/home/projects/MAAG/Magpie/Magpie/vgan_corrected/dep/vg/deps/raptor/build/CMakeFiles/CMakeTmp'
/usr/bin/make -f CMakeFiles/cmTC_17aa5.dir/build.make CMakeFiles/cmTC_17aa5.dir/build
make[2]: Entering directory '/home/projects/MAAG/Magpie/Magpie/vgan_corrected/dep/vg/deps/raptor/build/CMakeFiles/CMakeTmp'
Building C object CMakeFiles/cmTC_17aa5.dir/CheckFunctionExists.c.o
/usr/bin/gcc   -I /home/projects/MAAG/Magpie/Magpie/vgan_corrected/dep/vg/include -DCHECK_FUNCTION_EXISTS=getopt   -o CMakeFiles/cmTC_17aa5.dir/CheckFunctionExists.c.o   -c /usr/share/cmake-3.16/Modules/CheckFunctionExists.c
Linking C executable cmTC_17aa5
/usr/bin/cmake -E cmake_link_script CMakeFiles/cmTC_17aa5.dir/link.txt --verbose=1
/usr/bin/gcc -I /home/projects/MAAG/Magpie/Magpie/vgan_corrected/dep/vg/include -DCHECK_FUNCTION_EXISTS=getopt    -rdynamic CMakeFiles/cmTC_17aa5.dir/CheckFunctionExists.c.o  -o cmTC_17aa5 
make[2]: Leaving directory '/home/projects/MAAG/Magpie/Magpie/vgan_corrected/dep/vg/deps/raptor/build/CMakeFiles/CMakeTmp'
make[1]: Leaving directory '/home/projects/MAAG/Magpie/Magpie/vgan_corrected/dep/vg/deps/raptor/build/CMakeFiles/CMakeTmp'



Determining if the function getopt_long exists passed with the following output:
Change Dir: /home/projects/MAAG/Magpie/Magpie/vgan_corrected/dep/vg/deps/raptor/build/CMakeFiles/CMakeTmp

Run Build Command(s):/usr/bin/make cmTC_8fd56/fast && make[1]: Entering directory '/home/projects/MAAG/Magpie/Magpie/vgan_corrected/dep/vg/deps/raptor/build/CMakeFiles/CMakeTmp'
/usr/bin/make -f CMakeFiles/cmTC_8fd56.dir/build.make CMakeFiles/cmTC_8fd56.dir/build
make[2]: Entering directory '/home/projects/MAAG/Magpie/Magpie/vgan_corrected/dep/vg/deps/raptor/build/CMakeFiles/CMakeTmp'
Building C object CMakeFiles/cmTC_8fd56.dir/CheckFunctionExists.c.o
/usr/bin/gcc   -I /home/projects/MAAG/Magpie/Magpie/vgan_corrected/dep/vg/include -DCHECK_FUNCTION_EXISTS=getopt_long   -o CMakeFiles/cmTC_8fd56.dir/CheckFunctionExists.c.o   -c /usr/share/cmake-3.16/Modules/CheckFunctionExists.c
Linking C executable cmTC_8fd56
/usr/bin/cmake -E cmake_link_script CMakeFiles/cmTC_8fd56.dir/link.txt --verbose=1
/usr/bin/gcc -I /home/projects/MAAG/Magpie/Magpie/vgan_corrected/dep/vg/include -DCHECK_FUNCTION_EXISTS=getopt_long    -rdynamic CMakeFiles/cmTC_8fd56.dir/CheckFunctionExists.c.o  -o cmTC_8fd56 
make[2]: Leaving directory '/home/projects/MAAG/Magpie/Magpie/vgan_corrected/dep/vg/deps/raptor/build/CMakeFiles/CMakeTmp'
make[1]: Leaving directory '/home/projects/MAAG/Magpie/Magpie/vgan_corrected/dep/vg/deps/raptor/build/CMakeFiles/CMakeTmp'



Determining if the function gettimeofday exists passed with the following output:
Change Dir: /home/projects/MAAG/Magpie/Magpie/vgan_corrected/dep/vg/deps/raptor/build/CMakeFiles/CMakeTmp

Run Build Command(s):/usr/bin/make cmTC_22025/fast && make[1]: Entering directory '/home/projects/MAAG/Magpie/Magpie/vgan_corrected/dep/vg/deps/raptor/build/CMakeFiles/CMakeTmp'
/usr/bin/make -f CMakeFiles/cmTC_22025.dir/build.make CMakeFiles/cmTC_22025.dir/build
make[2]: Entering directory '/home/projects/MAAG/Magpie/Magpie/vgan_corrected/dep/vg/deps/raptor/build/CMakeFiles/CMakeTmp'
Building C object CMakeFiles/cmTC_22025.dir/CheckFunctionExists.c.o
/usr/bin/gcc   -I /home/projects/MAAG/Magpie/Magpie/vgan_corrected/dep/vg/include -DCHECK_FUNCTION_EXISTS=gettimeofday   -o CMakeFiles/cmTC_22025.dir/CheckFunctionExists.c.o   -c /usr/share/cmake-3.16/Modules/CheckFunctionExists.c
Linking C executable cmTC_22025
/usr/bin/cmake -E cmake_link_script CMakeFiles/cmTC_22025.dir/link.txt --verbose=1
/usr/bin/gcc -I /home/projects/MAAG/Magpie/Magpie/vgan_corrected/dep/vg/include -DCHECK_FUNCTION_EXISTS=gettimeofday    -rdynamic CMakeFiles/cmTC_22025.dir/CheckFunctionExists.c.o  -o cmTC_22025 
make[2]: Leaving directory '/home/projects/MAAG/Magpie/Magpie/vgan_corrected/dep/vg/deps/raptor/build/CMakeFiles/CMakeTmp'
make[1]: Leaving directory '/home/projects/MAAG/Magpie/Magpie/vgan_corrected/dep/vg/deps/raptor/build/CMakeFiles/CMakeTmp'



Determining if the function isascii exists passed with the following output:
Change Dir: /home/projects/MAAG/Magpie/Magpie/vgan_corrected/dep/vg/deps/raptor/build/CMakeFiles/CMakeTmp

Run Build Command(s):/usr/bin/make cmTC_f23c4/fast && make[1]: Entering directory '/home/projects/MAAG/Magpie/Magpie/vgan_corrected/dep/vg/deps/raptor/build/CMakeFiles/CMakeTmp'
/usr/bin/make -f CMakeFiles/cmTC_f23c4.dir/build.make CMakeFiles/cmTC_f23c4.dir/build
make[2]: Entering directory '/home/projects/MAAG/Magpie/Magpie/vgan_corrected/dep/vg/deps/raptor/build/CMakeFiles/CMakeTmp'
Building C object CMakeFiles/cmTC_f23c4.dir/CheckFunctionExists.c.o
/usr/bin/gcc   -I /home/projects/MAAG/Magpie/Magpie/vgan_corrected/dep/vg/include -DCHECK_FUNCTION_EXISTS=isascii   -o CMakeFiles/cmTC_f23c4.dir/CheckFunctionExists.c.o   -c /usr/share/cmake-3.16/Modules/CheckFunctionExists.c
<command-line>: warning: conflicting types for built-in function ‘isascii’; expected ‘int(int)’ [-Wbuiltin-declaration-mismatch]
/usr/share/cmake-3.16/Modules/CheckFunctionExists.c:7:3: note: in expansion of macro ‘CHECK_FUNCTION_EXISTS’
    7 |   CHECK_FUNCTION_EXISTS(void);
      |   ^~~~~~~~~~~~~~~~~~~~~
Linking C executable cmTC_f23c4
/usr/bin/cmake -E cmake_link_script CMakeFiles/cmTC_f23c4.dir/link.txt --verbose=1
/usr/bin/gcc -I /home/projects/MAAG/Magpie/Magpie/vgan_corrected/dep/vg/include -DCHECK_FUNCTION_EXISTS=isascii    -rdynamic CMakeFiles/cmTC_f23c4.dir/CheckFunctionExists.c.o  -o cmTC_f23c4 
make[2]: Leaving directory '/home/projects/MAAG/Magpie/Magpie/vgan_corrected/dep/vg/deps/raptor/build/CMakeFiles/CMakeTmp'
make[1]: Leaving directory '/home/projects/MAAG/Magpie/Magpie/vgan_corrected/dep/vg/deps/raptor/build/CMakeFiles/CMakeTmp'



Determining if the function setjmp exists passed with the following output:
Change Dir: /home/projects/MAAG/Magpie/Magpie/vgan_corrected/dep/vg/deps/raptor/build/CMakeFiles/CMakeTmp

Run Build Command(s):/usr/bin/make cmTC_928b3/fast && make[1]: Entering directory '/home/projects/MAAG/Magpie/Magpie/vgan_corrected/dep/vg/deps/raptor/build/CMakeFiles/CMakeTmp'
/usr/bin/make -f CMakeFiles/cmTC_928b3.dir/build.make CMakeFiles/cmTC_928b3.dir/build
make[2]: Entering directory '/home/projects/MAAG/Magpie/Magpie/vgan_corrected/dep/vg/deps/raptor/build/CMakeFiles/CMakeTmp'
Building C object CMakeFiles/cmTC_928b3.dir/CheckFunctionExists.c.o
/usr/bin/gcc   -I /home/projects/MAAG/Magpie/Magpie/vgan_corrected/dep/vg/include -DCHECK_FUNCTION_EXISTS=setjmp   -o CMakeFiles/cmTC_928b3.dir/CheckFunctionExists.c.o   -c /usr/share/cmake-3.16/Modules/CheckFunctionExists.c
Linking C executable cmTC_928b3
/usr/bin/cmake -E cmake_link_script CMakeFiles/cmTC_928b3.dir/link.txt --verbose=1
/usr/bin/gcc -I /home/projects/MAAG/Magpie/Magpie/vgan_corrected/dep/vg/include -DCHECK_FUNCTION_EXISTS=setjmp    -rdynamic CMakeFiles/cmTC_928b3.dir/CheckFunctionExists.c.o  -o cmTC_928b3 
make[2]: Leaving directory '/home/projects/MAAG/Magpie/Magpie/vgan_corrected/dep/vg/deps/raptor/build/CMakeFiles/CMakeTmp'
make[1]: Leaving directory '/home/projects/MAAG/Magpie/Magpie/vgan_corrected/dep/vg/deps/raptor/build/CMakeFiles/CMakeTmp'



Determining if the function snprintf exists passed with the following output:
Change Dir: /home/projects/MAAG/Magpie/Magpie/vgan_corrected/dep/vg/deps/raptor/build/CMakeFiles/CMakeTmp

Run Build Command(s):/usr/bin/make cmTC_6b6fa/fast && make[1]: Entering directory '/home/projects/MAAG/Magpie/Magpie/vgan_corrected/dep/vg/deps/raptor/build/CMakeFiles/CMakeTmp'
/usr/bin/make -f CMakeFiles/cmTC_6b6fa.dir/build.make CMakeFiles/cmTC_6b6fa.dir/build
make[2]: Entering directory '/home/projects/MAAG/Magpie/Magpie/vgan_corrected/dep/vg/deps/raptor/build/CMakeFiles/CMakeTmp'
Building C object CMakeFiles/cmTC_6b6fa.dir/CheckFunctionExists.c.o
/usr/bin/gcc   -I /home/projects/MAAG/Magpie/Magpie/vgan_corrected/dep/vg/include -DCHECK_FUNCTION_EXISTS=snprintf   -o CMakeFiles/cmTC_6b6fa.dir/CheckFunctionExists.c.o   -c /usr/share/cmake-3.16/Modules/CheckFunctionExists.c
<command-line>: warning: conflicting types for built-in function ‘snprintf’; expected ‘int(char *, long unsigned int,  const char *, ...)’ [-Wbuiltin-declaration-mismatch]
/usr/share/cmake-3.16/Modules/CheckFunctionExists.c:7:3: note: in expansion of macro ‘CHECK_FUNCTION_EXISTS’
    7 |   CHECK_FUNCTION_EXISTS(void);
      |   ^~~~~~~~~~~~~~~~~~~~~
/usr/share/cmake-3.16/Modules/CheckFunctionExists.c:1:1: note: ‘snprintf’ is declared in header ‘<stdio.h>’
  +++ |+#include <stdio.h>
    1 | #ifdef CHECK_FUNCTION_EXISTS
Linking C executable cmTC_6b6fa
/usr/bin/cmake -E cmake_link_script CMakeFiles/cmTC_6b6fa.dir/link.txt --verbose=1
/usr/bin/gcc -I /home/projects/MAAG/Magpie/Magpie/vgan_corrected/dep/vg/include -DCHECK_FUNCTION_EXISTS=snprintf    -rdynamic CMakeFiles/cmTC_6b6fa.dir/CheckFunctionExists.c.o  -o cmTC_6b6fa 
make[2]: Leaving directory '/home/projects/MAAG/Magpie/Magpie/vgan_corrected/dep/vg/deps/raptor/build/CMakeFiles/CMakeTmp'
make[1]: Leaving directory '/home/projects/MAAG/Magpie/Magpie/vgan_corrected/dep/vg/deps/raptor/build/CMakeFiles/CMakeTmp'



Determining if the function stat exists passed with the following output:
Change Dir: /home/projects/MAAG/Magpie/Magpie/vgan_corrected/dep/vg/deps/raptor/build/CMakeFiles/CMakeTmp

Run Build Command(s):/usr/bin/make cmTC_85245/fast && make[1]: Entering directory '/home/projects/MAAG/Magpie/Magpie/vgan_corrected/dep/vg/deps/raptor/build/CMakeFiles/CMakeTmp'
/usr/bin/make -f CMakeFiles/cmTC_85245.dir/build.make CMakeFiles/cmTC_85245.dir/build
make[2]: Entering directory '/home/projects/MAAG/Magpie/Magpie/vgan_corrected/dep/vg/deps/raptor/build/CMakeFiles/CMakeTmp'
Building C object CMakeFiles/cmTC_85245.dir/CheckFunctionExists.c.o
/usr/bin/gcc   -I /home/projects/MAAG/Magpie/Magpie/vgan_corrected/dep/vg/include -DCHECK_FUNCTION_EXISTS=stat   -o CMakeFiles/cmTC_85245.dir/CheckFunctionExists.c.o   -c /usr/share/cmake-3.16/Modules/CheckFunctionExists.c
Linking C executable cmTC_85245
/usr/bin/cmake -E cmake_link_script CMakeFiles/cmTC_85245.dir/link.txt --verbose=1
/usr/bin/gcc -I /home/projects/MAAG/Magpie/Magpie/vgan_corrected/dep/vg/include -DCHECK_FUNCTION_EXISTS=stat    -rdynamic CMakeFiles/cmTC_85245.dir/CheckFunctionExists.c.o  -o cmTC_85245 
make[2]: Leaving directory '/home/projects/MAAG/Magpie/Magpie/vgan_corrected/dep/vg/deps/raptor/build/CMakeFiles/CMakeTmp'
make[1]: Leaving directory '/home/projects/MAAG/Magpie/Magpie/vgan_corrected/dep/vg/deps/raptor/build/CMakeFiles/CMakeTmp'



Determining if the function strcasecmp exists passed with the following output:
Change Dir: /home/projects/MAAG/Magpie/Magpie/vgan_corrected/dep/vg/deps/raptor/build/CMakeFiles/CMakeTmp

Run Build Command(s):/usr/bin/make cmTC_bfbd6/fast && make[1]: Entering directory '/home/projects/MAAG/Magpie/Magpie/vgan_corrected/dep/vg/deps/raptor/build/CMakeFiles/CMakeTmp'
/usr/bin/make -f CMakeFiles/cmTC_bfbd6.dir/build.make CMakeFiles/cmTC_bfbd6.dir/build
make[2]: Entering directory '/home/projects/MAAG/Magpie/Magpie/vgan_corrected/dep/vg/deps/raptor/build/CMakeFiles/CMakeTmp'
Building C object CMakeFiles/cmTC_bfbd6.dir/CheckFunctionExists.c.o
/usr/bin/gcc   -I /home/projects/MAAG/Magpie/Magpie/vgan_corrected/dep/vg/include -DCHECK_FUNCTION_EXISTS=strcasecmp   -o CMakeFiles/cmTC_bfbd6.dir/CheckFunctionExists.c.o   -c /usr/share/cmake-3.16/Modules/CheckFunctionExists.c
<command-line>: warning: conflicting types for built-in function ‘strcasecmp’; expected ‘int(const char *, const char *)’ [-Wbuiltin-declaration-mismatch]
<command-line>: note: in definition of macro ‘CHECK_FUNCTION_EXISTS’
Linking C executable cmTC_bfbd6
/usr/bin/cmake -E cmake_link_script CMakeFiles/cmTC_bfbd6.dir/link.txt --verbose=1
/usr/bin/gcc -I /home/projects/MAAG/Magpie/Magpie/vgan_corrected/dep/vg/include -DCHECK_FUNCTION_EXISTS=strcasecmp    -rdynamic CMakeFiles/cmTC_bfbd6.dir/CheckFunctionExists.c.o  -o cmTC_bfbd6 
make[2]: Leaving directory '/home/projects/MAAG/Magpie/Magpie/vgan_corrected/dep/vg/deps/raptor/build/CMakeFiles/CMakeTmp'
make[1]: Leaving directory '/home/projects/MAAG/Magpie/Magpie/vgan_corrected/dep/vg/deps/raptor/build/CMakeFiles/CMakeTmp'



Determining if the function strtok_r exists passed with the following output:
Change Dir: /home/projects/MAAG/Magpie/Magpie/vgan_corrected/dep/vg/deps/raptor/build/CMakeFiles/CMakeTmp

Run Build Command(s):/usr/bin/make cmTC_6cce1/fast && make[1]: Entering directory '/home/projects/MAAG/Magpie/Magpie/vgan_corrected/dep/vg/deps/raptor/build/CMakeFiles/CMakeTmp'
/usr/bin/make -f CMakeFiles/cmTC_6cce1.dir/build.make CMakeFiles/cmTC_6cce1.dir/build
make[2]: Entering directory '/home/projects/MAAG/Magpie/Magpie/vgan_corrected/dep/vg/deps/raptor/build/CMakeFiles/CMakeTmp'
Building C object CMakeFiles/cmTC_6cce1.dir/CheckFunctionExists.c.o
/usr/bin/gcc   -I /home/projects/MAAG/Magpie/Magpie/vgan_corrected/dep/vg/include -DCHECK_FUNCTION_EXISTS=strtok_r   -o CMakeFiles/cmTC_6cce1.dir/CheckFunctionExists.c.o   -c /usr/share/cmake-3.16/Modules/CheckFunctionExists.c
Linking C executable cmTC_6cce1
/usr/bin/cmake -E cmake_link_script CMakeFiles/cmTC_6cce1.dir/link.txt --verbose=1
/usr/bin/gcc -I /home/projects/MAAG/Magpie/Magpie/vgan_corrected/dep/vg/include -DCHECK_FUNCTION_EXISTS=strtok_r    -rdynamic CMakeFiles/cmTC_6cce1.dir/CheckFunctionExists.c.o  -o cmTC_6cce1 
make[2]: Leaving directory '/home/projects/MAAG/Magpie/Magpie/vgan_corrected/dep/vg/deps/raptor/build/CMakeFiles/CMakeTmp'
make[1]: Leaving directory '/home/projects/MAAG/Magpie/Magpie/vgan_corrected/dep/vg/deps/raptor/build/CMakeFiles/CMakeTmp'



Determining if the function vasprintf exists passed with the following output:
Change Dir: /home/projects/MAAG/Magpie/Magpie/vgan_corrected/dep/vg/deps/raptor/build/CMakeFiles/CMakeTmp

Run Build Command(s):/usr/bin/make cmTC_2f042/fast && make[1]: Entering directory '/home/projects/MAAG/Magpie/Magpie/vgan_corrected/dep/vg/deps/raptor/build/CMakeFiles/CMakeTmp'
/usr/bin/make -f CMakeFiles/cmTC_2f042.dir/build.make CMakeFiles/cmTC_2f042.dir/build
make[2]: Entering directory '/home/projects/MAAG/Magpie/Magpie/vgan_corrected/dep/vg/deps/raptor/build/CMakeFiles/CMakeTmp'
Building C object CMakeFiles/cmTC_2f042.dir/CheckFunctionExists.c.o
/usr/bin/gcc   -I /home/projects/MAAG/Magpie/Magpie/vgan_corrected/dep/vg/include -DCHECK_FUNCTION_EXISTS=vasprintf   -o CMakeFiles/cmTC_2f042.dir/CheckFunctionExists.c.o   -c /usr/share/cmake-3.16/Modules/CheckFunctionExists.c
Linking C executable cmTC_2f042
/usr/bin/cmake -E cmake_link_script CMakeFiles/cmTC_2f042.dir/link.txt --verbose=1
/usr/bin/gcc -I /home/projects/MAAG/Magpie/Magpie/vgan_corrected/dep/vg/include -DCHECK_FUNCTION_EXISTS=vasprintf    -rdynamic CMakeFiles/cmTC_2f042.dir/CheckFunctionExists.c.o  -o cmTC_2f042 
make[2]: Leaving directory '/home/projects/MAAG/Magpie/Magpie/vgan_corrected/dep/vg/deps/raptor/build/CMakeFiles/CMakeTmp'
make[1]: Leaving directory '/home/projects/MAAG/Magpie/Magpie/vgan_corrected/dep/vg/deps/raptor/build/CMakeFiles/CMakeTmp'



Determining if the function vsnprintf exists passed with the following output:
Change Dir: /home/projects/MAAG/Magpie/Magpie/vgan_corrected/dep/vg/deps/raptor/build/CMakeFiles/CMakeTmp

Run Build Command(s):/usr/bin/make cmTC_f7159/fast && make[1]: Entering directory '/home/projects/MAAG/Magpie/Magpie/vgan_corrected/dep/vg/deps/raptor/build/CMakeFiles/CMakeTmp'
/usr/bin/make -f CMakeFiles/cmTC_f7159.dir/build.make CMakeFiles/cmTC_f7159.dir/build
make[2]: Entering directory '/home/projects/MAAG/Magpie/Magpie/vgan_corrected/dep/vg/deps/raptor/build/CMakeFiles/CMakeTmp'
Building C object CMakeFiles/cmTC_f7159.dir/CheckFunctionExists.c.o
/usr/bin/gcc   -I /home/projects/MAAG/Magpie/Magpie/vgan_corrected/dep/vg/include -DCHECK_FUNCTION_EXISTS=vsnprintf   -o CMakeFiles/cmTC_f7159.dir/CheckFunctionExists.c.o   -c /usr/share/cmake-3.16/Modules/CheckFunctionExists.c
<command-line>: warning: conflicting types for built-in function ‘vsnprintf’; expected ‘int(char *, long unsigned int,  const char *, __va_list_tag *)’ [-Wbuiltin-declaration-mismatch]
/usr/share/cmake-3.16/Modules/CheckFunctionExists.c:7:3: note: in expansion of macro ‘CHECK_FUNCTION_EXISTS’
    7 |   CHECK_FUNCTION_EXISTS(void);
      |   ^~~~~~~~~~~~~~~~~~~~~
/usr/share/cmake-3.16/Modules/CheckFunctionExists.c:1:1: note: ‘vsnprintf’ is declared in header ‘<stdio.h>’
  +++ |+#include <stdio.h>
    1 | #ifdef CHECK_FUNCTION_EXISTS
Linking C executable cmTC_f7159
/usr/bin/cmake -E cmake_link_script CMakeFiles/cmTC_f7159.dir/link.txt --verbose=1
/usr/bin/gcc -I /home/projects/MAAG/Magpie/Magpie/vgan_corrected/dep/vg/include -DCHECK_FUNCTION_EXISTS=vsnprintf    -rdynamic CMakeFiles/cmTC_f7159.dir/CheckFunctionExists.c.o  -o cmTC_f7159 
make[2]: Leaving directory '/home/projects/MAAG/Magpie/Magpie/vgan_corrected/dep/vg/deps/raptor/build/CMakeFiles/CMakeTmp'
make[1]: Leaving directory '/home/projects/MAAG/Magpie/Magpie/vgan_corrected/dep/vg/deps/raptor/build/CMakeFiles/CMakeTmp'



Determining if the include file sys/types.h exists passed with the following output:
Change Dir: /home/projects/MAAG/Magpie/Magpie/vgan_corrected/dep/vg/deps/raptor/build/CMakeFiles/CMakeTmp

Run Build Command(s):/usr/bin/make cmTC_da052/fast && make[1]: Entering directory '/home/projects/MAAG/Magpie/Magpie/vgan_corrected/dep/vg/deps/raptor/build/CMakeFiles/CMakeTmp'
/usr/bin/make -f CMakeFiles/cmTC_da052.dir/build.make CMakeFiles/cmTC_da052.dir/build
make[2]: Entering directory '/home/projects/MAAG/Magpie/Magpie/vgan_corrected/dep/vg/deps/raptor/build/CMakeFiles/CMakeTmp'
Building C object CMakeFiles/cmTC_da052.dir/CheckIncludeFile.c.o
/usr/bin/gcc   -I /home/projects/MAAG/Magpie/Magpie/vgan_corrected/dep/vg/include    -o CMakeFiles/cmTC_da052.dir/CheckIncludeFile.c.o   -c /home/projects/MAAG/Magpie/Magpie/vgan_corrected/dep/vg/deps/raptor/build/CMakeFiles/CMakeTmp/CheckIncludeFile.c
Linking C executable cmTC_da052
/usr/bin/cmake -E cmake_link_script CMakeFiles/cmTC_da052.dir/link.txt --verbose=1
/usr/bin/gcc -I /home/projects/MAAG/Magpie/Magpie/vgan_corrected/dep/vg/include     -rdynamic CMakeFiles/cmTC_da052.dir/CheckIncludeFile.c.o  -o cmTC_da052 
make[2]: Leaving directory '/home/projects/MAAG/Magpie/Magpie/vgan_corrected/dep/vg/deps/raptor/build/CMakeFiles/CMakeTmp'
make[1]: Leaving directory '/home/projects/MAAG/Magpie/Magpie/vgan_corrected/dep/vg/deps/raptor/build/CMakeFiles/CMakeTmp'



Determining if the include file stdint.h exists passed with the following output:
Change Dir: /home/projects/MAAG/Magpie/Magpie/vgan_corrected/dep/vg/deps/raptor/build/CMakeFiles/CMakeTmp

Run Build Command(s):/usr/bin/make cmTC_e70f3/fast && make[1]: Entering directory '/home/projects/MAAG/Magpie/Magpie/vgan_corrected/dep/vg/deps/raptor/build/CMakeFiles/CMakeTmp'
/usr/bin/make -f CMakeFiles/cmTC_e70f3.dir/build.make CMakeFiles/cmTC_e70f3.dir/build
make[2]: Entering directory '/home/projects/MAAG/Magpie/Magpie/vgan_corrected/dep/vg/deps/raptor/build/CMakeFiles/CMakeTmp'
Building C object CMakeFiles/cmTC_e70f3.dir/CheckIncludeFile.c.o
/usr/bin/gcc   -I /home/projects/MAAG/Magpie/Magpie/vgan_corrected/dep/vg/include    -o CMakeFiles/cmTC_e70f3.dir/CheckIncludeFile.c.o   -c /home/projects/MAAG/Magpie/Magpie/vgan_corrected/dep/vg/deps/raptor/build/CMakeFiles/CMakeTmp/CheckIncludeFile.c
Linking C executable cmTC_e70f3
/usr/bin/cmake -E cmake_link_script CMakeFiles/cmTC_e70f3.dir/link.txt --verbose=1
/usr/bin/gcc -I /home/projects/MAAG/Magpie/Magpie/vgan_corrected/dep/vg/include     -rdynamic CMakeFiles/cmTC_e70f3.dir/CheckIncludeFile.c.o  -o cmTC_e70f3 
make[2]: Leaving directory '/home/projects/MAAG/Magpie/Magpie/vgan_corrected/dep/vg/deps/raptor/build/CMakeFiles/CMakeTmp'
make[1]: Leaving directory '/home/projects/MAAG/Magpie/Magpie/vgan_corrected/dep/vg/deps/raptor/build/CMakeFiles/CMakeTmp'



Determining size of unsigned char passed with the following output:
Change Dir: /home/projects/MAAG/Magpie/Magpie/vgan_corrected/dep/vg/deps/raptor/build/CMakeFiles/CMakeTmp

Run Build Command(s):/usr/bin/make cmTC_739fc/fast && make[1]: Entering directory '/home/projects/MAAG/Magpie/Magpie/vgan_corrected/dep/vg/deps/raptor/build/CMakeFiles/CMakeTmp'
/usr/bin/make -f CMakeFiles/cmTC_739fc.dir/build.make CMakeFiles/cmTC_739fc.dir/build
make[2]: Entering directory '/home/projects/MAAG/Magpie/Magpie/vgan_corrected/dep/vg/deps/raptor/build/CMakeFiles/CMakeTmp'
Building C object CMakeFiles/cmTC_739fc.dir/SIZEOF_UNSIGNED_CHAR.c.o
/usr/bin/gcc   -I /home/projects/MAAG/Magpie/Magpie/vgan_corrected/dep/vg/include    -o CMakeFiles/cmTC_739fc.dir/SIZEOF_UNSIGNED_CHAR.c.o   -c /home/projects/MAAG/Magpie/Magpie/vgan_corrected/dep/vg/deps/raptor/build/CMakeFiles/CheckTypeSize/SIZEOF_UNSIGNED_CHAR.c
Linking C executable cmTC_739fc
/usr/bin/cmake -E cmake_link_script CMakeFiles/cmTC_739fc.dir/link.txt --verbose=1
/usr/bin/gcc -I /home/projects/MAAG/Magpie/Magpie/vgan_corrected/dep/vg/include     -rdynamic CMakeFiles/cmTC_739fc.dir/SIZEOF_UNSIGNED_CHAR.c.o  -o cmTC_739fc 
make[2]: Leaving directory '/home/projects/MAAG/Magpie/Magpie/vgan_corrected/dep/vg/deps/raptor/build/CMakeFiles/CMakeTmp'
make[1]: Leaving directory '/home/projects/MAAG/Magpie/Magpie/vgan_corrected/dep/vg/deps/raptor/build/CMakeFiles/CMakeTmp'



Determining size of unsigned short passed with the following output:
Change Dir: /home/projects/MAAG/Magpie/Magpie/vgan_corrected/dep/vg/deps/raptor/build/CMakeFiles/CMakeTmp

Run Build Command(s):/usr/bin/make cmTC_8d0fc/fast && make[1]: Entering directory '/home/projects/MAAG/Magpie/Magpie/vgan_corrected/dep/vg/deps/raptor/build/CMakeFiles/CMakeTmp'
/usr/bin/make -f CMakeFiles/cmTC_8d0fc.dir/build.make CMakeFiles/cmTC_8d0fc.dir/build
make[2]: Entering directory '/home/projects/MAAG/Magpie/Magpie/vgan_corrected/dep/vg/deps/raptor/build/CMakeFiles/CMakeTmp'
Building C object CMakeFiles/cmTC_8d0fc.dir/SIZEOF_UNSIGNED_SHORT.c.o
/usr/bin/gcc   -I /home/projects/MAAG/Magpie/Magpie/vgan_corrected/dep/vg/include    -o CMakeFiles/cmTC_8d0fc.dir/SIZEOF_UNSIGNED_SHORT.c.o   -c /home/projects/MAAG/Magpie/Magpie/vgan_corrected/dep/vg/deps/raptor/build/CMakeFiles/CheckTypeSize/SIZEOF_UNSIGNED_SHORT.c
Linking C executable cmTC_8d0fc
/usr/bin/cmake -E cmake_link_script CMakeFiles/cmTC_8d0fc.dir/link.txt --verbose=1
/usr/bin/gcc -I /home/projects/MAAG/Magpie/Magpie/vgan_corrected/dep/vg/include     -rdynamic CMakeFiles/cmTC_8d0fc.dir/SIZEOF_UNSIGNED_SHORT.c.o  -o cmTC_8d0fc 
make[2]: Leaving directory '/home/projects/MAAG/Magpie/Magpie/vgan_corrected/dep/vg/deps/raptor/build/CMakeFiles/CMakeTmp'
make[1]: Leaving directory '/home/projects/MAAG/Magpie/Magpie/vgan_corrected/dep/vg/deps/raptor/build/CMakeFiles/CMakeTmp'



Determining size of unsigned int passed with the following output:
Change Dir: /home/projects/MAAG/Magpie/Magpie/vgan_corrected/dep/vg/deps/raptor/build/CMakeFiles/CMakeTmp

Run Build Command(s):/usr/bin/make cmTC_553b7/fast && make[1]: Entering directory '/home/projects/MAAG/Magpie/Magpie/vgan_corrected/dep/vg/deps/raptor/build/CMakeFiles/CMakeTmp'
/usr/bin/make -f CMakeFiles/cmTC_553b7.dir/build.make CMakeFiles/cmTC_553b7.dir/build
make[2]: Entering directory '/home/projects/MAAG/Magpie/Magpie/vgan_corrected/dep/vg/deps/raptor/build/CMakeFiles/CMakeTmp'
Building C object CMakeFiles/cmTC_553b7.dir/SIZEOF_UNSIGNED_INT.c.o
/usr/bin/gcc   -I /home/projects/MAAG/Magpie/Magpie/vgan_corrected/dep/vg/include    -o CMakeFiles/cmTC_553b7.dir/SIZEOF_UNSIGNED_INT.c.o   -c /home/projects/MAAG/Magpie/Magpie/vgan_corrected/dep/vg/deps/raptor/build/CMakeFiles/CheckTypeSize/SIZEOF_UNSIGNED_INT.c
Linking C executable cmTC_553b7
/usr/bin/cmake -E cmake_link_script CMakeFiles/cmTC_553b7.dir/link.txt --verbose=1
/usr/bin/gcc -I /home/projects/MAAG/Magpie/Magpie/vgan_corrected/dep/vg/include     -rdynamic CMakeFiles/cmTC_553b7.dir/SIZEOF_UNSIGNED_INT.c.o  -o cmTC_553b7 
make[2]: Leaving directory '/home/projects/MAAG/Magpie/Magpie/vgan_corrected/dep/vg/deps/raptor/build/CMakeFiles/CMakeTmp'
make[1]: Leaving directory '/home/projects/MAAG/Magpie/Magpie/vgan_corrected/dep/vg/deps/raptor/build/CMakeFiles/CMakeTmp'



Determining size of unsigned long passed with the following output:
Change Dir: /home/projects/MAAG/Magpie/Magpie/vgan_corrected/dep/vg/deps/raptor/build/CMakeFiles/CMakeTmp

Run Build Command(s):/usr/bin/make cmTC_93fb4/fast && make[1]: Entering directory '/home/projects/MAAG/Magpie/Magpie/vgan_corrected/dep/vg/deps/raptor/build/CMakeFiles/CMakeTmp'
/usr/bin/make -f CMakeFiles/cmTC_93fb4.dir/build.make CMakeFiles/cmTC_93fb4.dir/build
make[2]: Entering directory '/home/projects/MAAG/Magpie/Magpie/vgan_corrected/dep/vg/deps/raptor/build/CMakeFiles/CMakeTmp'
Building C object CMakeFiles/cmTC_93fb4.dir/SIZEOF_UNSIGNED_LONG.c.o
/usr/bin/gcc   -I /home/projects/MAAG/Magpie/Magpie/vgan_corrected/dep/vg/include    -o CMakeFiles/cmTC_93fb4.dir/SIZEOF_UNSIGNED_LONG.c.o   -c /home/projects/MAAG/Magpie/Magpie/vgan_corrected/dep/vg/deps/raptor/build/CMakeFiles/CheckTypeSize/SIZEOF_UNSIGNED_LONG.c
Linking C executable cmTC_93fb4
/usr/bin/cmake -E cmake_link_script CMakeFiles/cmTC_93fb4.dir/link.txt --verbose=1
/usr/bin/gcc -I /home/projects/MAAG/Magpie/Magpie/vgan_corrected/dep/vg/include     -rdynamic CMakeFiles/cmTC_93fb4.dir/SIZEOF_UNSIGNED_LONG.c.o  -o cmTC_93fb4 
make[2]: Leaving directory '/home/projects/MAAG/Magpie/Magpie/vgan_corrected/dep/vg/deps/raptor/build/CMakeFiles/CMakeTmp'
make[1]: Leaving directory '/home/projects/MAAG/Magpie/Magpie/vgan_corrected/dep/vg/deps/raptor/build/CMakeFiles/CMakeTmp'



Determining size of unsigned long long passed with the following output:
Change Dir: /home/projects/MAAG/Magpie/Magpie/vgan_corrected/dep/vg/deps/raptor/build/CMakeFiles/CMakeTmp

Run Build Command(s):/usr/bin/make cmTC_4d41c/fast && make[1]: Entering directory '/home/projects/MAAG/Magpie/Magpie/vgan_corrected/dep/vg/deps/raptor/build/CMakeFiles/CMakeTmp'
/usr/bin/make -f CMakeFiles/cmTC_4d41c.dir/build.make CMakeFiles/cmTC_4d41c.dir/build
make[2]: Entering directory '/home/projects/MAAG/Magpie/Magpie/vgan_corrected/dep/vg/deps/raptor/build/CMakeFiles/CMakeTmp'
Building C object CMakeFiles/cmTC_4d41c.dir/SIZEOF_UNSIGNED_LONG_LONG.c.o
/usr/bin/gcc   -I /home/projects/MAAG/Magpie/Magpie/vgan_corrected/dep/vg/include    -o CMakeFiles/cmTC_4d41c.dir/SIZEOF_UNSIGNED_LONG_LONG.c.o   -c /home/projects/MAAG/Magpie/Magpie/vgan_corrected/dep/vg/deps/raptor/build/CMakeFiles/CheckTypeSize/SIZEOF_UNSIGNED_LONG_LONG.c
Linking C executable cmTC_4d41c
/usr/bin/cmake -E cmake_link_script CMakeFiles/cmTC_4d41c.dir/link.txt --verbose=1
/usr/bin/gcc -I /home/projects/MAAG/Magpie/Magpie/vgan_corrected/dep/vg/include     -rdynamic CMakeFiles/cmTC_4d41c.dir/SIZEOF_UNSIGNED_LONG_LONG.c.o  -o cmTC_4d41c 
make[2]: Leaving directory '/home/projects/MAAG/Magpie/Magpie/vgan_corrected/dep/vg/deps/raptor/build/CMakeFiles/CMakeTmp'
make[1]: Leaving directory '/home/projects/MAAG/Magpie/Magpie/vgan_corrected/dep/vg/deps/raptor/build/CMakeFiles/CMakeTmp'



Performing C SOURCE FILE Test HAVE___FUNCTION__ succeeded with the following output:
Change Dir: /home/projects/MAAG/Magpie/Magpie/vgan_corrected/dep/vg/deps/raptor/build/CMakeFiles/CMakeTmp

Run Build Command(s):/usr/bin/make cmTC_88b01/fast && make[1]: Entering directory '/home/projects/MAAG/Magpie/Magpie/vgan_corrected/dep/vg/deps/raptor/build/CMakeFiles/CMakeTmp'
/usr/bin/make -f CMakeFiles/cmTC_88b01.dir/build.make CMakeFiles/cmTC_88b01.dir/build
make[2]: Entering directory '/home/projects/MAAG/Magpie/Magpie/vgan_corrected/dep/vg/deps/raptor/build/CMakeFiles/CMakeTmp'
Building C object CMakeFiles/cmTC_88b01.dir/src.c.o
/usr/bin/gcc   -I /home/projects/MAAG/Magpie/Magpie/vgan_corrected/dep/vg/include -DHAVE___FUNCTION__   -o CMakeFiles/cmTC_88b01.dir/src.c.o   -c /home/projects/MAAG/Magpie/Magpie/vgan_corrected/dep/vg/deps/raptor/build/CMakeFiles/CMakeTmp/src.c
/home/projects/MAAG/Magpie/Magpie/vgan_corrected/dep/vg/deps/raptor/build/CMakeFiles/CMakeTmp/src.c: In function ‘main’:
/home/projects/MAAG/Magpie/Magpie/vgan_corrected/dep/vg/deps/raptor/build/CMakeFiles/CMakeTmp/src.c:2:17: warning: implicit declaration of function ‘printf’ [-Wimplicit-function-declaration]
    2 | int main(void){ printf(__FUNCTION__); }
      |                 ^~~~~~
/home/projects/MAAG/Magpie/Magpie/vgan_corrected/dep/vg/deps/raptor/build/CMakeFiles/CMakeTmp/src.c:2:17: warning: incompatible implicit declaration of built-in function ‘printf’
/home/projects/MAAG/Magpie/Magpie/vgan_corrected/dep/vg/deps/raptor/build/CMakeFiles/CMakeTmp/src.c:1:1: note: include ‘<stdio.h>’ or provide a declaration of ‘printf’
  +++ |+#include <stdio.h>
    1 | 
Linking C executable cmTC_88b01
/usr/bin/cmake -E cmake_link_script CMakeFiles/cmTC_88b01.dir/link.txt --verbose=1
/usr/bin/gcc -I /home/projects/MAAG/Magpie/Magpie/vgan_corrected/dep/vg/include -DHAVE___FUNCTION__    -rdynamic CMakeFiles/cmTC_88b01.dir/src.c.o  -o cmTC_88b01 
make[2]: Leaving directory '/home/projects/MAAG/Magpie/Magpie/vgan_corrected/dep/vg/deps/raptor/build/CMakeFiles/CMakeTmp'
make[1]: Leaving directory '/home/projects/MAAG/Magpie/Magpie/vgan_corrected/dep/vg/deps/raptor/build/CMakeFiles/CMakeTmp'


Source file was:

int main(void){ printf(__FUNCTION__); }
Determining if the function xmlCtxtUseOptions exists passed with the following output:
Change Dir: /home/projects/MAAG/Magpie/Magpie/vgan_corrected/dep/vg/deps/raptor/build/CMakeFiles/CMakeTmp

Run Build Command(s):/usr/bin/make cmTC_3d642/fast && make[1]: Entering directory '/home/projects/MAAG/Magpie/Magpie/vgan_corrected/dep/vg/deps/raptor/build/CMakeFiles/CMakeTmp'
/usr/bin/make -f CMakeFiles/cmTC_3d642.dir/build.make CMakeFiles/cmTC_3d642.dir/build
make[2]: Entering directory '/home/projects/MAAG/Magpie/Magpie/vgan_corrected/dep/vg/deps/raptor/build/CMakeFiles/CMakeTmp'
Building C object CMakeFiles/cmTC_3d642.dir/CheckFunctionExists.c.o
/usr/bin/gcc  -I/usr/include/libxml2  -I /home/projects/MAAG/Magpie/Magpie/vgan_corrected/dep/vg/include -DCHECK_FUNCTION_EXISTS=xmlCtxtUseOptions   -o CMakeFiles/cmTC_3d642.dir/CheckFunctionExists.c.o   -c /usr/share/cmake-3.16/Modules/CheckFunctionExists.c
Linking C executable cmTC_3d642
/usr/bin/cmake -E cmake_link_script CMakeFiles/cmTC_3d642.dir/link.txt --verbose=1
/usr/bin/gcc -I /home/projects/MAAG/Magpie/Magpie/vgan_corrected/dep/vg/include -DCHECK_FUNCTION_EXISTS=xmlCtxtUseOptions    -rdynamic CMakeFiles/cmTC_3d642.dir/CheckFunctionExists.c.o  -o cmTC_3d642  /usr/lib/x86_64-linux-gnu/libxml2.so 
make[2]: Leaving directory '/home/projects/MAAG/Magpie/Magpie/vgan_corrected/dep/vg/deps/raptor/build/CMakeFiles/CMakeTmp'
make[1]: Leaving directory '/home/projects/MAAG/Magpie/Magpie/vgan_corrected/dep/vg/deps/raptor/build/CMakeFiles/CMakeTmp'



Determining if the function xmlSAX2InternalSubset exists passed with the following output:
Change Dir: /home/projects/MAAG/Magpie/Magpie/vgan_corrected/dep/vg/deps/raptor/build/CMakeFiles/CMakeTmp

Run Build Command(s):/usr/bin/make cmTC_739b4/fast && make[1]: Entering directory '/home/projects/MAAG/Magpie/Magpie/vgan_corrected/dep/vg/deps/raptor/build/CMakeFiles/CMakeTmp'
/usr/bin/make -f CMakeFiles/cmTC_739b4.dir/build.make CMakeFiles/cmTC_739b4.dir/build
make[2]: Entering directory '/home/projects/MAAG/Magpie/Magpie/vgan_corrected/dep/vg/deps/raptor/build/CMakeFiles/CMakeTmp'
Building C object CMakeFiles/cmTC_739b4.dir/CheckFunctionExists.c.o
/usr/bin/gcc  -I/usr/include/libxml2  -I /home/projects/MAAG/Magpie/Magpie/vgan_corrected/dep/vg/include -DCHECK_FUNCTION_EXISTS=xmlSAX2InternalSubset   -o CMakeFiles/cmTC_739b4.dir/CheckFunctionExists.c.o   -c /usr/share/cmake-3.16/Modules/CheckFunctionExists.c
Linking C executable cmTC_739b4
/usr/bin/cmake -E cmake_link_script CMakeFiles/cmTC_739b4.dir/link.txt --verbose=1
/usr/bin/gcc -I /home/projects/MAAG/Magpie/Magpie/vgan_corrected/dep/vg/include -DCHECK_FUNCTION_EXISTS=xmlSAX2InternalSubset    -rdynamic CMakeFiles/cmTC_739b4.dir/CheckFunctionExists.c.o  -o cmTC_739b4  /usr/lib/x86_64-linux-gnu/libxml2.so 
make[2]: Leaving directory '/home/projects/MAAG/Magpie/Magpie/vgan_corrected/dep/vg/deps/raptor/build/CMakeFiles/CMakeTmp'
make[1]: Leaving directory '/home/projects/MAAG/Magpie/Magpie/vgan_corrected/dep/vg/deps/raptor/build/CMakeFiles/CMakeTmp'



Performing C SOURCE FILE Test RAPTOR_LIBXML_ENTITY_ETYPE succeeded with the following output:
Change Dir: /home/projects/MAAG/Magpie/Magpie/vgan_corrected/dep/vg/deps/raptor/build/CMakeFiles/CMakeTmp

Run Build Command(s):/usr/bin/make cmTC_c1df2/fast && make[1]: Entering directory '/home/projects/MAAG/Magpie/Magpie/vgan_corrected/dep/vg/deps/raptor/build/CMakeFiles/CMakeTmp'
/usr/bin/make -f CMakeFiles/cmTC_c1df2.dir/build.make CMakeFiles/cmTC_c1df2.dir/build
make[2]: Entering directory '/home/projects/MAAG/Magpie/Magpie/vgan_corrected/dep/vg/deps/raptor/build/CMakeFiles/CMakeTmp'
Building C object CMakeFiles/cmTC_c1df2.dir/src.c.o
/usr/bin/gcc  -I/usr/include/libxml2  -I /home/projects/MAAG/Magpie/Magpie/vgan_corrected/dep/vg/include -DRAPTOR_LIBXML_ENTITY_ETYPE   -o CMakeFiles/cmTC_c1df2.dir/src.c.o   -c /home/projects/MAAG/Magpie/Magpie/vgan_corrected/dep/vg/deps/raptor/build/CMakeFiles/CMakeTmp/src.c
Linking C executable cmTC_c1df2
/usr/bin/cmake -E cmake_link_script CMakeFiles/cmTC_c1df2.dir/link.txt --verbose=1
/usr/bin/gcc -I /home/projects/MAAG/Magpie/Magpie/vgan_corrected/dep/vg/include -DRAPTOR_LIBXML_ENTITY_ETYPE    -rdynamic CMakeFiles/cmTC_c1df2.dir/src.c.o  -o cmTC_c1df2  /usr/lib/x86_64-linux-gnu/libxml2.so 
make[2]: Leaving directory '/home/projects/MAAG/Magpie/Magpie/vgan_corrected/dep/vg/deps/raptor/build/CMakeFiles/CMakeTmp'
make[1]: Leaving directory '/home/projects/MAAG/Magpie/Magpie/vgan_corrected/dep/vg/deps/raptor/build/CMakeFiles/CMakeTmp'


Source file was:

#include <libxml/parser.h>

int main()
{
  (void)sizeof(((xmlEntity *)0)->etype);
  return 0;
}

Performing C SOURCE FILE Test RAPTOR_LIBXML_XMLSAXHANDLER_INITIALIZED succeeded with the following output:
Change Dir: /home/projects/MAAG/Magpie/Magpie/vgan_corrected/dep/vg/deps/raptor/build/CMakeFiles/CMakeTmp

Run Build Command(s):/usr/bin/make cmTC_2a416/fast && make[1]: Entering directory '/home/projects/MAAG/Magpie/Magpie/vgan_corrected/dep/vg/deps/raptor/build/CMakeFiles/CMakeTmp'
/usr/bin/make -f CMakeFiles/cmTC_2a416.dir/build.make CMakeFiles/cmTC_2a416.dir/build
make[2]: Entering directory '/home/projects/MAAG/Magpie/Magpie/vgan_corrected/dep/vg/deps/raptor/build/CMakeFiles/CMakeTmp'
Building C object CMakeFiles/cmTC_2a416.dir/src.c.o
/usr/bin/gcc  -I/usr/include/libxml2  -I /home/projects/MAAG/Magpie/Magpie/vgan_corrected/dep/vg/include -DRAPTOR_LIBXML_XMLSAXHANDLER_INITIALIZED   -o CMakeFiles/cmTC_2a416.dir/src.c.o   -c /home/projects/MAAG/Magpie/Magpie/vgan_corrected/dep/vg/deps/raptor/build/CMakeFiles/CMakeTmp/src.c
Linking C executable cmTC_2a416
/usr/bin/cmake -E cmake_link_script CMakeFiles/cmTC_2a416.dir/link.txt --verbose=1
/usr/bin/gcc -I /home/projects/MAAG/Magpie/Magpie/vgan_corrected/dep/vg/include -DRAPTOR_LIBXML_XMLSAXHANDLER_INITIALIZED    -rdynamic CMakeFiles/cmTC_2a416.dir/src.c.o  -o cmTC_2a416  /usr/lib/x86_64-linux-gnu/libxml2.so 
make[2]: Leaving directory '/home/projects/MAAG/Magpie/Magpie/vgan_corrected/dep/vg/deps/raptor/build/CMakeFiles/CMakeTmp'
make[1]: Leaving directory '/home/projects/MAAG/Magpie/Magpie/vgan_corrected/dep/vg/deps/raptor/build/CMakeFiles/CMakeTmp'


Source file was:

#include <libxml/parser.h>

int main()
{
  (void)sizeof(((xmlSAXHandler *)0)->initialized);
  return 0;
}

Performing C SOURCE FILE Test RAPTOR_LIBXML_XMLSAXHANDLER_EXTERNALSUBSET succeeded with the following output:
Change Dir: /home/projects/MAAG/Magpie/Magpie/vgan_corrected/dep/vg/deps/raptor/build/CMakeFiles/CMakeTmp

Run Build Command(s):/usr/bin/make cmTC_422f3/fast && make[1]: Entering directory '/home/projects/MAAG/Magpie/Magpie/vgan_corrected/dep/vg/deps/raptor/build/CMakeFiles/CMakeTmp'
/usr/bin/make -f CMakeFiles/cmTC_422f3.dir/build.make CMakeFiles/cmTC_422f3.dir/build
make[2]: Entering directory '/home/projects/MAAG/Magpie/Magpie/vgan_corrected/dep/vg/deps/raptor/build/CMakeFiles/CMakeTmp'
Building C object CMakeFiles/cmTC_422f3.dir/src.c.o
/usr/bin/gcc  -I/usr/include/libxml2  -I /home/projects/MAAG/Magpie/Magpie/vgan_corrected/dep/vg/include -DRAPTOR_LIBXML_XMLSAXHANDLER_EXTERNALSUBSET   -o CMakeFiles/cmTC_422f3.dir/src.c.o   -c /home/projects/MAAG/Magpie/Magpie/vgan_corrected/dep/vg/deps/raptor/build/CMakeFiles/CMakeTmp/src.c
Linking C executable cmTC_422f3
/usr/bin/cmake -E cmake_link_script CMakeFiles/cmTC_422f3.dir/link.txt --verbose=1
/usr/bin/gcc -I /home/projects/MAAG/Magpie/Magpie/vgan_corrected/dep/vg/include -DRAPTOR_LIBXML_XMLSAXHANDLER_EXTERNALSUBSET    -rdynamic CMakeFiles/cmTC_422f3.dir/src.c.o  -o cmTC_422f3  /usr/lib/x86_64-linux-gnu/libxml2.so 
make[2]: Leaving directory '/home/projects/MAAG/Magpie/Magpie/vgan_corrected/dep/vg/deps/raptor/build/CMakeFiles/CMakeTmp'
make[1]: Leaving directory '/home/projects/MAAG/Magpie/Magpie/vgan_corrected/dep/vg/deps/raptor/build/CMakeFiles/CMakeTmp'


Source file was:

#include <libxml/parser.h>

int main()
{
  (void)sizeof(((xmlSAXHandler *)0)->externalSubset);
  return 0;
}

Performing C SOURCE FILE Test RAPTOR_LIBXML_XML_PARSE_NONET succeeded with the following output:
Change Dir: /home/projects/MAAG/Magpie/Magpie/vgan_corrected/dep/vg/deps/raptor/build/CMakeFiles/CMakeTmp

Run Build Command(s):/usr/bin/make cmTC_d3e13/fast && make[1]: Entering directory '/home/projects/MAAG/Magpie/Magpie/vgan_corrected/dep/vg/deps/raptor/build/CMakeFiles/CMakeTmp'
/usr/bin/make -f CMakeFiles/cmTC_d3e13.dir/build.make CMakeFiles/cmTC_d3e13.dir/build
make[2]: Entering directory '/home/projects/MAAG/Magpie/Magpie/vgan_corrected/dep/vg/deps/raptor/build/CMakeFiles/CMakeTmp'
Building C object CMakeFiles/cmTC_d3e13.dir/src.c.o
/usr/bin/gcc  -I/usr/include/libxml2  -I /home/projects/MAAG/Magpie/Magpie/vgan_corrected/dep/vg/include -DRAPTOR_LIBXML_XML_PARSE_NONET   -o CMakeFiles/cmTC_d3e13.dir/src.c.o   -c /home/projects/MAAG/Magpie/Magpie/vgan_corrected/dep/vg/deps/raptor/build/CMakeFiles/CMakeTmp/src.c
Linking C executable cmTC_d3e13
/usr/bin/cmake -E cmake_link_script CMakeFiles/cmTC_d3e13.dir/link.txt --verbose=1
/usr/bin/gcc -I /home/projects/MAAG/Magpie/Magpie/vgan_corrected/dep/vg/include -DRAPTOR_LIBXML_XML_PARSE_NONET    -rdynamic CMakeFiles/cmTC_d3e13.dir/src.c.o  -o cmTC_d3e13  /usr/lib/x86_64-linux-gnu/libxml2.so 
make[2]: Leaving directory '/home/projects/MAAG/Magpie/Magpie/vgan_corrected/dep/vg/deps/raptor/build/CMakeFiles/CMakeTmp'
make[1]: Leaving directory '/home/projects/MAAG/Magpie/Magpie/vgan_corrected/dep/vg/deps/raptor/build/CMakeFiles/CMakeTmp'


Source file was:

#include <libxml/parser.h>
int main(void){ xmlParserOption foo; foo = XML_PARSE_NONET; return 0; }
Performing C SOURCE FILE Test RAPTOR_LIBXML_HTML_PARSE_NONET succeeded with the following output:
Change Dir: /home/projects/MAAG/Magpie/Magpie/vgan_corrected/dep/vg/deps/raptor/build/CMakeFiles/CMakeTmp

Run Build Command(s):/usr/bin/make cmTC_72d26/fast && make[1]: Entering directory '/home/projects/MAAG/Magpie/Magpie/vgan_corrected/dep/vg/deps/raptor/build/CMakeFiles/CMakeTmp'
/usr/bin/make -f CMakeFiles/cmTC_72d26.dir/build.make CMakeFiles/cmTC_72d26.dir/build
make[2]: Entering directory '/home/projects/MAAG/Magpie/Magpie/vgan_corrected/dep/vg/deps/raptor/build/CMakeFiles/CMakeTmp'
Building C object CMakeFiles/cmTC_72d26.dir/src.c.o
/usr/bin/gcc  -I/usr/include/libxml2  -I /home/projects/MAAG/Magpie/Magpie/vgan_corrected/dep/vg/include -DRAPTOR_LIBXML_HTML_PARSE_NONET   -o CMakeFiles/cmTC_72d26.dir/src.c.o   -c /home/projects/MAAG/Magpie/Magpie/vgan_corrected/dep/vg/deps/raptor/build/CMakeFiles/CMakeTmp/src.c
Linking C executable cmTC_72d26
/usr/bin/cmake -E cmake_link_script CMakeFiles/cmTC_72d26.dir/link.txt --verbose=1
/usr/bin/gcc -I /home/projects/MAAG/Magpie/Magpie/vgan_corrected/dep/vg/include -DRAPTOR_LIBXML_HTML_PARSE_NONET    -rdynamic CMakeFiles/cmTC_72d26.dir/src.c.o  -o cmTC_72d26  /usr/lib/x86_64-linux-gnu/libxml2.so 
make[2]: Leaving directory '/home/projects/MAAG/Magpie/Magpie/vgan_corrected/dep/vg/deps/raptor/build/CMakeFiles/CMakeTmp'
make[1]: Leaving directory '/home/projects/MAAG/Magpie/Magpie/vgan_corrected/dep/vg/deps/raptor/build/CMakeFiles/CMakeTmp'


Source file was:

#include <libxml/HTMLparser.h>
int main(void){ htmlParserOption foo; foo = HTML_PARSE_NONET; return 0; }
