The system is: Linux - 5.4.0-149-generic - x86_64
Compiling the C compiler identification source file "CMakeCCompilerId.c" succeeded.
Compiler: /usr/bin/gcc 
Build flags: -I;/home/projects2/vgan_ancient/vg/include;
Id flags:  

The output was:
0


Compilation of the C compiler identification source "CMakeCCompilerId.c" produced "a.out"

The C compiler identification is GNU, found in "/home/projects2/vgan_ancient/vg/deps/vcflib/build/CMakeFiles/3.16.3/CompilerIdC/a.out"

Compiling the CXX compiler identification source file "CMakeCXXCompilerId.cpp" succeeded.
Compiler: /usr/bin/g++ 
Build flags: -I;/home/projects2/vgan_ancient/vg/include;-I/home/projects2/vgan_ancient/vg/include/dynamic;-O3;-Werror=return-type;-std=c++14;-ggdb;-g;;-fopenmp;-msse4.2
Id flags:  

The output was:
0


Compilation of the CXX compiler identification source "CMakeCXXCompilerId.cpp" produced "a.out"

The CXX compiler identification is GNU, found in "/home/projects2/vgan_ancient/vg/deps/vcflib/build/CMakeFiles/3.16.3/CompilerIdCXX/a.out"

Determining if the C compiler works passed with the following output:
Change Dir: /home/projects2/vgan_ancient/vg/deps/vcflib/build/CMakeFiles/CMakeTmp

Run Build Command(s):/usr/bin/make cmTC_587ee/fast && make[1]: Entering directory '/net/mimer/mnt/tank/projects2/vgan_ancient/vg/deps/vcflib/build/CMakeFiles/CMakeTmp'
/usr/bin/make -f CMakeFiles/cmTC_587ee.dir/build.make CMakeFiles/cmTC_587ee.dir/build
make[2]: Entering directory '/net/mimer/mnt/tank/projects2/vgan_ancient/vg/deps/vcflib/build/CMakeFiles/CMakeTmp'
Building C object CMakeFiles/cmTC_587ee.dir/testCCompiler.c.o
/usr/bin/gcc   -I /home/projects2/vgan_ancient/vg/include    -o CMakeFiles/cmTC_587ee.dir/testCCompiler.c.o   -c /home/projects2/vgan_ancient/vg/deps/vcflib/build/CMakeFiles/CMakeTmp/testCCompiler.c
Linking C executable cmTC_587ee
/usr/bin/cmake -E cmake_link_script CMakeFiles/cmTC_587ee.dir/link.txt --verbose=1
/usr/bin/gcc -I /home/projects2/vgan_ancient/vg/include     -rdynamic CMakeFiles/cmTC_587ee.dir/testCCompiler.c.o  -o cmTC_587ee 
make[2]: Leaving directory '/net/mimer/mnt/tank/projects2/vgan_ancient/vg/deps/vcflib/build/CMakeFiles/CMakeTmp'
make[1]: Leaving directory '/net/mimer/mnt/tank/projects2/vgan_ancient/vg/deps/vcflib/build/CMakeFiles/CMakeTmp'



Detecting C compiler ABI info compiled with the following output:
Change Dir: /home/projects2/vgan_ancient/vg/deps/vcflib/build/CMakeFiles/CMakeTmp

Run Build Command(s):/usr/bin/make cmTC_ac2fc/fast && make[1]: Entering directory '/net/mimer/mnt/tank/projects2/vgan_ancient/vg/deps/vcflib/build/CMakeFiles/CMakeTmp'
/usr/bin/make -f CMakeFiles/cmTC_ac2fc.dir/build.make CMakeFiles/cmTC_ac2fc.dir/build
make[2]: Entering directory '/net/mimer/mnt/tank/projects2/vgan_ancient/vg/deps/vcflib/build/CMakeFiles/CMakeTmp'
Building C object CMakeFiles/cmTC_ac2fc.dir/CMakeCCompilerABI.c.o
/usr/bin/gcc   -I /home/projects2/vgan_ancient/vg/include    -v -o CMakeFiles/cmTC_ac2fc.dir/CMakeCCompilerABI.c.o   -c /usr/share/cmake-3.16/Modules/CMakeCCompilerABI.c
Using built-in specs.
COLLECT_GCC=/usr/bin/gcc
OFFLOAD_TARGET_NAMES=nvptx-none:hsa
OFFLOAD_TARGET_DEFAULT=1
Target: x86_64-linux-gnu
Configured with: ../src/configure -v --with-pkgversion='Ubuntu 9.4.0-1ubuntu1~20.04.2' --with-bugurl=file:///usr/share/doc/gcc-9/README.Bugs --enable-languages=c,ada,c++,go,brig,d,fortran,objc,obj-c++,gm2 --prefix=/usr --with-gcc-major-version-only --program-suffix=-9 --program-prefix=x86_64-linux-gnu- --enable-shared --enable-linker-build-id --libexecdir=/usr/lib --without-included-gettext --enable-threads=posix --libdir=/usr/lib --enable-nls --enable-clocale=gnu --enable-libstdcxx-debug --enable-libstdcxx-time=yes --with-default-libstdcxx-abi=new --enable-gnu-unique-object --disable-vtable-verify --enable-plugin --enable-default-pie --with-system-zlib --with-target-system-zlib=auto --enable-objc-gc=auto --enable-multiarch --disable-werror --with-arch-32=i686 --with-abi=m64 --with-multilib-list=m32,m64,mx32 --enable-multilib --with-tune=generic --enable-offload-targets=nvptx-none=/build/gcc-9-9QDOt0/gcc-9-9.4.0/debian/tmp-nvptx/usr,hsa --without-cuda-driver --enable-checking=release --build=x86_64-linux-gnu --host=x86_64-linux-gnu --target=x86_64-linux-gnu
Thread model: posix
gcc version 9.4.0 (Ubuntu 9.4.0-1ubuntu1~20.04.2) 
COLLECT_GCC_OPTIONS='-I' '/home/projects2/vgan_ancient/vg/include' '-v' '-o' 'CMakeFiles/cmTC_ac2fc.dir/CMakeCCompilerABI.c.o' '-c' '-mtune=generic' '-march=x86-64'
 /usr/lib/gcc/x86_64-linux-gnu/9/cc1 -quiet -v -I /home/projects2/vgan_ancient/vg/include -imultiarch x86_64-linux-gnu /usr/share/cmake-3.16/Modules/CMakeCCompilerABI.c -quiet -dumpbase CMakeCCompilerABI.c -mtune=generic -march=x86-64 -auxbase-strip CMakeFiles/cmTC_ac2fc.dir/CMakeCCompilerABI.c.o -version -fasynchronous-unwind-tables -fstack-protector-strong -Wformat -Wformat-security -fstack-clash-protection -fcf-protection -o /tmp/ccHTSsvb.s
GNU C17 (Ubuntu 9.4.0-1ubuntu1~20.04.2) version 9.4.0 (x86_64-linux-gnu)
	compiled by GNU C version 9.4.0, GMP version 6.2.0, MPFR version 4.0.2, MPC version 1.1.0, isl version isl-0.22.1-GMP

GGC heuristics: --param ggc-min-expand=100 --param ggc-min-heapsize=131072
ignoring nonexistent directory "/usr/local/include/x86_64-linux-gnu"
ignoring nonexistent directory "/usr/lib/gcc/x86_64-linux-gnu/9/include-fixed"
ignoring nonexistent directory "/usr/lib/gcc/x86_64-linux-gnu/9/../../../../x86_64-linux-gnu/include"
#include "..." search starts here:
#include <...> search starts here:
 /home/projects2/vgan_ancient/vg/include
 /usr/lib/gcc/x86_64-linux-gnu/9/include
 /usr/local/include
 /usr/include/x86_64-linux-gnu
 /usr/include
End of search list.
GNU C17 (Ubuntu 9.4.0-1ubuntu1~20.04.2) version 9.4.0 (x86_64-linux-gnu)
	compiled by GNU C version 9.4.0, GMP version 6.2.0, MPFR version 4.0.2, MPC version 1.1.0, isl version isl-0.22.1-GMP

GGC heuristics: --param ggc-min-expand=100 --param ggc-min-heapsize=131072
Compiler executable checksum: 01da938ff5dc2163489aa33cb3b747a7
COLLECT_GCC_OPTIONS='-I' '/home/projects2/vgan_ancient/vg/include' '-v' '-o' 'CMakeFiles/cmTC_ac2fc.dir/CMakeCCompilerABI.c.o' '-c' '-mtune=generic' '-march=x86-64'
 as -v -I /home/projects2/vgan_ancient/vg/include --64 -o CMakeFiles/cmTC_ac2fc.dir/CMakeCCompilerABI.c.o /tmp/ccHTSsvb.s
GNU assembler version 2.34 (x86_64-linux-gnu) using BFD version (GNU Binutils for Ubuntu) 2.34
COMPILER_PATH=/usr/lib/gcc/x86_64-linux-gnu/9/:/usr/lib/gcc/x86_64-linux-gnu/9/:/usr/lib/gcc/x86_64-linux-gnu/:/usr/lib/gcc/x86_64-linux-gnu/9/:/usr/lib/gcc/x86_64-linux-gnu/
LIBRARY_PATH=/home/projects2/vgan_ancient/vg/lib/../lib/:/usr/lib/gcc/x86_64-linux-gnu/9/:/usr/lib/gcc/x86_64-linux-gnu/9/../../../x86_64-linux-gnu/:/usr/lib/gcc/x86_64-linux-gnu/9/../../../../lib/:/lib/x86_64-linux-gnu/:/lib/../lib/:/usr/lib/x86_64-linux-gnu/:/usr/lib/../lib/:/home/projects2/vgan_ancient/vg/lib/:./:/usr/lib/gcc/x86_64-linux-gnu/9/../../../:/lib/:/usr/lib/
COLLECT_GCC_OPTIONS='-I' '/home/projects2/vgan_ancient/vg/include' '-v' '-o' 'CMakeFiles/cmTC_ac2fc.dir/CMakeCCompilerABI.c.o' '-c' '-mtune=generic' '-march=x86-64'
Linking C executable cmTC_ac2fc
/usr/bin/cmake -E cmake_link_script CMakeFiles/cmTC_ac2fc.dir/link.txt --verbose=1
/usr/bin/gcc -I /home/projects2/vgan_ancient/vg/include    -v -rdynamic CMakeFiles/cmTC_ac2fc.dir/CMakeCCompilerABI.c.o  -o cmTC_ac2fc 
Using built-in specs.
COLLECT_GCC=/usr/bin/gcc
COLLECT_LTO_WRAPPER=/usr/lib/gcc/x86_64-linux-gnu/9/lto-wrapper
OFFLOAD_TARGET_NAMES=nvptx-none:hsa
OFFLOAD_TARGET_DEFAULT=1
Target: x86_64-linux-gnu
Configured with: ../src/configure -v --with-pkgversion='Ubuntu 9.4.0-1ubuntu1~20.04.2' --with-bugurl=file:///usr/share/doc/gcc-9/README.Bugs --enable-languages=c,ada,c++,go,brig,d,fortran,objc,obj-c++,gm2 --prefix=/usr --with-gcc-major-version-only --program-suffix=-9 --program-prefix=x86_64-linux-gnu- --enable-shared --enable-linker-build-id --libexecdir=/usr/lib --without-included-gettext --enable-threads=posix --libdir=/usr/lib --enable-nls --enable-clocale=gnu --enable-libstdcxx-debug --enable-libstdcxx-time=yes --with-default-libstdcxx-abi=new --enable-gnu-unique-object --disable-vtable-verify --enable-plugin --enable-default-pie --with-system-zlib --with-target-system-zlib=auto --enable-objc-gc=auto --enable-multiarch --disable-werror --with-arch-32=i686 --with-abi=m64 --with-multilib-list=m32,m64,mx32 --enable-multilib --with-tune=generic --enable-offload-targets=nvptx-none=/build/gcc-9-9QDOt0/gcc-9-9.4.0/debian/tmp-nvptx/usr,hsa --without-cuda-driver --enable-checking=release --build=x86_64-linux-gnu --host=x86_64-linux-gnu --target=x86_64-linux-gnu
Thread model: posix
gcc version 9.4.0 (Ubuntu 9.4.0-1ubuntu1~20.04.2) 
COMPILER_PATH=/usr/lib/gcc/x86_64-linux-gnu/9/:/usr/lib/gcc/x86_64-linux-gnu/9/:/usr/lib/gcc/x86_64-linux-gnu/:/usr/lib/gcc/x86_64-linux-gnu/9/:/usr/lib/gcc/x86_64-linux-gnu/
LIBRARY_PATH=/home/projects2/vgan_ancient/vg/lib/../lib/:/usr/lib/gcc/x86_64-linux-gnu/9/:/usr/lib/gcc/x86_64-linux-gnu/9/../../../x86_64-linux-gnu/:/usr/lib/gcc/x86_64-linux-gnu/9/../../../../lib/:/lib/x86_64-linux-gnu/:/lib/../lib/:/usr/lib/x86_64-linux-gnu/:/usr/lib/../lib/:/home/projects2/vgan_ancient/vg/lib/:./:/usr/lib/gcc/x86_64-linux-gnu/9/../../../:/lib/:/usr/lib/
COLLECT_GCC_OPTIONS='-I' '/home/projects2/vgan_ancient/vg/include' '-v' '-rdynamic' '-o' 'cmTC_ac2fc' '-mtune=generic' '-march=x86-64'
 /usr/lib/gcc/x86_64-linux-gnu/9/collect2 -plugin /usr/lib/gcc/x86_64-linux-gnu/9/liblto_plugin.so -plugin-opt=/usr/lib/gcc/x86_64-linux-gnu/9/lto-wrapper -plugin-opt=-fresolution=/tmp/ccy1dzGl.res -plugin-opt=-pass-through=-lgcc -plugin-opt=-pass-through=-lgcc_s -plugin-opt=-pass-through=-lc -plugin-opt=-pass-through=-lgcc -plugin-opt=-pass-through=-lgcc_s --build-id --eh-frame-hdr -m elf_x86_64 --hash-style=gnu --as-needed -export-dynamic -dynamic-linker /lib64/ld-linux-x86-64.so.2 -pie -z now -z relro -o cmTC_ac2fc /usr/lib/gcc/x86_64-linux-gnu/9/../../../x86_64-linux-gnu/Scrt1.o /usr/lib/gcc/x86_64-linux-gnu/9/../../../x86_64-linux-gnu/crti.o /usr/lib/gcc/x86_64-linux-gnu/9/crtbeginS.o -L/home/projects2/vgan_ancient/vg/lib/../lib -L/usr/lib/gcc/x86_64-linux-gnu/9 -L/usr/lib/gcc/x86_64-linux-gnu/9/../../../x86_64-linux-gnu -L/usr/lib/gcc/x86_64-linux-gnu/9/../../../../lib -L/lib/x86_64-linux-gnu -L/lib/../lib -L/usr/lib/x86_64-linux-gnu -L/usr/lib/../lib -L/home/projects2/vgan_ancient/vg/lib -L. -L/usr/lib/gcc/x86_64-linux-gnu/9/../../.. CMakeFiles/cmTC_ac2fc.dir/CMakeCCompilerABI.c.o -lgcc --push-state --as-needed -lgcc_s --pop-state -lc -lgcc --push-state --as-needed -lgcc_s --pop-state /usr/lib/gcc/x86_64-linux-gnu/9/crtendS.o /usr/lib/gcc/x86_64-linux-gnu/9/../../../x86_64-linux-gnu/crtn.o
COLLECT_GCC_OPTIONS='-I' '/home/projects2/vgan_ancient/vg/include' '-v' '-rdynamic' '-o' 'cmTC_ac2fc' '-mtune=generic' '-march=x86-64'
make[2]: Leaving directory '/net/mimer/mnt/tank/projects2/vgan_ancient/vg/deps/vcflib/build/CMakeFiles/CMakeTmp'
make[1]: Leaving directory '/net/mimer/mnt/tank/projects2/vgan_ancient/vg/deps/vcflib/build/CMakeFiles/CMakeTmp'



Parsed C implicit include dir info from above output: rv=done
  found start of include info
  found start of implicit include info
    add: [/home/projects2/vgan_ancient/vg/include]
    add: [/usr/lib/gcc/x86_64-linux-gnu/9/include]
    add: [/usr/local/include]
    add: [/usr/include/x86_64-linux-gnu]
    add: [/usr/include]
  end of search list found
  collapse include dir [/home/projects2/vgan_ancient/vg/include] ==> [/home/projects2/vgan_ancient/vg/include]
  collapse include dir [/usr/lib/gcc/x86_64-linux-gnu/9/include] ==> [/usr/lib/gcc/x86_64-linux-gnu/9/include]
  collapse include dir [/usr/local/include] ==> [/usr/local/include]
  collapse include dir [/usr/include/x86_64-linux-gnu] ==> [/usr/include/x86_64-linux-gnu]
  collapse include dir [/usr/include] ==> [/usr/include]
  implicit include dirs: [/home/projects2/vgan_ancient/vg/include;/usr/lib/gcc/x86_64-linux-gnu/9/include;/usr/local/include;/usr/include/x86_64-linux-gnu;/usr/include]


Parsed C implicit link information from above output:
  link line regex: [^( *|.*[/\])(ld|CMAKE_LINK_STARTFILE-NOTFOUND|([^/\]+-)?ld|collect2)[^/\]*( |$)]
  ignore line: [Change Dir: /home/projects2/vgan_ancient/vg/deps/vcflib/build/CMakeFiles/CMakeTmp]
  ignore line: []
  ignore line: [Run Build Command(s):/usr/bin/make cmTC_ac2fc/fast && make[1]: Entering directory '/net/mimer/mnt/tank/projects2/vgan_ancient/vg/deps/vcflib/build/CMakeFiles/CMakeTmp']
  ignore line: [/usr/bin/make -f CMakeFiles/cmTC_ac2fc.dir/build.make CMakeFiles/cmTC_ac2fc.dir/build]
  ignore line: [make[2]: Entering directory '/net/mimer/mnt/tank/projects2/vgan_ancient/vg/deps/vcflib/build/CMakeFiles/CMakeTmp']
  ignore line: [Building C object CMakeFiles/cmTC_ac2fc.dir/CMakeCCompilerABI.c.o]
  ignore line: [/usr/bin/gcc   -I /home/projects2/vgan_ancient/vg/include    -v -o CMakeFiles/cmTC_ac2fc.dir/CMakeCCompilerABI.c.o   -c /usr/share/cmake-3.16/Modules/CMakeCCompilerABI.c]
  ignore line: [Using built-in specs.]
  ignore line: [COLLECT_GCC=/usr/bin/gcc]
  ignore line: [OFFLOAD_TARGET_NAMES=nvptx-none:hsa]
  ignore line: [OFFLOAD_TARGET_DEFAULT=1]
  ignore line: [Target: x86_64-linux-gnu]
  ignore line: [Configured with: ../src/configure -v --with-pkgversion='Ubuntu 9.4.0-1ubuntu1~20.04.2' --with-bugurl=file:///usr/share/doc/gcc-9/README.Bugs --enable-languages=c ada c++ go brig d fortran objc obj-c++ gm2 --prefix=/usr --with-gcc-major-version-only --program-suffix=-9 --program-prefix=x86_64-linux-gnu- --enable-shared --enable-linker-build-id --libexecdir=/usr/lib --without-included-gettext --enable-threads=posix --libdir=/usr/lib --enable-nls --enable-clocale=gnu --enable-libstdcxx-debug --enable-libstdcxx-time=yes --with-default-libstdcxx-abi=new --enable-gnu-unique-object --disable-vtable-verify --enable-plugin --enable-default-pie --with-system-zlib --with-target-system-zlib=auto --enable-objc-gc=auto --enable-multiarch --disable-werror --with-arch-32=i686 --with-abi=m64 --with-multilib-list=m32 m64 mx32 --enable-multilib --with-tune=generic --enable-offload-targets=nvptx-none=/build/gcc-9-9QDOt0/gcc-9-9.4.0/debian/tmp-nvptx/usr hsa --without-cuda-driver --enable-checking=release --build=x86_64-linux-gnu --host=x86_64-linux-gnu --target=x86_64-linux-gnu]
  ignore line: [Thread model: posix]
  ignore line: [gcc version 9.4.0 (Ubuntu 9.4.0-1ubuntu1~20.04.2) ]
  ignore line: [COLLECT_GCC_OPTIONS='-I' '/home/projects2/vgan_ancient/vg/include' '-v' '-o' 'CMakeFiles/cmTC_ac2fc.dir/CMakeCCompilerABI.c.o' '-c' '-mtune=generic' '-march=x86-64']
  ignore line: [ /usr/lib/gcc/x86_64-linux-gnu/9/cc1 -quiet -v -I /home/projects2/vgan_ancient/vg/include -imultiarch x86_64-linux-gnu /usr/share/cmake-3.16/Modules/CMakeCCompilerABI.c -quiet -dumpbase CMakeCCompilerABI.c -mtune=generic -march=x86-64 -auxbase-strip CMakeFiles/cmTC_ac2fc.dir/CMakeCCompilerABI.c.o -version -fasynchronous-unwind-tables -fstack-protector-strong -Wformat -Wformat-security -fstack-clash-protection -fcf-protection -o /tmp/ccHTSsvb.s]
  ignore line: [GNU C17 (Ubuntu 9.4.0-1ubuntu1~20.04.2) version 9.4.0 (x86_64-linux-gnu)]
  ignore line: [	compiled by GNU C version 9.4.0  GMP version 6.2.0  MPFR version 4.0.2  MPC version 1.1.0  isl version isl-0.22.1-GMP]
  ignore line: []
  ignore line: [GGC heuristics: --param ggc-min-expand=100 --param ggc-min-heapsize=131072]
  ignore line: [ignoring nonexistent directory "/usr/local/include/x86_64-linux-gnu"]
  ignore line: [ignoring nonexistent directory "/usr/lib/gcc/x86_64-linux-gnu/9/include-fixed"]
  ignore line: [ignoring nonexistent directory "/usr/lib/gcc/x86_64-linux-gnu/9/../../../../x86_64-linux-gnu/include"]
  ignore line: [#include "..." search starts here:]
  ignore line: [#include <...> search starts here:]
  ignore line: [ /home/projects2/vgan_ancient/vg/include]
  ignore line: [ /usr/lib/gcc/x86_64-linux-gnu/9/include]
  ignore line: [ /usr/local/include]
  ignore line: [ /usr/include/x86_64-linux-gnu]
  ignore line: [ /usr/include]
  ignore line: [End of search list.]
  ignore line: [GNU C17 (Ubuntu 9.4.0-1ubuntu1~20.04.2) version 9.4.0 (x86_64-linux-gnu)]
  ignore line: [	compiled by GNU C version 9.4.0  GMP version 6.2.0  MPFR version 4.0.2  MPC version 1.1.0  isl version isl-0.22.1-GMP]
  ignore line: []
  ignore line: [GGC heuristics: --param ggc-min-expand=100 --param ggc-min-heapsize=131072]
  ignore line: [Compiler executable checksum: 01da938ff5dc2163489aa33cb3b747a7]
  ignore line: [COLLECT_GCC_OPTIONS='-I' '/home/projects2/vgan_ancient/vg/include' '-v' '-o' 'CMakeFiles/cmTC_ac2fc.dir/CMakeCCompilerABI.c.o' '-c' '-mtune=generic' '-march=x86-64']
  ignore line: [ as -v -I /home/projects2/vgan_ancient/vg/include --64 -o CMakeFiles/cmTC_ac2fc.dir/CMakeCCompilerABI.c.o /tmp/ccHTSsvb.s]
  ignore line: [GNU assembler version 2.34 (x86_64-linux-gnu) using BFD version (GNU Binutils for Ubuntu) 2.34]
  ignore line: [COMPILER_PATH=/usr/lib/gcc/x86_64-linux-gnu/9/:/usr/lib/gcc/x86_64-linux-gnu/9/:/usr/lib/gcc/x86_64-linux-gnu/:/usr/lib/gcc/x86_64-linux-gnu/9/:/usr/lib/gcc/x86_64-linux-gnu/]
  ignore line: [LIBRARY_PATH=/home/projects2/vgan_ancient/vg/lib/../lib/:/usr/lib/gcc/x86_64-linux-gnu/9/:/usr/lib/gcc/x86_64-linux-gnu/9/../../../x86_64-linux-gnu/:/usr/lib/gcc/x86_64-linux-gnu/9/../../../../lib/:/lib/x86_64-linux-gnu/:/lib/../lib/:/usr/lib/x86_64-linux-gnu/:/usr/lib/../lib/:/home/projects2/vgan_ancient/vg/lib/:./:/usr/lib/gcc/x86_64-linux-gnu/9/../../../:/lib/:/usr/lib/]
  ignore line: [COLLECT_GCC_OPTIONS='-I' '/home/projects2/vgan_ancient/vg/include' '-v' '-o' 'CMakeFiles/cmTC_ac2fc.dir/CMakeCCompilerABI.c.o' '-c' '-mtune=generic' '-march=x86-64']
  ignore line: [Linking C executable cmTC_ac2fc]
  ignore line: [/usr/bin/cmake -E cmake_link_script CMakeFiles/cmTC_ac2fc.dir/link.txt --verbose=1]
  ignore line: [/usr/bin/gcc -I /home/projects2/vgan_ancient/vg/include    -v -rdynamic CMakeFiles/cmTC_ac2fc.dir/CMakeCCompilerABI.c.o  -o cmTC_ac2fc ]
  ignore line: [Using built-in specs.]
  ignore line: [COLLECT_GCC=/usr/bin/gcc]
  ignore line: [COLLECT_LTO_WRAPPER=/usr/lib/gcc/x86_64-linux-gnu/9/lto-wrapper]
  ignore line: [OFFLOAD_TARGET_NAMES=nvptx-none:hsa]
  ignore line: [OFFLOAD_TARGET_DEFAULT=1]
  ignore line: [Target: x86_64-linux-gnu]
  ignore line: [Configured with: ../src/configure -v --with-pkgversion='Ubuntu 9.4.0-1ubuntu1~20.04.2' --with-bugurl=file:///usr/share/doc/gcc-9/README.Bugs --enable-languages=c ada c++ go brig d fortran objc obj-c++ gm2 --prefix=/usr --with-gcc-major-version-only --program-suffix=-9 --program-prefix=x86_64-linux-gnu- --enable-shared --enable-linker-build-id --libexecdir=/usr/lib --without-included-gettext --enable-threads=posix --libdir=/usr/lib --enable-nls --enable-clocale=gnu --enable-libstdcxx-debug --enable-libstdcxx-time=yes --with-default-libstdcxx-abi=new --enable-gnu-unique-object --disable-vtable-verify --enable-plugin --enable-default-pie --with-system-zlib --with-target-system-zlib=auto --enable-objc-gc=auto --enable-multiarch --disable-werror --with-arch-32=i686 --with-abi=m64 --with-multilib-list=m32 m64 mx32 --enable-multilib --with-tune=generic --enable-offload-targets=nvptx-none=/build/gcc-9-9QDOt0/gcc-9-9.4.0/debian/tmp-nvptx/usr hsa --without-cuda-driver --enable-checking=release --build=x86_64-linux-gnu --host=x86_64-linux-gnu --target=x86_64-linux-gnu]
  ignore line: [Thread model: posix]
  ignore line: [gcc version 9.4.0 (Ubuntu 9.4.0-1ubuntu1~20.04.2) ]
  ignore line: [COMPILER_PATH=/usr/lib/gcc/x86_64-linux-gnu/9/:/usr/lib/gcc/x86_64-linux-gnu/9/:/usr/lib/gcc/x86_64-linux-gnu/:/usr/lib/gcc/x86_64-linux-gnu/9/:/usr/lib/gcc/x86_64-linux-gnu/]
  ignore line: [LIBRARY_PATH=/home/projects2/vgan_ancient/vg/lib/../lib/:/usr/lib/gcc/x86_64-linux-gnu/9/:/usr/lib/gcc/x86_64-linux-gnu/9/../../../x86_64-linux-gnu/:/usr/lib/gcc/x86_64-linux-gnu/9/../../../../lib/:/lib/x86_64-linux-gnu/:/lib/../lib/:/usr/lib/x86_64-linux-gnu/:/usr/lib/../lib/:/home/projects2/vgan_ancient/vg/lib/:./:/usr/lib/gcc/x86_64-linux-gnu/9/../../../:/lib/:/usr/lib/]
  ignore line: [COLLECT_GCC_OPTIONS='-I' '/home/projects2/vgan_ancient/vg/include' '-v' '-rdynamic' '-o' 'cmTC_ac2fc' '-mtune=generic' '-march=x86-64']
  link line: [ /usr/lib/gcc/x86_64-linux-gnu/9/collect2 -plugin /usr/lib/gcc/x86_64-linux-gnu/9/liblto_plugin.so -plugin-opt=/usr/lib/gcc/x86_64-linux-gnu/9/lto-wrapper -plugin-opt=-fresolution=/tmp/ccy1dzGl.res -plugin-opt=-pass-through=-lgcc -plugin-opt=-pass-through=-lgcc_s -plugin-opt=-pass-through=-lc -plugin-opt=-pass-through=-lgcc -plugin-opt=-pass-through=-lgcc_s --build-id --eh-frame-hdr -m elf_x86_64 --hash-style=gnu --as-needed -export-dynamic -dynamic-linker /lib64/ld-linux-x86-64.so.2 -pie -z now -z relro -o cmTC_ac2fc /usr/lib/gcc/x86_64-linux-gnu/9/../../../x86_64-linux-gnu/Scrt1.o /usr/lib/gcc/x86_64-linux-gnu/9/../../../x86_64-linux-gnu/crti.o /usr/lib/gcc/x86_64-linux-gnu/9/crtbeginS.o -L/home/projects2/vgan_ancient/vg/lib/../lib -L/usr/lib/gcc/x86_64-linux-gnu/9 -L/usr/lib/gcc/x86_64-linux-gnu/9/../../../x86_64-linux-gnu -L/usr/lib/gcc/x86_64-linux-gnu/9/../../../../lib -L/lib/x86_64-linux-gnu -L/lib/../lib -L/usr/lib/x86_64-linux-gnu -L/usr/lib/../lib -L/home/projects2/vgan_ancient/vg/lib -L. -L/usr/lib/gcc/x86_64-linux-gnu/9/../../.. CMakeFiles/cmTC_ac2fc.dir/CMakeCCompilerABI.c.o -lgcc --push-state --as-needed -lgcc_s --pop-state -lc -lgcc --push-state --as-needed -lgcc_s --pop-state /usr/lib/gcc/x86_64-linux-gnu/9/crtendS.o /usr/lib/gcc/x86_64-linux-gnu/9/../../../x86_64-linux-gnu/crtn.o]
    arg [/usr/lib/gcc/x86_64-linux-gnu/9/collect2] ==> ignore
    arg [-plugin] ==> ignore
    arg [/usr/lib/gcc/x86_64-linux-gnu/9/liblto_plugin.so] ==> ignore
    arg [-plugin-opt=/usr/lib/gcc/x86_64-linux-gnu/9/lto-wrapper] ==> ignore
    arg [-plugin-opt=-fresolution=/tmp/ccy1dzGl.res] ==> ignore
    arg [-plugin-opt=-pass-through=-lgcc] ==> ignore
    arg [-plugin-opt=-pass-through=-lgcc_s] ==> ignore
    arg [-plugin-opt=-pass-through=-lc] ==> ignore
    arg [-plugin-opt=-pass-through=-lgcc] ==> ignore
    arg [-plugin-opt=-pass-through=-lgcc_s] ==> ignore
    arg [--build-id] ==> ignore
    arg [--eh-frame-hdr] ==> ignore
    arg [-m] ==> ignore
    arg [elf_x86_64] ==> ignore
    arg [--hash-style=gnu] ==> ignore
    arg [--as-needed] ==> ignore
    arg [-export-dynamic] ==> ignore
    arg [-dynamic-linker] ==> ignore
    arg [/lib64/ld-linux-x86-64.so.2] ==> ignore
    arg [-pie] ==> ignore
    arg [-znow] ==> ignore
    arg [-zrelro] ==> ignore
    arg [-o] ==> ignore
    arg [cmTC_ac2fc] ==> ignore
    arg [/usr/lib/gcc/x86_64-linux-gnu/9/../../../x86_64-linux-gnu/Scrt1.o] ==> ignore
    arg [/usr/lib/gcc/x86_64-linux-gnu/9/../../../x86_64-linux-gnu/crti.o] ==> ignore
    arg [/usr/lib/gcc/x86_64-linux-gnu/9/crtbeginS.o] ==> ignore
    arg [-L/home/projects2/vgan_ancient/vg/lib/../lib] ==> dir [/home/projects2/vgan_ancient/vg/lib/../lib]
    arg [-L/usr/lib/gcc/x86_64-linux-gnu/9] ==> dir [/usr/lib/gcc/x86_64-linux-gnu/9]
    arg [-L/usr/lib/gcc/x86_64-linux-gnu/9/../../../x86_64-linux-gnu] ==> dir [/usr/lib/gcc/x86_64-linux-gnu/9/../../../x86_64-linux-gnu]
    arg [-L/usr/lib/gcc/x86_64-linux-gnu/9/../../../../lib] ==> dir [/usr/lib/gcc/x86_64-linux-gnu/9/../../../../lib]
    arg [-L/lib/x86_64-linux-gnu] ==> dir [/lib/x86_64-linux-gnu]
    arg [-L/lib/../lib] ==> dir [/lib/../lib]
    arg [-L/usr/lib/x86_64-linux-gnu] ==> dir [/usr/lib/x86_64-linux-gnu]
    arg [-L/usr/lib/../lib] ==> dir [/usr/lib/../lib]
    arg [-L/home/projects2/vgan_ancient/vg/lib] ==> dir [/home/projects2/vgan_ancient/vg/lib]
    arg [-L.] ==> ignore
    arg [-L/usr/lib/gcc/x86_64-linux-gnu/9/../../..] ==> dir [/usr/lib/gcc/x86_64-linux-gnu/9/../../..]
    arg [CMakeFiles/cmTC_ac2fc.dir/CMakeCCompilerABI.c.o] ==> ignore
    arg [-lgcc] ==> lib [gcc]
    arg [--push-state] ==> ignore
    arg [--as-needed] ==> ignore
    arg [-lgcc_s] ==> lib [gcc_s]
    arg [--pop-state] ==> ignore
    arg [-lc] ==> lib [c]
    arg [-lgcc] ==> lib [gcc]
    arg [--push-state] ==> ignore
    arg [--as-needed] ==> ignore
    arg [-lgcc_s] ==> lib [gcc_s]
    arg [--pop-state] ==> ignore
    arg [/usr/lib/gcc/x86_64-linux-gnu/9/crtendS.o] ==> ignore
    arg [/usr/lib/gcc/x86_64-linux-gnu/9/../../../x86_64-linux-gnu/crtn.o] ==> ignore
  collapse library dir [/home/projects2/vgan_ancient/vg/lib/../lib] ==> [/home/projects2/vgan_ancient/vg/lib]
  collapse library dir [/usr/lib/gcc/x86_64-linux-gnu/9] ==> [/usr/lib/gcc/x86_64-linux-gnu/9]
  collapse library dir [/usr/lib/gcc/x86_64-linux-gnu/9/../../../x86_64-linux-gnu] ==> [/usr/lib/x86_64-linux-gnu]
  collapse library dir [/usr/lib/gcc/x86_64-linux-gnu/9/../../../../lib] ==> [/usr/lib]
  collapse library dir [/lib/x86_64-linux-gnu] ==> [/lib/x86_64-linux-gnu]
  collapse library dir [/lib/../lib] ==> [/lib]
  collapse library dir [/usr/lib/x86_64-linux-gnu] ==> [/usr/lib/x86_64-linux-gnu]
  collapse library dir [/usr/lib/../lib] ==> [/usr/lib]
  collapse library dir [/home/projects2/vgan_ancient/vg/lib] ==> [/home/projects2/vgan_ancient/vg/lib]
  collapse library dir [/usr/lib/gcc/x86_64-linux-gnu/9/../../..] ==> [/usr/lib]
  implicit libs: [gcc;gcc_s;c;gcc;gcc_s]
  implicit dirs: [/home/projects2/vgan_ancient/vg/lib;/usr/lib/gcc/x86_64-linux-gnu/9;/usr/lib/x86_64-linux-gnu;/usr/lib;/lib/x86_64-linux-gnu;/lib]
  implicit fwks: []


Determining if the CXX compiler works passed with the following output:
Change Dir: /home/projects2/vgan_ancient/vg/deps/vcflib/build/CMakeFiles/CMakeTmp

Run Build Command(s):/usr/bin/make cmTC_85ee1/fast && make[1]: Entering directory '/net/mimer/mnt/tank/projects2/vgan_ancient/vg/deps/vcflib/build/CMakeFiles/CMakeTmp'
/usr/bin/make -f CMakeFiles/cmTC_85ee1.dir/build.make CMakeFiles/cmTC_85ee1.dir/build
make[2]: Entering directory '/net/mimer/mnt/tank/projects2/vgan_ancient/vg/deps/vcflib/build/CMakeFiles/CMakeTmp'
Building CXX object CMakeFiles/cmTC_85ee1.dir/testCXXCompiler.cxx.o
/usr/bin/g++    -I /home/projects2/vgan_ancient/vg/include -I/home/projects2/vgan_ancient/vg/include/dynamic -O3 -Werror=return-type -std=c++14 -ggdb -g  -fopenmp -msse4.2    -o CMakeFiles/cmTC_85ee1.dir/testCXXCompiler.cxx.o -c /home/projects2/vgan_ancient/vg/deps/vcflib/build/CMakeFiles/CMakeTmp/testCXXCompiler.cxx
Linking CXX executable cmTC_85ee1
/usr/bin/cmake -E cmake_link_script CMakeFiles/cmTC_85ee1.dir/link.txt --verbose=1
/usr/bin/g++  -I /home/projects2/vgan_ancient/vg/include -I/home/projects2/vgan_ancient/vg/include/dynamic -O3 -Werror=return-type -std=c++14 -ggdb -g  -fopenmp -msse4.2     -rdynamic CMakeFiles/cmTC_85ee1.dir/testCXXCompiler.cxx.o  -o cmTC_85ee1 
make[2]: Leaving directory '/net/mimer/mnt/tank/projects2/vgan_ancient/vg/deps/vcflib/build/CMakeFiles/CMakeTmp'
make[1]: Leaving directory '/net/mimer/mnt/tank/projects2/vgan_ancient/vg/deps/vcflib/build/CMakeFiles/CMakeTmp'



Detecting CXX compiler ABI info compiled with the following output:
Change Dir: /home/projects2/vgan_ancient/vg/deps/vcflib/build/CMakeFiles/CMakeTmp

Run Build Command(s):/usr/bin/make cmTC_6437b/fast && make[1]: Entering directory '/net/mimer/mnt/tank/projects2/vgan_ancient/vg/deps/vcflib/build/CMakeFiles/CMakeTmp'
/usr/bin/make -f CMakeFiles/cmTC_6437b.dir/build.make CMakeFiles/cmTC_6437b.dir/build
make[2]: Entering directory '/net/mimer/mnt/tank/projects2/vgan_ancient/vg/deps/vcflib/build/CMakeFiles/CMakeTmp'
Building CXX object CMakeFiles/cmTC_6437b.dir/CMakeCXXCompilerABI.cpp.o
/usr/bin/g++    -I /home/projects2/vgan_ancient/vg/include -I/home/projects2/vgan_ancient/vg/include/dynamic -O3 -Werror=return-type -std=c++14 -ggdb -g  -fopenmp -msse4.2    -v -o CMakeFiles/cmTC_6437b.dir/CMakeCXXCompilerABI.cpp.o -c /usr/share/cmake-3.16/Modules/CMakeCXXCompilerABI.cpp
Using built-in specs.
COLLECT_GCC=/usr/bin/g++
OFFLOAD_TARGET_NAMES=nvptx-none:hsa
OFFLOAD_TARGET_DEFAULT=1
Target: x86_64-linux-gnu
Configured with: ../src/configure -v --with-pkgversion='Ubuntu 9.4.0-1ubuntu1~20.04.2' --with-bugurl=file:///usr/share/doc/gcc-9/README.Bugs --enable-languages=c,ada,c++,go,brig,d,fortran,objc,obj-c++,gm2 --prefix=/usr --with-gcc-major-version-only --program-suffix=-9 --program-prefix=x86_64-linux-gnu- --enable-shared --enable-linker-build-id --libexecdir=/usr/lib --without-included-gettext --enable-threads=posix --libdir=/usr/lib --enable-nls --enable-clocale=gnu --enable-libstdcxx-debug --enable-libstdcxx-time=yes --with-default-libstdcxx-abi=new --enable-gnu-unique-object --disable-vtable-verify --enable-plugin --enable-default-pie --with-system-zlib --with-target-system-zlib=auto --enable-objc-gc=auto --enable-multiarch --disable-werror --with-arch-32=i686 --with-abi=m64 --with-multilib-list=m32,m64,mx32 --enable-multilib --with-tune=generic --enable-offload-targets=nvptx-none=/build/gcc-9-9QDOt0/gcc-9-9.4.0/debian/tmp-nvptx/usr,hsa --without-cuda-driver --enable-checking=release --build=x86_64-linux-gnu --host=x86_64-linux-gnu --target=x86_64-linux-gnu
Thread model: posix
gcc version 9.4.0 (Ubuntu 9.4.0-1ubuntu1~20.04.2) 
COLLECT_GCC_OPTIONS='-I' '/home/projects2/vgan_ancient/vg/include' '-I' '/home/projects2/vgan_ancient/vg/include/dynamic' '-O3' '-Werror=return-type' '-std=c++14' '-ggdb' '-g' '-fopenmp' '-msse4.2' '-v' '-o' 'CMakeFiles/cmTC_6437b.dir/CMakeCXXCompilerABI.cpp.o' '-c' '-shared-libgcc' '-mtune=generic' '-march=x86-64' '-pthread'
 /usr/lib/gcc/x86_64-linux-gnu/9/cc1plus -quiet -v -I /home/projects2/vgan_ancient/vg/include -I /home/projects2/vgan_ancient/vg/include/dynamic -imultiarch x86_64-linux-gnu -D_GNU_SOURCE -D_REENTRANT /usr/share/cmake-3.16/Modules/CMakeCXXCompilerABI.cpp -quiet -dumpbase CMakeCXXCompilerABI.cpp -msse4.2 -mtune=generic -march=x86-64 -auxbase-strip CMakeFiles/cmTC_6437b.dir/CMakeCXXCompilerABI.cpp.o -ggdb -g -O3 -Werror=return-type -std=c++14 -version -fopenmp -fasynchronous-unwind-tables -fstack-protector-strong -Wformat -Wformat-security -fstack-clash-protection -fcf-protection -o /tmp/ccabN18c.s
GNU C++14 (Ubuntu 9.4.0-1ubuntu1~20.04.2) version 9.4.0 (x86_64-linux-gnu)
	compiled by GNU C version 9.4.0, GMP version 6.2.0, MPFR version 4.0.2, MPC version 1.1.0, isl version isl-0.22.1-GMP

GGC heuristics: --param ggc-min-expand=100 --param ggc-min-heapsize=131072
ignoring duplicate directory "/usr/include/x86_64-linux-gnu/c++/9"
ignoring nonexistent directory "/usr/local/include/x86_64-linux-gnu"
ignoring nonexistent directory "/usr/lib/gcc/x86_64-linux-gnu/9/include-fixed"
ignoring nonexistent directory "/usr/lib/gcc/x86_64-linux-gnu/9/../../../../x86_64-linux-gnu/include"
#include "..." search starts here:
#include <...> search starts here:
 /home/projects2/vgan_ancient/vg/include
 /home/projects2/vgan_ancient/vg/include/dynamic
 /usr/include/c++/9
 /usr/include/x86_64-linux-gnu/c++/9
 /usr/include/c++/9/backward
 /usr/lib/gcc/x86_64-linux-gnu/9/include
 /usr/local/include
 /usr/include/x86_64-linux-gnu
 /usr/include
End of search list.
GNU C++14 (Ubuntu 9.4.0-1ubuntu1~20.04.2) version 9.4.0 (x86_64-linux-gnu)
	compiled by GNU C version 9.4.0, GMP version 6.2.0, MPFR version 4.0.2, MPC version 1.1.0, isl version isl-0.22.1-GMP

GGC heuristics: --param ggc-min-expand=100 --param ggc-min-heapsize=131072
Compiler executable checksum: 3d1eba838554fa2348dba760e4770469
COLLECT_GCC_OPTIONS='-I' '/home/projects2/vgan_ancient/vg/include' '-I' '/home/projects2/vgan_ancient/vg/include/dynamic' '-O3' '-Werror=return-type' '-std=c++14' '-ggdb' '-g' '-fopenmp' '-msse4.2' '-v' '-o' 'CMakeFiles/cmTC_6437b.dir/CMakeCXXCompilerABI.cpp.o' '-c' '-shared-libgcc' '-mtune=generic' '-march=x86-64' '-pthread'
 as -v -I /home/projects2/vgan_ancient/vg/include -I /home/projects2/vgan_ancient/vg/include/dynamic --64 -o CMakeFiles/cmTC_6437b.dir/CMakeCXXCompilerABI.cpp.o /tmp/ccabN18c.s
GNU assembler version 2.34 (x86_64-linux-gnu) using BFD version (GNU Binutils for Ubuntu) 2.34
COMPILER_PATH=/usr/lib/gcc/x86_64-linux-gnu/9/:/usr/lib/gcc/x86_64-linux-gnu/9/:/usr/lib/gcc/x86_64-linux-gnu/:/usr/lib/gcc/x86_64-linux-gnu/9/:/usr/lib/gcc/x86_64-linux-gnu/
LIBRARY_PATH=/home/projects2/vgan_ancient/vg/lib/../lib/:/usr/lib/gcc/x86_64-linux-gnu/9/:/usr/lib/gcc/x86_64-linux-gnu/9/../../../x86_64-linux-gnu/:/usr/lib/gcc/x86_64-linux-gnu/9/../../../../lib/:/lib/x86_64-linux-gnu/:/lib/../lib/:/usr/lib/x86_64-linux-gnu/:/usr/lib/../lib/:/home/projects2/vgan_ancient/vg/lib/:./:/usr/lib/gcc/x86_64-linux-gnu/9/../../../:/lib/:/usr/lib/
COLLECT_GCC_OPTIONS='-I' '/home/projects2/vgan_ancient/vg/include' '-I' '/home/projects2/vgan_ancient/vg/include/dynamic' '-O3' '-Werror=return-type' '-std=c++14' '-ggdb' '-g' '-fopenmp' '-msse4.2' '-v' '-o' 'CMakeFiles/cmTC_6437b.dir/CMakeCXXCompilerABI.cpp.o' '-c' '-shared-libgcc' '-mtune=generic' '-march=x86-64' '-pthread'
Linking CXX executable cmTC_6437b
/usr/bin/cmake -E cmake_link_script CMakeFiles/cmTC_6437b.dir/link.txt --verbose=1
/usr/bin/g++  -I /home/projects2/vgan_ancient/vg/include -I/home/projects2/vgan_ancient/vg/include/dynamic -O3 -Werror=return-type -std=c++14 -ggdb -g  -fopenmp -msse4.2    -v -rdynamic CMakeFiles/cmTC_6437b.dir/CMakeCXXCompilerABI.cpp.o  -o cmTC_6437b 
Using built-in specs.
COLLECT_GCC=/usr/bin/g++
COLLECT_LTO_WRAPPER=/usr/lib/gcc/x86_64-linux-gnu/9/lto-wrapper
OFFLOAD_TARGET_NAMES=nvptx-none:hsa
OFFLOAD_TARGET_DEFAULT=1
Target: x86_64-linux-gnu
Configured with: ../src/configure -v --with-pkgversion='Ubuntu 9.4.0-1ubuntu1~20.04.2' --with-bugurl=file:///usr/share/doc/gcc-9/README.Bugs --enable-languages=c,ada,c++,go,brig,d,fortran,objc,obj-c++,gm2 --prefix=/usr --with-gcc-major-version-only --program-suffix=-9 --program-prefix=x86_64-linux-gnu- --enable-shared --enable-linker-build-id --libexecdir=/usr/lib --without-included-gettext --enable-threads=posix --libdir=/usr/lib --enable-nls --enable-clocale=gnu --enable-libstdcxx-debug --enable-libstdcxx-time=yes --with-default-libstdcxx-abi=new --enable-gnu-unique-object --disable-vtable-verify --enable-plugin --enable-default-pie --with-system-zlib --with-target-system-zlib=auto --enable-objc-gc=auto --enable-multiarch --disable-werror --with-arch-32=i686 --with-abi=m64 --with-multilib-list=m32,m64,mx32 --enable-multilib --with-tune=generic --enable-offload-targets=nvptx-none=/build/gcc-9-9QDOt0/gcc-9-9.4.0/debian/tmp-nvptx/usr,hsa --without-cuda-driver --enable-checking=release --build=x86_64-linux-gnu --host=x86_64-linux-gnu --target=x86_64-linux-gnu
Thread model: posix
gcc version 9.4.0 (Ubuntu 9.4.0-1ubuntu1~20.04.2) 
COMPILER_PATH=/usr/lib/gcc/x86_64-linux-gnu/9/:/usr/lib/gcc/x86_64-linux-gnu/9/:/usr/lib/gcc/x86_64-linux-gnu/:/usr/lib/gcc/x86_64-linux-gnu/9/:/usr/lib/gcc/x86_64-linux-gnu/
LIBRARY_PATH=/home/projects2/vgan_ancient/vg/lib/../lib/:/usr/lib/gcc/x86_64-linux-gnu/9/:/usr/lib/gcc/x86_64-linux-gnu/9/../../../x86_64-linux-gnu/:/usr/lib/gcc/x86_64-linux-gnu/9/../../../../lib/:/lib/x86_64-linux-gnu/:/lib/../lib/:/usr/lib/x86_64-linux-gnu/:/usr/lib/../lib/:/home/projects2/vgan_ancient/vg/lib/:./:/usr/lib/gcc/x86_64-linux-gnu/9/../../../:/lib/:/usr/lib/
Reading specs from /usr/lib/gcc/x86_64-linux-gnu/9/libgomp.spec
COLLECT_GCC_OPTIONS='-I' '/home/projects2/vgan_ancient/vg/include' '-I' '/home/projects2/vgan_ancient/vg/include/dynamic' '-O3' '-Werror=return-type' '-std=c++14' '-ggdb' '-g' '-fopenmp' '-msse4.2' '-v' '-rdynamic' '-o' 'cmTC_6437b' '-shared-libgcc' '-mtune=generic' '-march=x86-64' '-pthread'
 /usr/lib/gcc/x86_64-linux-gnu/9/collect2 -plugin /usr/lib/gcc/x86_64-linux-gnu/9/liblto_plugin.so -plugin-opt=/usr/lib/gcc/x86_64-linux-gnu/9/lto-wrapper -plugin-opt=-fresolution=/tmp/cciyjNY5.res -plugin-opt=-pass-through=-lgcc_s -plugin-opt=-pass-through=-lgcc -plugin-opt=-pass-through=-lpthread -plugin-opt=-pass-through=-lc -plugin-opt=-pass-through=-lgcc_s -plugin-opt=-pass-through=-lgcc --build-id --eh-frame-hdr -m elf_x86_64 --hash-style=gnu --as-needed -export-dynamic -dynamic-linker /lib64/ld-linux-x86-64.so.2 -pie -z now -z relro -o cmTC_6437b /usr/lib/gcc/x86_64-linux-gnu/9/../../../x86_64-linux-gnu/Scrt1.o /usr/lib/gcc/x86_64-linux-gnu/9/../../../x86_64-linux-gnu/crti.o /usr/lib/gcc/x86_64-linux-gnu/9/crtbeginS.o /usr/lib/gcc/x86_64-linux-gnu/9/crtoffloadbegin.o -L/home/projects2/vgan_ancient/vg/lib/../lib -L/usr/lib/gcc/x86_64-linux-gnu/9 -L/usr/lib/gcc/x86_64-linux-gnu/9/../../../x86_64-linux-gnu -L/usr/lib/gcc/x86_64-linux-gnu/9/../../../../lib -L/lib/x86_64-linux-gnu -L/lib/../lib -L/usr/lib/x86_64-linux-gnu -L/usr/lib/../lib -L/home/projects2/vgan_ancient/vg/lib -L. -L/usr/lib/gcc/x86_64-linux-gnu/9/../../.. CMakeFiles/cmTC_6437b.dir/CMakeCXXCompilerABI.cpp.o -lstdc++ -lm -lgomp -lgcc_s -lgcc -lpthread -lc -lgcc_s -lgcc /usr/lib/gcc/x86_64-linux-gnu/9/crtendS.o /usr/lib/gcc/x86_64-linux-gnu/9/../../../x86_64-linux-gnu/crtn.o /usr/lib/gcc/x86_64-linux-gnu/9/crtoffloadend.o
COLLECT_GCC_OPTIONS='-I' '/home/projects2/vgan_ancient/vg/include' '-I' '/home/projects2/vgan_ancient/vg/include/dynamic' '-O3' '-Werror=return-type' '-std=c++14' '-ggdb' '-g' '-fopenmp' '-msse4.2' '-v' '-rdynamic' '-o' 'cmTC_6437b' '-shared-libgcc' '-mtune=generic' '-march=x86-64' '-pthread'
make[2]: Leaving directory '/net/mimer/mnt/tank/projects2/vgan_ancient/vg/deps/vcflib/build/CMakeFiles/CMakeTmp'
make[1]: Leaving directory '/net/mimer/mnt/tank/projects2/vgan_ancient/vg/deps/vcflib/build/CMakeFiles/CMakeTmp'



Parsed CXX implicit include dir info from above output: rv=done
  found start of include info
  found start of implicit include info
    add: [/home/projects2/vgan_ancient/vg/include]
    add: [/home/projects2/vgan_ancient/vg/include/dynamic]
    add: [/usr/include/c++/9]
    add: [/usr/include/x86_64-linux-gnu/c++/9]
    add: [/usr/include/c++/9/backward]
    add: [/usr/lib/gcc/x86_64-linux-gnu/9/include]
    add: [/usr/local/include]
    add: [/usr/include/x86_64-linux-gnu]
    add: [/usr/include]
  end of search list found
  collapse include dir [/home/projects2/vgan_ancient/vg/include] ==> [/home/projects2/vgan_ancient/vg/include]
  collapse include dir [/home/projects2/vgan_ancient/vg/include/dynamic] ==> [/home/projects2/vgan_ancient/vg/include/dynamic]
  collapse include dir [/usr/include/c++/9] ==> [/usr/include/c++/9]
  collapse include dir [/usr/include/x86_64-linux-gnu/c++/9] ==> [/usr/include/x86_64-linux-gnu/c++/9]
  collapse include dir [/usr/include/c++/9/backward] ==> [/usr/include/c++/9/backward]
  collapse include dir [/usr/lib/gcc/x86_64-linux-gnu/9/include] ==> [/usr/lib/gcc/x86_64-linux-gnu/9/include]
  collapse include dir [/usr/local/include] ==> [/usr/local/include]
  collapse include dir [/usr/include/x86_64-linux-gnu] ==> [/usr/include/x86_64-linux-gnu]
  collapse include dir [/usr/include] ==> [/usr/include]
  implicit include dirs: [/home/projects2/vgan_ancient/vg/include;/home/projects2/vgan_ancient/vg/include/dynamic;/usr/include/c++/9;/usr/include/x86_64-linux-gnu/c++/9;/usr/include/c++/9/backward;/usr/lib/gcc/x86_64-linux-gnu/9/include;/usr/local/include;/usr/include/x86_64-linux-gnu;/usr/include]


Parsed CXX implicit link information from above output:
  link line regex: [^( *|.*[/\])(ld|CMAKE_LINK_STARTFILE-NOTFOUND|([^/\]+-)?ld|collect2)[^/\]*( |$)]
  ignore line: [Change Dir: /home/projects2/vgan_ancient/vg/deps/vcflib/build/CMakeFiles/CMakeTmp]
  ignore line: []
  ignore line: [Run Build Command(s):/usr/bin/make cmTC_6437b/fast && make[1]: Entering directory '/net/mimer/mnt/tank/projects2/vgan_ancient/vg/deps/vcflib/build/CMakeFiles/CMakeTmp']
  ignore line: [/usr/bin/make -f CMakeFiles/cmTC_6437b.dir/build.make CMakeFiles/cmTC_6437b.dir/build]
  ignore line: [make[2]: Entering directory '/net/mimer/mnt/tank/projects2/vgan_ancient/vg/deps/vcflib/build/CMakeFiles/CMakeTmp']
  ignore line: [Building CXX object CMakeFiles/cmTC_6437b.dir/CMakeCXXCompilerABI.cpp.o]
  ignore line: [/usr/bin/g++    -I /home/projects2/vgan_ancient/vg/include -I/home/projects2/vgan_ancient/vg/include/dynamic -O3 -Werror=return-type -std=c++14 -ggdb -g  -fopenmp -msse4.2    -v -o CMakeFiles/cmTC_6437b.dir/CMakeCXXCompilerABI.cpp.o -c /usr/share/cmake-3.16/Modules/CMakeCXXCompilerABI.cpp]
  ignore line: [Using built-in specs.]
  ignore line: [COLLECT_GCC=/usr/bin/g++]
  ignore line: [OFFLOAD_TARGET_NAMES=nvptx-none:hsa]
  ignore line: [OFFLOAD_TARGET_DEFAULT=1]
  ignore line: [Target: x86_64-linux-gnu]
  ignore line: [Configured with: ../src/configure -v --with-pkgversion='Ubuntu 9.4.0-1ubuntu1~20.04.2' --with-bugurl=file:///usr/share/doc/gcc-9/README.Bugs --enable-languages=c ada c++ go brig d fortran objc obj-c++ gm2 --prefix=/usr --with-gcc-major-version-only --program-suffix=-9 --program-prefix=x86_64-linux-gnu- --enable-shared --enable-linker-build-id --libexecdir=/usr/lib --without-included-gettext --enable-threads=posix --libdir=/usr/lib --enable-nls --enable-clocale=gnu --enable-libstdcxx-debug --enable-libstdcxx-time=yes --with-default-libstdcxx-abi=new --enable-gnu-unique-object --disable-vtable-verify --enable-plugin --enable-default-pie --with-system-zlib --with-target-system-zlib=auto --enable-objc-gc=auto --enable-multiarch --disable-werror --with-arch-32=i686 --with-abi=m64 --with-multilib-list=m32 m64 mx32 --enable-multilib --with-tune=generic --enable-offload-targets=nvptx-none=/build/gcc-9-9QDOt0/gcc-9-9.4.0/debian/tmp-nvptx/usr hsa --without-cuda-driver --enable-checking=release --build=x86_64-linux-gnu --host=x86_64-linux-gnu --target=x86_64-linux-gnu]
  ignore line: [Thread model: posix]
  ignore line: [gcc version 9.4.0 (Ubuntu 9.4.0-1ubuntu1~20.04.2) ]
  ignore line: [COLLECT_GCC_OPTIONS='-I' '/home/projects2/vgan_ancient/vg/include' '-I' '/home/projects2/vgan_ancient/vg/include/dynamic' '-O3' '-Werror=return-type' '-std=c++14' '-ggdb' '-g' '-fopenmp' '-msse4.2' '-v' '-o' 'CMakeFiles/cmTC_6437b.dir/CMakeCXXCompilerABI.cpp.o' '-c' '-shared-libgcc' '-mtune=generic' '-march=x86-64' '-pthread']
  ignore line: [ /usr/lib/gcc/x86_64-linux-gnu/9/cc1plus -quiet -v -I /home/projects2/vgan_ancient/vg/include -I /home/projects2/vgan_ancient/vg/include/dynamic -imultiarch x86_64-linux-gnu -D_GNU_SOURCE -D_REENTRANT /usr/share/cmake-3.16/Modules/CMakeCXXCompilerABI.cpp -quiet -dumpbase CMakeCXXCompilerABI.cpp -msse4.2 -mtune=generic -march=x86-64 -auxbase-strip CMakeFiles/cmTC_6437b.dir/CMakeCXXCompilerABI.cpp.o -ggdb -g -O3 -Werror=return-type -std=c++14 -version -fopenmp -fasynchronous-unwind-tables -fstack-protector-strong -Wformat -Wformat-security -fstack-clash-protection -fcf-protection -o /tmp/ccabN18c.s]
  ignore line: [GNU C++14 (Ubuntu 9.4.0-1ubuntu1~20.04.2) version 9.4.0 (x86_64-linux-gnu)]
  ignore line: [	compiled by GNU C version 9.4.0  GMP version 6.2.0  MPFR version 4.0.2  MPC version 1.1.0  isl version isl-0.22.1-GMP]
  ignore line: []
  ignore line: [GGC heuristics: --param ggc-min-expand=100 --param ggc-min-heapsize=131072]
  ignore line: [ignoring duplicate directory "/usr/include/x86_64-linux-gnu/c++/9"]
  ignore line: [ignoring nonexistent directory "/usr/local/include/x86_64-linux-gnu"]
  ignore line: [ignoring nonexistent directory "/usr/lib/gcc/x86_64-linux-gnu/9/include-fixed"]
  ignore line: [ignoring nonexistent directory "/usr/lib/gcc/x86_64-linux-gnu/9/../../../../x86_64-linux-gnu/include"]
  ignore line: [#include "..." search starts here:]
  ignore line: [#include <...> search starts here:]
  ignore line: [ /home/projects2/vgan_ancient/vg/include]
  ignore line: [ /home/projects2/vgan_ancient/vg/include/dynamic]
  ignore line: [ /usr/include/c++/9]
  ignore line: [ /usr/include/x86_64-linux-gnu/c++/9]
  ignore line: [ /usr/include/c++/9/backward]
  ignore line: [ /usr/lib/gcc/x86_64-linux-gnu/9/include]
  ignore line: [ /usr/local/include]
  ignore line: [ /usr/include/x86_64-linux-gnu]
  ignore line: [ /usr/include]
  ignore line: [End of search list.]
  ignore line: [GNU C++14 (Ubuntu 9.4.0-1ubuntu1~20.04.2) version 9.4.0 (x86_64-linux-gnu)]
  ignore line: [	compiled by GNU C version 9.4.0  GMP version 6.2.0  MPFR version 4.0.2  MPC version 1.1.0  isl version isl-0.22.1-GMP]
  ignore line: []
  ignore line: [GGC heuristics: --param ggc-min-expand=100 --param ggc-min-heapsize=131072]
  ignore line: [Compiler executable checksum: 3d1eba838554fa2348dba760e4770469]
  ignore line: [COLLECT_GCC_OPTIONS='-I' '/home/projects2/vgan_ancient/vg/include' '-I' '/home/projects2/vgan_ancient/vg/include/dynamic' '-O3' '-Werror=return-type' '-std=c++14' '-ggdb' '-g' '-fopenmp' '-msse4.2' '-v' '-o' 'CMakeFiles/cmTC_6437b.dir/CMakeCXXCompilerABI.cpp.o' '-c' '-shared-libgcc' '-mtune=generic' '-march=x86-64' '-pthread']
  ignore line: [ as -v -I /home/projects2/vgan_ancient/vg/include -I /home/projects2/vgan_ancient/vg/include/dynamic --64 -o CMakeFiles/cmTC_6437b.dir/CMakeCXXCompilerABI.cpp.o /tmp/ccabN18c.s]
  ignore line: [GNU assembler version 2.34 (x86_64-linux-gnu) using BFD version (GNU Binutils for Ubuntu) 2.34]
  ignore line: [COMPILER_PATH=/usr/lib/gcc/x86_64-linux-gnu/9/:/usr/lib/gcc/x86_64-linux-gnu/9/:/usr/lib/gcc/x86_64-linux-gnu/:/usr/lib/gcc/x86_64-linux-gnu/9/:/usr/lib/gcc/x86_64-linux-gnu/]
  ignore line: [LIBRARY_PATH=/home/projects2/vgan_ancient/vg/lib/../lib/:/usr/lib/gcc/x86_64-linux-gnu/9/:/usr/lib/gcc/x86_64-linux-gnu/9/../../../x86_64-linux-gnu/:/usr/lib/gcc/x86_64-linux-gnu/9/../../../../lib/:/lib/x86_64-linux-gnu/:/lib/../lib/:/usr/lib/x86_64-linux-gnu/:/usr/lib/../lib/:/home/projects2/vgan_ancient/vg/lib/:./:/usr/lib/gcc/x86_64-linux-gnu/9/../../../:/lib/:/usr/lib/]
  ignore line: [COLLECT_GCC_OPTIONS='-I' '/home/projects2/vgan_ancient/vg/include' '-I' '/home/projects2/vgan_ancient/vg/include/dynamic' '-O3' '-Werror=return-type' '-std=c++14' '-ggdb' '-g' '-fopenmp' '-msse4.2' '-v' '-o' 'CMakeFiles/cmTC_6437b.dir/CMakeCXXCompilerABI.cpp.o' '-c' '-shared-libgcc' '-mtune=generic' '-march=x86-64' '-pthread']
  ignore line: [Linking CXX executable cmTC_6437b]
  ignore line: [/usr/bin/cmake -E cmake_link_script CMakeFiles/cmTC_6437b.dir/link.txt --verbose=1]
  ignore line: [/usr/bin/g++  -I /home/projects2/vgan_ancient/vg/include -I/home/projects2/vgan_ancient/vg/include/dynamic -O3 -Werror=return-type -std=c++14 -ggdb -g  -fopenmp -msse4.2    -v -rdynamic CMakeFiles/cmTC_6437b.dir/CMakeCXXCompilerABI.cpp.o  -o cmTC_6437b ]
  ignore line: [Using built-in specs.]
  ignore line: [COLLECT_GCC=/usr/bin/g++]
  ignore line: [COLLECT_LTO_WRAPPER=/usr/lib/gcc/x86_64-linux-gnu/9/lto-wrapper]
  ignore line: [OFFLOAD_TARGET_NAMES=nvptx-none:hsa]
  ignore line: [OFFLOAD_TARGET_DEFAULT=1]
  ignore line: [Target: x86_64-linux-gnu]
  ignore line: [Configured with: ../src/configure -v --with-pkgversion='Ubuntu 9.4.0-1ubuntu1~20.04.2' --with-bugurl=file:///usr/share/doc/gcc-9/README.Bugs --enable-languages=c ada c++ go brig d fortran objc obj-c++ gm2 --prefix=/usr --with-gcc-major-version-only --program-suffix=-9 --program-prefix=x86_64-linux-gnu- --enable-shared --enable-linker-build-id --libexecdir=/usr/lib --without-included-gettext --enable-threads=posix --libdir=/usr/lib --enable-nls --enable-clocale=gnu --enable-libstdcxx-debug --enable-libstdcxx-time=yes --with-default-libstdcxx-abi=new --enable-gnu-unique-object --disable-vtable-verify --enable-plugin --enable-default-pie --with-system-zlib --with-target-system-zlib=auto --enable-objc-gc=auto --enable-multiarch --disable-werror --with-arch-32=i686 --with-abi=m64 --with-multilib-list=m32 m64 mx32 --enable-multilib --with-tune=generic --enable-offload-targets=nvptx-none=/build/gcc-9-9QDOt0/gcc-9-9.4.0/debian/tmp-nvptx/usr hsa --without-cuda-driver --enable-checking=release --build=x86_64-linux-gnu --host=x86_64-linux-gnu --target=x86_64-linux-gnu]
  ignore line: [Thread model: posix]
  ignore line: [gcc version 9.4.0 (Ubuntu 9.4.0-1ubuntu1~20.04.2) ]
  ignore line: [COMPILER_PATH=/usr/lib/gcc/x86_64-linux-gnu/9/:/usr/lib/gcc/x86_64-linux-gnu/9/:/usr/lib/gcc/x86_64-linux-gnu/:/usr/lib/gcc/x86_64-linux-gnu/9/:/usr/lib/gcc/x86_64-linux-gnu/]
  ignore line: [LIBRARY_PATH=/home/projects2/vgan_ancient/vg/lib/../lib/:/usr/lib/gcc/x86_64-linux-gnu/9/:/usr/lib/gcc/x86_64-linux-gnu/9/../../../x86_64-linux-gnu/:/usr/lib/gcc/x86_64-linux-gnu/9/../../../../lib/:/lib/x86_64-linux-gnu/:/lib/../lib/:/usr/lib/x86_64-linux-gnu/:/usr/lib/../lib/:/home/projects2/vgan_ancient/vg/lib/:./:/usr/lib/gcc/x86_64-linux-gnu/9/../../../:/lib/:/usr/lib/]
  ignore line: [Reading specs from /usr/lib/gcc/x86_64-linux-gnu/9/libgomp.spec]
  ignore line: [COLLECT_GCC_OPTIONS='-I' '/home/projects2/vgan_ancient/vg/include' '-I' '/home/projects2/vgan_ancient/vg/include/dynamic' '-O3' '-Werror=return-type' '-std=c++14' '-ggdb' '-g' '-fopenmp' '-msse4.2' '-v' '-rdynamic' '-o' 'cmTC_6437b' '-shared-libgcc' '-mtune=generic' '-march=x86-64' '-pthread']
  link line: [ /usr/lib/gcc/x86_64-linux-gnu/9/collect2 -plugin /usr/lib/gcc/x86_64-linux-gnu/9/liblto_plugin.so -plugin-opt=/usr/lib/gcc/x86_64-linux-gnu/9/lto-wrapper -plugin-opt=-fresolution=/tmp/cciyjNY5.res -plugin-opt=-pass-through=-lgcc_s -plugin-opt=-pass-through=-lgcc -plugin-opt=-pass-through=-lpthread -plugin-opt=-pass-through=-lc -plugin-opt=-pass-through=-lgcc_s -plugin-opt=-pass-through=-lgcc --build-id --eh-frame-hdr -m elf_x86_64 --hash-style=gnu --as-needed -export-dynamic -dynamic-linker /lib64/ld-linux-x86-64.so.2 -pie -z now -z relro -o cmTC_6437b /usr/lib/gcc/x86_64-linux-gnu/9/../../../x86_64-linux-gnu/Scrt1.o /usr/lib/gcc/x86_64-linux-gnu/9/../../../x86_64-linux-gnu/crti.o /usr/lib/gcc/x86_64-linux-gnu/9/crtbeginS.o /usr/lib/gcc/x86_64-linux-gnu/9/crtoffloadbegin.o -L/home/projects2/vgan_ancient/vg/lib/../lib -L/usr/lib/gcc/x86_64-linux-gnu/9 -L/usr/lib/gcc/x86_64-linux-gnu/9/../../../x86_64-linux-gnu -L/usr/lib/gcc/x86_64-linux-gnu/9/../../../../lib -L/lib/x86_64-linux-gnu -L/lib/../lib -L/usr/lib/x86_64-linux-gnu -L/usr/lib/../lib -L/home/projects2/vgan_ancient/vg/lib -L. -L/usr/lib/gcc/x86_64-linux-gnu/9/../../.. CMakeFiles/cmTC_6437b.dir/CMakeCXXCompilerABI.cpp.o -lstdc++ -lm -lgomp -lgcc_s -lgcc -lpthread -lc -lgcc_s -lgcc /usr/lib/gcc/x86_64-linux-gnu/9/crtendS.o /usr/lib/gcc/x86_64-linux-gnu/9/../../../x86_64-linux-gnu/crtn.o /usr/lib/gcc/x86_64-linux-gnu/9/crtoffloadend.o]
    arg [/usr/lib/gcc/x86_64-linux-gnu/9/collect2] ==> ignore
    arg [-plugin] ==> ignore
    arg [/usr/lib/gcc/x86_64-linux-gnu/9/liblto_plugin.so] ==> ignore
    arg [-plugin-opt=/usr/lib/gcc/x86_64-linux-gnu/9/lto-wrapper] ==> ignore
    arg [-plugin-opt=-fresolution=/tmp/cciyjNY5.res] ==> ignore
    arg [-plugin-opt=-pass-through=-lgcc_s] ==> ignore
    arg [-plugin-opt=-pass-through=-lgcc] ==> ignore
    arg [-plugin-opt=-pass-through=-lpthread] ==> ignore
    arg [-plugin-opt=-pass-through=-lc] ==> ignore
    arg [-plugin-opt=-pass-through=-lgcc_s] ==> ignore
    arg [-plugin-opt=-pass-through=-lgcc] ==> ignore
    arg [--build-id] ==> ignore
    arg [--eh-frame-hdr] ==> ignore
    arg [-m] ==> ignore
    arg [elf_x86_64] ==> ignore
    arg [--hash-style=gnu] ==> ignore
    arg [--as-needed] ==> ignore
    arg [-export-dynamic] ==> ignore
    arg [-dynamic-linker] ==> ignore
    arg [/lib64/ld-linux-x86-64.so.2] ==> ignore
    arg [-pie] ==> ignore
    arg [-znow] ==> ignore
    arg [-zrelro] ==> ignore
    arg [-o] ==> ignore
    arg [cmTC_6437b] ==> ignore
    arg [/usr/lib/gcc/x86_64-linux-gnu/9/../../../x86_64-linux-gnu/Scrt1.o] ==> ignore
    arg [/usr/lib/gcc/x86_64-linux-gnu/9/../../../x86_64-linux-gnu/crti.o] ==> ignore
    arg [/usr/lib/gcc/x86_64-linux-gnu/9/crtbeginS.o] ==> ignore
    arg [/usr/lib/gcc/x86_64-linux-gnu/9/crtoffloadbegin.o] ==> ignore
    arg [-L/home/projects2/vgan_ancient/vg/lib/../lib] ==> dir [/home/projects2/vgan_ancient/vg/lib/../lib]
    arg [-L/usr/lib/gcc/x86_64-linux-gnu/9] ==> dir [/usr/lib/gcc/x86_64-linux-gnu/9]
    arg [-L/usr/lib/gcc/x86_64-linux-gnu/9/../../../x86_64-linux-gnu] ==> dir [/usr/lib/gcc/x86_64-linux-gnu/9/../../../x86_64-linux-gnu]
    arg [-L/usr/lib/gcc/x86_64-linux-gnu/9/../../../../lib] ==> dir [/usr/lib/gcc/x86_64-linux-gnu/9/../../../../lib]
    arg [-L/lib/x86_64-linux-gnu] ==> dir [/lib/x86_64-linux-gnu]
    arg [-L/lib/../lib] ==> dir [/lib/../lib]
    arg [-L/usr/lib/x86_64-linux-gnu] ==> dir [/usr/lib/x86_64-linux-gnu]
    arg [-L/usr/lib/../lib] ==> dir [/usr/lib/../lib]
    arg [-L/home/projects2/vgan_ancient/vg/lib] ==> dir [/home/projects2/vgan_ancient/vg/lib]
    arg [-L.] ==> ignore
    arg [-L/usr/lib/gcc/x86_64-linux-gnu/9/../../..] ==> dir [/usr/lib/gcc/x86_64-linux-gnu/9/../../..]
    arg [CMakeFiles/cmTC_6437b.dir/CMakeCXXCompilerABI.cpp.o] ==> ignore
    arg [-lstdc++] ==> lib [stdc++]
    arg [-lm] ==> lib [m]
    arg [-lgomp] ==> lib [gomp]
    arg [-lgcc_s] ==> lib [gcc_s]
    arg [-lgcc] ==> lib [gcc]
    arg [-lpthread] ==> lib [pthread]
    arg [-lc] ==> lib [c]
    arg [-lgcc_s] ==> lib [gcc_s]
    arg [-lgcc] ==> lib [gcc]
    arg [/usr/lib/gcc/x86_64-linux-gnu/9/crtendS.o] ==> ignore
    arg [/usr/lib/gcc/x86_64-linux-gnu/9/../../../x86_64-linux-gnu/crtn.o] ==> ignore
    arg [/usr/lib/gcc/x86_64-linux-gnu/9/crtoffloadend.o] ==> ignore
  collapse library dir [/home/projects2/vgan_ancient/vg/lib/../lib] ==> [/home/projects2/vgan_ancient/vg/lib]
  collapse library dir [/usr/lib/gcc/x86_64-linux-gnu/9] ==> [/usr/lib/gcc/x86_64-linux-gnu/9]
  collapse library dir [/usr/lib/gcc/x86_64-linux-gnu/9/../../../x86_64-linux-gnu] ==> [/usr/lib/x86_64-linux-gnu]
  collapse library dir [/usr/lib/gcc/x86_64-linux-gnu/9/../../../../lib] ==> [/usr/lib]
  collapse library dir [/lib/x86_64-linux-gnu] ==> [/lib/x86_64-linux-gnu]
  collapse library dir [/lib/../lib] ==> [/lib]
  collapse library dir [/usr/lib/x86_64-linux-gnu] ==> [/usr/lib/x86_64-linux-gnu]
  collapse library dir [/usr/lib/../lib] ==> [/usr/lib]
  collapse library dir [/home/projects2/vgan_ancient/vg/lib] ==> [/home/projects2/vgan_ancient/vg/lib]
  collapse library dir [/usr/lib/gcc/x86_64-linux-gnu/9/../../..] ==> [/usr/lib]
  implicit libs: [stdc++;m;gomp;gcc_s;gcc;pthread;c;gcc_s;gcc]
  implicit dirs: [/home/projects2/vgan_ancient/vg/lib;/usr/lib/gcc/x86_64-linux-gnu/9;/usr/lib/x86_64-linux-gnu;/usr/lib;/lib/x86_64-linux-gnu;/lib]
  implicit fwks: []


Determining if the BZ2_bzCompressInit exist passed with the following output:
Change Dir: /home/projects2/vgan_ancient/vg/deps/vcflib/build/CMakeFiles/CMakeTmp

Run Build Command(s):/usr/bin/make cmTC_3ebf0/fast && make[1]: Entering directory '/net/mimer/mnt/tank/projects2/vgan_ancient/vg/deps/vcflib/build/CMakeFiles/CMakeTmp'
/usr/bin/make -f CMakeFiles/cmTC_3ebf0.dir/build.make CMakeFiles/cmTC_3ebf0.dir/build
make[2]: Entering directory '/net/mimer/mnt/tank/projects2/vgan_ancient/vg/deps/vcflib/build/CMakeFiles/CMakeTmp'
Building C object CMakeFiles/cmTC_3ebf0.dir/CheckSymbolExists.c.o
/usr/bin/gcc   -I /home/projects2/vgan_ancient/vg/include    -o CMakeFiles/cmTC_3ebf0.dir/CheckSymbolExists.c.o   -c /home/projects2/vgan_ancient/vg/deps/vcflib/build/CMakeFiles/CMakeTmp/CheckSymbolExists.c
Linking C executable cmTC_3ebf0
/usr/bin/cmake -E cmake_link_script CMakeFiles/cmTC_3ebf0.dir/link.txt --verbose=1
/usr/bin/gcc -I /home/projects2/vgan_ancient/vg/include     -rdynamic CMakeFiles/cmTC_3ebf0.dir/CheckSymbolExists.c.o  -o cmTC_3ebf0  /usr/lib/x86_64-linux-gnu/libbz2.so 
make[2]: Leaving directory '/net/mimer/mnt/tank/projects2/vgan_ancient/vg/deps/vcflib/build/CMakeFiles/CMakeTmp'
make[1]: Leaving directory '/net/mimer/mnt/tank/projects2/vgan_ancient/vg/deps/vcflib/build/CMakeFiles/CMakeTmp'


File /home/projects2/vgan_ancient/vg/deps/vcflib/build/CMakeFiles/CMakeTmp/CheckSymbolExists.c:
/* */
#include <bzlib.h>

int main(int argc, char** argv)
{
  (void)argv;
#ifndef BZ2_bzCompressInit
  return ((int*)(&BZ2_bzCompressInit))[argc];
#else
  (void)argc;
  return 0;
#endif
}
Determining if the function lzma_auto_decoder exists in the /usr/lib/x86_64-linux-gnu/liblzma.so passed with the following output:
Change Dir: /home/projects2/vgan_ancient/vg/deps/vcflib/build/CMakeFiles/CMakeTmp

Run Build Command(s):/usr/bin/make cmTC_ecf7c/fast && make[1]: Entering directory '/net/mimer/mnt/tank/projects2/vgan_ancient/vg/deps/vcflib/build/CMakeFiles/CMakeTmp'
/usr/bin/make -f CMakeFiles/cmTC_ecf7c.dir/build.make CMakeFiles/cmTC_ecf7c.dir/build
make[2]: Entering directory '/net/mimer/mnt/tank/projects2/vgan_ancient/vg/deps/vcflib/build/CMakeFiles/CMakeTmp'
Building C object CMakeFiles/cmTC_ecf7c.dir/CheckFunctionExists.c.o
/usr/bin/gcc   -I /home/projects2/vgan_ancient/vg/include -DCHECK_FUNCTION_EXISTS=lzma_auto_decoder   -o CMakeFiles/cmTC_ecf7c.dir/CheckFunctionExists.c.o   -c /usr/share/cmake-3.16/Modules/CheckFunctionExists.c
Linking C executable cmTC_ecf7c
/usr/bin/cmake -E cmake_link_script CMakeFiles/cmTC_ecf7c.dir/link.txt --verbose=1
/usr/bin/gcc -I /home/projects2/vgan_ancient/vg/include -DCHECK_FUNCTION_EXISTS=lzma_auto_decoder    -rdynamic CMakeFiles/cmTC_ecf7c.dir/CheckFunctionExists.c.o  -o cmTC_ecf7c  /usr/lib/x86_64-linux-gnu/liblzma.so 
make[2]: Leaving directory '/net/mimer/mnt/tank/projects2/vgan_ancient/vg/deps/vcflib/build/CMakeFiles/CMakeTmp'
make[1]: Leaving directory '/net/mimer/mnt/tank/projects2/vgan_ancient/vg/deps/vcflib/build/CMakeFiles/CMakeTmp'



Determining if the function lzma_easy_encoder exists in the /usr/lib/x86_64-linux-gnu/liblzma.so passed with the following output:
Change Dir: /home/projects2/vgan_ancient/vg/deps/vcflib/build/CMakeFiles/CMakeTmp

Run Build Command(s):/usr/bin/make cmTC_80b13/fast && make[1]: Entering directory '/net/mimer/mnt/tank/projects2/vgan_ancient/vg/deps/vcflib/build/CMakeFiles/CMakeTmp'
/usr/bin/make -f CMakeFiles/cmTC_80b13.dir/build.make CMakeFiles/cmTC_80b13.dir/build
make[2]: Entering directory '/net/mimer/mnt/tank/projects2/vgan_ancient/vg/deps/vcflib/build/CMakeFiles/CMakeTmp'
Building C object CMakeFiles/cmTC_80b13.dir/CheckFunctionExists.c.o
/usr/bin/gcc   -I /home/projects2/vgan_ancient/vg/include -DCHECK_FUNCTION_EXISTS=lzma_easy_encoder   -o CMakeFiles/cmTC_80b13.dir/CheckFunctionExists.c.o   -c /usr/share/cmake-3.16/Modules/CheckFunctionExists.c
Linking C executable cmTC_80b13
/usr/bin/cmake -E cmake_link_script CMakeFiles/cmTC_80b13.dir/link.txt --verbose=1
/usr/bin/gcc -I /home/projects2/vgan_ancient/vg/include -DCHECK_FUNCTION_EXISTS=lzma_easy_encoder    -rdynamic CMakeFiles/cmTC_80b13.dir/CheckFunctionExists.c.o  -o cmTC_80b13  /usr/lib/x86_64-linux-gnu/liblzma.so 
make[2]: Leaving directory '/net/mimer/mnt/tank/projects2/vgan_ancient/vg/deps/vcflib/build/CMakeFiles/CMakeTmp'
make[1]: Leaving directory '/net/mimer/mnt/tank/projects2/vgan_ancient/vg/deps/vcflib/build/CMakeFiles/CMakeTmp'



Determining if the function lzma_lzma_preset exists in the /usr/lib/x86_64-linux-gnu/liblzma.so passed with the following output:
Change Dir: /home/projects2/vgan_ancient/vg/deps/vcflib/build/CMakeFiles/CMakeTmp

Run Build Command(s):/usr/bin/make cmTC_1a8d8/fast && make[1]: Entering directory '/net/mimer/mnt/tank/projects2/vgan_ancient/vg/deps/vcflib/build/CMakeFiles/CMakeTmp'
/usr/bin/make -f CMakeFiles/cmTC_1a8d8.dir/build.make CMakeFiles/cmTC_1a8d8.dir/build
make[2]: Entering directory '/net/mimer/mnt/tank/projects2/vgan_ancient/vg/deps/vcflib/build/CMakeFiles/CMakeTmp'
Building C object CMakeFiles/cmTC_1a8d8.dir/CheckFunctionExists.c.o
/usr/bin/gcc   -I /home/projects2/vgan_ancient/vg/include -DCHECK_FUNCTION_EXISTS=lzma_lzma_preset   -o CMakeFiles/cmTC_1a8d8.dir/CheckFunctionExists.c.o   -c /usr/share/cmake-3.16/Modules/CheckFunctionExists.c
Linking C executable cmTC_1a8d8
/usr/bin/cmake -E cmake_link_script CMakeFiles/cmTC_1a8d8.dir/link.txt --verbose=1
/usr/bin/gcc -I /home/projects2/vgan_ancient/vg/include -DCHECK_FUNCTION_EXISTS=lzma_lzma_preset    -rdynamic CMakeFiles/cmTC_1a8d8.dir/CheckFunctionExists.c.o  -o cmTC_1a8d8  /usr/lib/x86_64-linux-gnu/liblzma.so 
make[2]: Leaving directory '/net/mimer/mnt/tank/projects2/vgan_ancient/vg/deps/vcflib/build/CMakeFiles/CMakeTmp'
make[1]: Leaving directory '/net/mimer/mnt/tank/projects2/vgan_ancient/vg/deps/vcflib/build/CMakeFiles/CMakeTmp'



Determining if the include file pthread.h exists passed with the following output:
Change Dir: /home/projects2/vgan_ancient/vg/deps/vcflib/build/CMakeFiles/CMakeTmp

Run Build Command(s):/usr/bin/make cmTC_5e53a/fast && make[1]: Entering directory '/net/mimer/mnt/tank/projects2/vgan_ancient/vg/deps/vcflib/build/CMakeFiles/CMakeTmp'
/usr/bin/make -f CMakeFiles/cmTC_5e53a.dir/build.make CMakeFiles/cmTC_5e53a.dir/build
make[2]: Entering directory '/net/mimer/mnt/tank/projects2/vgan_ancient/vg/deps/vcflib/build/CMakeFiles/CMakeTmp'
Building C object CMakeFiles/cmTC_5e53a.dir/CheckIncludeFile.c.o
/usr/bin/gcc   -I /home/projects2/vgan_ancient/vg/include    -o CMakeFiles/cmTC_5e53a.dir/CheckIncludeFile.c.o   -c /home/projects2/vgan_ancient/vg/deps/vcflib/build/CMakeFiles/CMakeTmp/CheckIncludeFile.c
Linking C executable cmTC_5e53a
/usr/bin/cmake -E cmake_link_script CMakeFiles/cmTC_5e53a.dir/link.txt --verbose=1
/usr/bin/gcc -I /home/projects2/vgan_ancient/vg/include     -rdynamic CMakeFiles/cmTC_5e53a.dir/CheckIncludeFile.c.o  -o cmTC_5e53a 
make[2]: Leaving directory '/net/mimer/mnt/tank/projects2/vgan_ancient/vg/deps/vcflib/build/CMakeFiles/CMakeTmp'
make[1]: Leaving directory '/net/mimer/mnt/tank/projects2/vgan_ancient/vg/deps/vcflib/build/CMakeFiles/CMakeTmp'



Determining if the function pthread_create exists in the pthread passed with the following output:
Change Dir: /home/projects2/vgan_ancient/vg/deps/vcflib/build/CMakeFiles/CMakeTmp

Run Build Command(s):/usr/bin/make cmTC_28df2/fast && make[1]: Entering directory '/net/mimer/mnt/tank/projects2/vgan_ancient/vg/deps/vcflib/build/CMakeFiles/CMakeTmp'
/usr/bin/make -f CMakeFiles/cmTC_28df2.dir/build.make CMakeFiles/cmTC_28df2.dir/build
make[2]: Entering directory '/net/mimer/mnt/tank/projects2/vgan_ancient/vg/deps/vcflib/build/CMakeFiles/CMakeTmp'
Building C object CMakeFiles/cmTC_28df2.dir/CheckFunctionExists.c.o
/usr/bin/gcc   -I /home/projects2/vgan_ancient/vg/include -DCHECK_FUNCTION_EXISTS=pthread_create   -o CMakeFiles/cmTC_28df2.dir/CheckFunctionExists.c.o   -c /usr/share/cmake-3.16/Modules/CheckFunctionExists.c
Linking C executable cmTC_28df2
/usr/bin/cmake -E cmake_link_script CMakeFiles/cmTC_28df2.dir/link.txt --verbose=1
/usr/bin/gcc -I /home/projects2/vgan_ancient/vg/include -DCHECK_FUNCTION_EXISTS=pthread_create    -rdynamic CMakeFiles/cmTC_28df2.dir/CheckFunctionExists.c.o  -o cmTC_28df2  -lpthread 
make[2]: Leaving directory '/net/mimer/mnt/tank/projects2/vgan_ancient/vg/deps/vcflib/build/CMakeFiles/CMakeTmp'
make[1]: Leaving directory '/net/mimer/mnt/tank/projects2/vgan_ancient/vg/deps/vcflib/build/CMakeFiles/CMakeTmp'



