Performing C SOURCE FILE Test CMAKE_HAVE_LIBC_PTHREAD failed with the following output:
Change Dir: /home/projects/MAAG/Magpie/Magpie/vgan_corrected/dep/vg/deps/vcflib/build/CMakeFiles/CMakeTmp

Run Build Command(s):/usr/bin/make cmTC_5d714/fast && make[1]: Entering directory '/home/projects/MAAG/Magpie/Magpie/vgan_corrected/dep/vg/deps/vcflib/build/CMakeFiles/CMakeTmp'
/usr/bin/make -f CMakeFiles/cmTC_5d714.dir/build.make CMakeFiles/cmTC_5d714.dir/build
make[2]: Entering directory '/home/projects/MAAG/Magpie/Magpie/vgan_corrected/dep/vg/deps/vcflib/build/CMakeFiles/CMakeTmp'
Building C object CMakeFiles/cmTC_5d714.dir/src.c.o
/usr/bin/gcc   -I /home/projects/MAAG/Magpie/Magpie/vgan_corrected/dep/vg/include -DCMAKE_HAVE_LIBC_PTHREAD   -o CMakeFiles/cmTC_5d714.dir/src.c.o   -c /home/projects/MAAG/Magpie/Magpie/vgan_corrected/dep/vg/deps/vcflib/build/CMakeFiles/CMakeTmp/src.c
Linking C executable cmTC_5d714
/usr/bin/cmake -E cmake_link_script CMakeFiles/cmTC_5d714.dir/link.txt --verbose=1
/usr/bin/gcc -I /home/projects/MAAG/Magpie/Magpie/vgan_corrected/dep/vg/include -DCMAKE_HAVE_LIBC_PTHREAD    -rdynamic CMakeFiles/cmTC_5d714.dir/src.c.o  -o cmTC_5d714 
/usr/bin/ld: CMakeFiles/cmTC_5d714.dir/src.c.o: in function `main':
src.c:(.text+0x46): undefined reference to `pthread_create'
/usr/bin/ld: src.c:(.text+0x52): undefined reference to `pthread_detach'
/usr/bin/ld: src.c:(.text+0x63): undefined reference to `pthread_join'
collect2: error: ld returned 1 exit status
make[2]: *** [CMakeFiles/cmTC_5d714.dir/build.make:87: cmTC_5d714] Error 1
make[2]: Leaving directory '/home/projects/MAAG/Magpie/Magpie/vgan_corrected/dep/vg/deps/vcflib/build/CMakeFiles/CMakeTmp'
make[1]: *** [Makefile:121: cmTC_5d714/fast] Error 2
make[1]: Leaving directory '/home/projects/MAAG/Magpie/Magpie/vgan_corrected/dep/vg/deps/vcflib/build/CMakeFiles/CMakeTmp'


Source file was:
#include <pthread.h>

void* test_func(void* data)
{
  return data;
}

int main(void)
{
  pthread_t thread;
  pthread_create(&thread, NULL, test_func, NULL);
  pthread_detach(thread);
  pthread_join(thread, NULL);
  pthread_atfork(NULL, NULL, NULL);
  pthread_exit(NULL);

  return 0;
}

Determining if the function pthread_create exists in the pthreads failed with the following output:
Change Dir: /home/projects/MAAG/Magpie/Magpie/vgan_corrected/dep/vg/deps/vcflib/build/CMakeFiles/CMakeTmp

Run Build Command(s):/usr/bin/make cmTC_8d0e5/fast && make[1]: Entering directory '/home/projects/MAAG/Magpie/Magpie/vgan_corrected/dep/vg/deps/vcflib/build/CMakeFiles/CMakeTmp'
/usr/bin/make -f CMakeFiles/cmTC_8d0e5.dir/build.make CMakeFiles/cmTC_8d0e5.dir/build
make[2]: Entering directory '/home/projects/MAAG/Magpie/Magpie/vgan_corrected/dep/vg/deps/vcflib/build/CMakeFiles/CMakeTmp'
Building C object CMakeFiles/cmTC_8d0e5.dir/CheckFunctionExists.c.o
/usr/bin/gcc   -I /home/projects/MAAG/Magpie/Magpie/vgan_corrected/dep/vg/include -DCHECK_FUNCTION_EXISTS=pthread_create   -o CMakeFiles/cmTC_8d0e5.dir/CheckFunctionExists.c.o   -c /usr/share/cmake-3.16/Modules/CheckFunctionExists.c
Linking C executable cmTC_8d0e5
/usr/bin/cmake -E cmake_link_script CMakeFiles/cmTC_8d0e5.dir/link.txt --verbose=1
/usr/bin/gcc -I /home/projects/MAAG/Magpie/Magpie/vgan_corrected/dep/vg/include -DCHECK_FUNCTION_EXISTS=pthread_create    -rdynamic CMakeFiles/cmTC_8d0e5.dir/CheckFunctionExists.c.o  -o cmTC_8d0e5  -lpthreads 
/usr/bin/ld: cannot find -lpthreads
collect2: error: ld returned 1 exit status
make[2]: *** [CMakeFiles/cmTC_8d0e5.dir/build.make:87: cmTC_8d0e5] Error 1
make[2]: Leaving directory '/home/projects/MAAG/Magpie/Magpie/vgan_corrected/dep/vg/deps/vcflib/build/CMakeFiles/CMakeTmp'
make[1]: *** [Makefile:121: cmTC_8d0e5/fast] Error 2
make[1]: Leaving directory '/home/projects/MAAG/Magpie/Magpie/vgan_corrected/dep/vg/deps/vcflib/build/CMakeFiles/CMakeTmp'



