Performing C SOURCE FILE Test HAVE___DECLSPEC_DLLEXPORT_ failed with the following output:
Change Dir: /home/projects/MAAG/Magpie/Magpie/vg_corrected/deps/sdsl-lite/build/CMakeFiles/CMakeTmp

Run Build Command(s):/usr/bin/make cmTC_208f3/fast && make[1]: Entering directory '/home/projects/MAAG/Magpie/Magpie/vg_corrected/deps/sdsl-lite/build/CMakeFiles/CMakeTmp'
/usr/bin/make -f CMakeFiles/cmTC_208f3.dir/build.make CMakeFiles/cmTC_208f3.dir/build
make[2]: Entering directory '/home/projects/MAAG/Magpie/Magpie/vg_corrected/deps/sdsl-lite/build/CMakeFiles/CMakeTmp'
Building C object CMakeFiles/cmTC_208f3.dir/src.c.o
/usr/bin/gcc   -I /home/projects/MAAG/Magpie/Magpie/vg_corrected/include -Wall -DHAVE___DECLSPEC_DLLEXPORT_   -o CMakeFiles/cmTC_208f3.dir/src.c.o   -c /home/projects/MAAG/Magpie/Magpie/vg_corrected/deps/sdsl-lite/build/CMakeFiles/CMakeTmp/src.c
/home/projects/MAAG/Magpie/Magpie/vg_corrected/deps/sdsl-lite/build/CMakeFiles/CMakeTmp/src.c:1:1: warning: return type defaults to ‘int’ [-Wimplicit-int]
    1 | __declspec(dllexport) void func(); void func() { } int main() { func(); return 0; }
      | ^~~~~~~~~~
/home/projects/MAAG/Magpie/Magpie/vg_corrected/deps/sdsl-lite/build/CMakeFiles/CMakeTmp/src.c: In function ‘__declspec’:
/home/projects/MAAG/Magpie/Magpie/vg_corrected/deps/sdsl-lite/build/CMakeFiles/CMakeTmp/src.c:1:48: error: expected ‘=’, ‘,’, ‘;’, ‘asm’ or ‘__attribute__’ before ‘{’ token
    1 | __declspec(dllexport) void func(); void func() { } int main() { func(); return 0; }
      |                                                ^
/home/projects/MAAG/Magpie/Magpie/vg_corrected/deps/sdsl-lite/build/CMakeFiles/CMakeTmp/src.c:1:63: error: expected ‘=’, ‘,’, ‘;’, ‘asm’ or ‘__attribute__’ before ‘{’ token
    1 | __declspec(dllexport) void func(); void func() { } int main() { func(); return 0; }
      |                                                               ^
/home/projects/MAAG/Magpie/Magpie/vg_corrected/deps/sdsl-lite/build/CMakeFiles/CMakeTmp/src.c:1:1: warning: type of ‘dllexport’ defaults to ‘int’ [-Wimplicit-int]
    1 | __declspec(dllexport) void func(); void func() { } int main() { func(); return 0; }
      | ^~~~~~~~~~
/home/projects/MAAG/Magpie/Magpie/vg_corrected/deps/sdsl-lite/build/CMakeFiles/CMakeTmp/src.c:1:28: error: declaration for parameter ‘func’ but no such parameter
    1 | __declspec(dllexport) void func(); void func() { } int main() { func(); return 0; }
      |                            ^~~~
/home/projects/MAAG/Magpie/Magpie/vg_corrected/deps/sdsl-lite/build/CMakeFiles/CMakeTmp/src.c:1: error: expected ‘{’ at end of input
    1 | __declspec(dllexport) void func(); void func() { } int main() { func(); return 0; }
      | 
/home/projects/MAAG/Magpie/Magpie/vg_corrected/deps/sdsl-lite/build/CMakeFiles/CMakeTmp/src.c:1: warning: control reaches end of non-void function [-Wreturn-type]
    1 | __declspec(dllexport) void func(); void func() { } int main() { func(); return 0; }
      | 
make[2]: *** [CMakeFiles/cmTC_208f3.dir/build.make:66: CMakeFiles/cmTC_208f3.dir/src.c.o] Error 1
make[2]: Leaving directory '/home/projects/MAAG/Magpie/Magpie/vg_corrected/deps/sdsl-lite/build/CMakeFiles/CMakeTmp'
make[1]: *** [Makefile:121: cmTC_208f3/fast] Error 2
make[1]: Leaving directory '/home/projects/MAAG/Magpie/Magpie/vg_corrected/deps/sdsl-lite/build/CMakeFiles/CMakeTmp'


Source file was:
__declspec(dllexport) void func(); void func() { } int main() { func(); return 0; }
Performing C SOURCE FILE Test HAVE___DECLSPEC_DLLIMPORT_ failed with the following output:
Change Dir: /home/projects/MAAG/Magpie/Magpie/vg_corrected/deps/sdsl-lite/build/CMakeFiles/CMakeTmp

Run Build Command(s):/usr/bin/make cmTC_ebbf7/fast && make[1]: Entering directory '/home/projects/MAAG/Magpie/Magpie/vg_corrected/deps/sdsl-lite/build/CMakeFiles/CMakeTmp'
/usr/bin/make -f CMakeFiles/cmTC_ebbf7.dir/build.make CMakeFiles/cmTC_ebbf7.dir/build
make[2]: Entering directory '/home/projects/MAAG/Magpie/Magpie/vg_corrected/deps/sdsl-lite/build/CMakeFiles/CMakeTmp'
Building C object CMakeFiles/cmTC_ebbf7.dir/src.c.o
/usr/bin/gcc   -I /home/projects/MAAG/Magpie/Magpie/vg_corrected/include -Wall -DHAVE___DECLSPEC_DLLIMPORT_   -o CMakeFiles/cmTC_ebbf7.dir/src.c.o   -c /home/projects/MAAG/Magpie/Magpie/vg_corrected/deps/sdsl-lite/build/CMakeFiles/CMakeTmp/src.c
/home/projects/MAAG/Magpie/Magpie/vg_corrected/deps/sdsl-lite/build/CMakeFiles/CMakeTmp/src.c:1:1: warning: return type defaults to ‘int’ [-Wimplicit-int]
    1 | __declspec(dllimport) void func(); void func() { } int main() { func(); return 0; }
      | ^~~~~~~~~~
/home/projects/MAAG/Magpie/Magpie/vg_corrected/deps/sdsl-lite/build/CMakeFiles/CMakeTmp/src.c: In function ‘__declspec’:
/home/projects/MAAG/Magpie/Magpie/vg_corrected/deps/sdsl-lite/build/CMakeFiles/CMakeTmp/src.c:1:48: error: expected ‘=’, ‘,’, ‘;’, ‘asm’ or ‘__attribute__’ before ‘{’ token
    1 | __declspec(dllimport) void func(); void func() { } int main() { func(); return 0; }
      |                                                ^
/home/projects/MAAG/Magpie/Magpie/vg_corrected/deps/sdsl-lite/build/CMakeFiles/CMakeTmp/src.c:1:63: error: expected ‘=’, ‘,’, ‘;’, ‘asm’ or ‘__attribute__’ before ‘{’ token
    1 | __declspec(dllimport) void func(); void func() { } int main() { func(); return 0; }
      |                                                               ^
/home/projects/MAAG/Magpie/Magpie/vg_corrected/deps/sdsl-lite/build/CMakeFiles/CMakeTmp/src.c:1:1: warning: type of ‘dllimport’ defaults to ‘int’ [-Wimplicit-int]
    1 | __declspec(dllimport) void func(); void func() { } int main() { func(); return 0; }
      | ^~~~~~~~~~
/home/projects/MAAG/Magpie/Magpie/vg_corrected/deps/sdsl-lite/build/CMakeFiles/CMakeTmp/src.c:1:28: error: declaration for parameter ‘func’ but no such parameter
    1 | __declspec(dllimport) void func(); void func() { } int main() { func(); return 0; }
      |                            ^~~~
/home/projects/MAAG/Magpie/Magpie/vg_corrected/deps/sdsl-lite/build/CMakeFiles/CMakeTmp/src.c:1: error: expected ‘{’ at end of input
    1 | __declspec(dllimport) void func(); void func() { } int main() { func(); return 0; }
      | 
/home/projects/MAAG/Magpie/Magpie/vg_corrected/deps/sdsl-lite/build/CMakeFiles/CMakeTmp/src.c:1: warning: control reaches end of non-void function [-Wreturn-type]
    1 | __declspec(dllimport) void func(); void func() { } int main() { func(); return 0; }
      | 
make[2]: *** [CMakeFiles/cmTC_ebbf7.dir/build.make:66: CMakeFiles/cmTC_ebbf7.dir/src.c.o] Error 1
make[2]: Leaving directory '/home/projects/MAAG/Magpie/Magpie/vg_corrected/deps/sdsl-lite/build/CMakeFiles/CMakeTmp'
make[1]: *** [Makefile:121: cmTC_ebbf7/fast] Error 2
make[1]: Leaving directory '/home/projects/MAAG/Magpie/Magpie/vg_corrected/deps/sdsl-lite/build/CMakeFiles/CMakeTmp'


Source file was:
__declspec(dllimport) void func(); void func() { } int main() { func(); return 0; }
Performing C SOURCE FILE Test CMAKE_HAVE_LIBC_PTHREAD failed with the following output:
Change Dir: /home/projects/MAAG/Magpie/Magpie/vg_corrected/deps/sdsl-lite/build/CMakeFiles/CMakeTmp

Run Build Command(s):/usr/bin/make cmTC_38f3a/fast && make[1]: Entering directory '/home/projects/MAAG/Magpie/Magpie/vg_corrected/deps/sdsl-lite/build/CMakeFiles/CMakeTmp'
/usr/bin/make -f CMakeFiles/cmTC_38f3a.dir/build.make CMakeFiles/cmTC_38f3a.dir/build
make[2]: Entering directory '/home/projects/MAAG/Magpie/Magpie/vg_corrected/deps/sdsl-lite/build/CMakeFiles/CMakeTmp'
Building C object CMakeFiles/cmTC_38f3a.dir/src.c.o
/usr/bin/gcc   -I /home/projects/MAAG/Magpie/Magpie/vg_corrected/include -DCMAKE_HAVE_LIBC_PTHREAD   -o CMakeFiles/cmTC_38f3a.dir/src.c.o   -c /home/projects/MAAG/Magpie/Magpie/vg_corrected/deps/sdsl-lite/build/CMakeFiles/CMakeTmp/src.c
Linking C executable cmTC_38f3a
/usr/bin/cmake -E cmake_link_script CMakeFiles/cmTC_38f3a.dir/link.txt --verbose=1
/usr/bin/gcc -I /home/projects/MAAG/Magpie/Magpie/vg_corrected/include -DCMAKE_HAVE_LIBC_PTHREAD    -rdynamic CMakeFiles/cmTC_38f3a.dir/src.c.o  -o cmTC_38f3a 
/usr/bin/ld: CMakeFiles/cmTC_38f3a.dir/src.c.o: in function `main':
src.c:(.text+0x46): undefined reference to `pthread_create'
/usr/bin/ld: src.c:(.text+0x52): undefined reference to `pthread_detach'
/usr/bin/ld: src.c:(.text+0x63): undefined reference to `pthread_join'
collect2: error: ld returned 1 exit status
make[2]: *** [CMakeFiles/cmTC_38f3a.dir/build.make:87: cmTC_38f3a] Error 1
make[2]: Leaving directory '/home/projects/MAAG/Magpie/Magpie/vg_corrected/deps/sdsl-lite/build/CMakeFiles/CMakeTmp'
make[1]: *** [Makefile:121: cmTC_38f3a/fast] Error 2
make[1]: Leaving directory '/home/projects/MAAG/Magpie/Magpie/vg_corrected/deps/sdsl-lite/build/CMakeFiles/CMakeTmp'


Source file was:
#include <pthread.h>

void* test_func(void* data)
{
  return data;
}

int main(void)
{
  pthread_t thread;
  pthread_create(&thread, NULL, test_func, NULL);
  pthread_detach(thread);
  pthread_join(thread, NULL);
  pthread_atfork(NULL, NULL, NULL);
  pthread_exit(NULL);

  return 0;
}

Determining if the function pthread_create exists in the pthreads failed with the following output:
Change Dir: /home/projects/MAAG/Magpie/Magpie/vg_corrected/deps/sdsl-lite/build/CMakeFiles/CMakeTmp

Run Build Command(s):/usr/bin/make cmTC_bd31d/fast && make[1]: Entering directory '/home/projects/MAAG/Magpie/Magpie/vg_corrected/deps/sdsl-lite/build/CMakeFiles/CMakeTmp'
/usr/bin/make -f CMakeFiles/cmTC_bd31d.dir/build.make CMakeFiles/cmTC_bd31d.dir/build
make[2]: Entering directory '/home/projects/MAAG/Magpie/Magpie/vg_corrected/deps/sdsl-lite/build/CMakeFiles/CMakeTmp'
Building C object CMakeFiles/cmTC_bd31d.dir/CheckFunctionExists.c.o
/usr/bin/gcc   -I /home/projects/MAAG/Magpie/Magpie/vg_corrected/include -DCHECK_FUNCTION_EXISTS=pthread_create   -o CMakeFiles/cmTC_bd31d.dir/CheckFunctionExists.c.o   -c /usr/share/cmake-3.16/Modules/CheckFunctionExists.c
Linking C executable cmTC_bd31d
/usr/bin/cmake -E cmake_link_script CMakeFiles/cmTC_bd31d.dir/link.txt --verbose=1
/usr/bin/gcc -I /home/projects/MAAG/Magpie/Magpie/vg_corrected/include -DCHECK_FUNCTION_EXISTS=pthread_create    -rdynamic CMakeFiles/cmTC_bd31d.dir/CheckFunctionExists.c.o  -o cmTC_bd31d  -lpthreads 
/usr/bin/ld: cannot find -lpthreads
collect2: error: ld returned 1 exit status
make[2]: *** [CMakeFiles/cmTC_bd31d.dir/build.make:87: cmTC_bd31d] Error 1
make[2]: Leaving directory '/home/projects/MAAG/Magpie/Magpie/vg_corrected/deps/sdsl-lite/build/CMakeFiles/CMakeTmp'
make[1]: *** [Makefile:121: cmTC_bd31d/fast] Error 2
make[1]: Leaving directory '/home/projects/MAAG/Magpie/Magpie/vg_corrected/deps/sdsl-lite/build/CMakeFiles/CMakeTmp'



